

================================================================
== Vitis HLS Report for 'AWBhistogram_17_17_1080_1920_1_1_1024_s'
================================================================
* Date:           Wed Sep  4 19:39:23 2024

* Version:        2022.1 (Build 3526262 on Mon Apr 18 15:47:01 MDT 2022)
* Project:        isppipeline.prj
* Solution:       sol1 (Vivado IP Flow Target)
* Product family: zynquplus
* Target device:  xck26-sfvc784-2LV-c


================================================================
== Performance Estimates
================================================================
+ Timing: 
    * Summary: 
    +--------+---------+----------+------------+
    |  Clock |  Target | Estimated| Uncertainty|
    +--------+---------+----------+------------+
    |ap_clk  |  3.30 ns|  2.409 ns|     0.89 ns|
    +--------+---------+----------+------------+

+ Latency: 
    * Summary: 
    +---------+---------+----------+----------+------+---------+---------+
    |  Latency (cycles) |  Latency (absolute) |    Interval    | Pipeline|
    |   min   |   max   |    min   |    max   |  min |   max   |   Type  |
    +---------+---------+----------+----------+------+---------+---------+
    |     2060|  1047498|  6.798 us|  3.457 ms|  2060|  1047498|       no|
    +---------+---------+----------+----------+------+---------+---------+

    + Detail: 
        * Instance: 
        +------------------------------------------------------------+--------------------------------------------------+---------+---------+----------+----------+------+---------+---------+
        |                                                            |                                                  |  Latency (cycles) |  Latency (absolute) |    Interval    | Pipeline|
        |                          Instance                          |                      Module                      |   min   |   max   |    min   |    max   |  min |   max   |   Type  |
        +------------------------------------------------------------+--------------------------------------------------+---------+---------+----------+----------+------+---------+---------+
        |grp_AWBhistogramkernel_17_17_1080_1920_1_21_1_1024_s_fu_64  |AWBhistogramkernel_17_17_1080_1920_1_21_1_1024_s  |     2059|  1047497|  6.795 us|  3.457 ms|  2059|  1047497|       no|
        +------------------------------------------------------------+--------------------------------------------------+---------+---------+----------+----------+------+---------+---------+

        * Loop: 
        N/A



================================================================
== Utilization Estimates
================================================================
* Summary: 
+-----------------+---------+------+--------+--------+-----+
|       Name      | BRAM_18K|  DSP |   FF   |   LUT  | URAM|
+-----------------+---------+------+--------+--------+-----+
|DSP              |        -|     -|       -|       -|    -|
|Expression       |        -|     -|       0|       2|    -|
|FIFO             |        -|     -|       -|       -|    -|
|Instance         |       12|     -|    1505|    2110|    -|
|Memory           |        -|     -|       -|       -|    -|
|Multiplexer      |        -|     -|       -|      41|    -|
|Register         |        -|     -|       4|       -|    -|
+-----------------+---------+------+--------+--------+-----+
|Total            |       12|     0|    1509|    2153|    0|
+-----------------+---------+------+--------+--------+-----+
|Available        |      288|  1248|  234240|  117120|   64|
+-----------------+---------+------+--------+--------+-----+
|Utilization (%)  |        4|     0|      ~0|       1|    0|
+-----------------+---------+------+--------+--------+-----+

+ Detail: 
    * Instance: 
    +------------------------------------------------------------+--------------------------------------------------+---------+----+------+------+-----+
    |                          Instance                          |                      Module                      | BRAM_18K| DSP|  FF  |  LUT | URAM|
    +------------------------------------------------------------+--------------------------------------------------+---------+----+------+------+-----+
    |grp_AWBhistogramkernel_17_17_1080_1920_1_21_1_1024_s_fu_64  |AWBhistogramkernel_17_17_1080_1920_1_21_1_1024_s  |       12|   0|  1505|  2110|    0|
    +------------------------------------------------------------+--------------------------------------------------+---------+----+------+------+-----+
    |Total                                                       |                                                  |       12|   0|  1505|  2110|    0|
    +------------------------------------------------------------+--------------------------------------------------+---------+----+------+------+-----+

    * DSP: 
    N/A

    * Memory: 
    N/A

    * FIFO: 
    N/A

    * Expression: 
    +-----------------+----------+----+---+----+------------+------------+
    |  Variable Name  | Operation| DSP| FF| LUT| Bitwidth P0| Bitwidth P1|
    +-----------------+----------+----+---+----+------------+------------+
    |ap_block_state1  |        or|   0|  0|   2|           1|           1|
    +-----------------+----------+----+---+----+------------+------------+
    |Total            |          |   0|  0|   2|           1|           1|
    +-----------------+----------+----+---+----+------------+------------+

    * Multiplexer: 
    +---------------------------+----+-----------+-----+-----------+
    |            Name           | LUT| Input Size| Bits| Total Bits|
    +---------------------------+----+-----------+-----+-----------+
    |ap_NS_fsm                  |  14|          3|    1|          3|
    |ap_done                    |   9|          2|    1|          2|
    |demosaic_out_data241_read  |   9|          2|    1|          2|
    |impop_data1_write          |   9|          2|    1|          2|
    +---------------------------+----+-----------+-----+-----------+
    |Total                      |  41|          9|    4|          9|
    +---------------------------+----+-----------+-----+-----------+

    * Register: 
    +-------------------------------------------------------------------------+---+----+-----+-----------+
    |                                   Name                                  | FF| LUT| Bits| Const Bits|
    +-------------------------------------------------------------------------+---+----+-----+-----------+
    |ap_CS_fsm                                                                |  2|   0|    2|          0|
    |ap_done_reg                                                              |  1|   0|    1|          0|
    |grp_AWBhistogramkernel_17_17_1080_1920_1_21_1_1024_s_fu_64_ap_start_reg  |  1|   0|    1|          0|
    +-------------------------------------------------------------------------+---+----+-----+-----------+
    |Total                                                                    |  4|   0|    4|          0|
    +-------------------------------------------------------------------------+---+----+-----+-----------+



================================================================
== Interface
================================================================
* Summary: 
+-------------------------------------+-----+-----+------------+----------------------------------------------+--------------+
|              RTL Ports              | Dir | Bits|  Protocol  |                 Source Object                |    C Type    |
+-------------------------------------+-----+-----+------------+----------------------------------------------+--------------+
|ap_clk                               |   in|    1|  ap_ctrl_hs|  AWBhistogram<17, 17, 1080, 1920, 1, 1, 1024>|  return value|
|ap_rst                               |   in|    1|  ap_ctrl_hs|  AWBhistogram<17, 17, 1080, 1920, 1, 1, 1024>|  return value|
|ap_start                             |   in|    1|  ap_ctrl_hs|  AWBhistogram<17, 17, 1080, 1920, 1, 1, 1024>|  return value|
|ap_done                              |  out|    1|  ap_ctrl_hs|  AWBhistogram<17, 17, 1080, 1920, 1, 1, 1024>|  return value|
|ap_continue                          |   in|    1|  ap_ctrl_hs|  AWBhistogram<17, 17, 1080, 1920, 1, 1, 1024>|  return value|
|ap_idle                              |  out|    1|  ap_ctrl_hs|  AWBhistogram<17, 17, 1080, 1920, 1, 1, 1024>|  return value|
|ap_ready                             |  out|    1|  ap_ctrl_hs|  AWBhistogram<17, 17, 1080, 1920, 1, 1, 1024>|  return value|
|p_read                               |   in|   11|     ap_none|                                        p_read|        scalar|
|p_read1                              |   in|   11|     ap_none|                                       p_read1|        scalar|
|demosaic_out_data241_dout            |   in|   30|     ap_fifo|                          demosaic_out_data241|       pointer|
|demosaic_out_data241_num_data_valid  |   in|    2|     ap_fifo|                          demosaic_out_data241|       pointer|
|demosaic_out_data241_fifo_cap        |   in|    2|     ap_fifo|                          demosaic_out_data241|       pointer|
|demosaic_out_data241_empty_n         |   in|    1|     ap_fifo|                          demosaic_out_data241|       pointer|
|demosaic_out_data241_read            |  out|    1|     ap_fifo|                          demosaic_out_data241|       pointer|
|impop_data1_din                      |  out|   30|     ap_fifo|                                   impop_data1|       pointer|
|impop_data1_num_data_valid           |   in|    2|     ap_fifo|                                   impop_data1|       pointer|
|impop_data1_fifo_cap                 |   in|    2|     ap_fifo|                                   impop_data1|       pointer|
|impop_data1_full_n                   |   in|    1|     ap_fifo|                                   impop_data1|       pointer|
|impop_data1_write                    |  out|    1|     ap_fifo|                                   impop_data1|       pointer|
|histogram_0_address0                 |  out|   10|   ap_memory|                                   histogram_0|         array|
|histogram_0_ce0                      |  out|    1|   ap_memory|                                   histogram_0|         array|
|histogram_0_we0                      |  out|    1|   ap_memory|                                   histogram_0|         array|
|histogram_0_d0                       |  out|   32|   ap_memory|                                   histogram_0|         array|
|histogram_1_address0                 |  out|   10|   ap_memory|                                   histogram_1|         array|
|histogram_1_ce0                      |  out|    1|   ap_memory|                                   histogram_1|         array|
|histogram_1_we0                      |  out|    1|   ap_memory|                                   histogram_1|         array|
|histogram_1_d0                       |  out|   32|   ap_memory|                                   histogram_1|         array|
|histogram_2_address0                 |  out|   10|   ap_memory|                                   histogram_2|         array|
|histogram_2_ce0                      |  out|    1|   ap_memory|                                   histogram_2|         array|
|histogram_2_we0                      |  out|    1|   ap_memory|                                   histogram_2|         array|
|histogram_2_d0                       |  out|   32|   ap_memory|                                   histogram_2|         array|
+-------------------------------------+-----+-----+------------+----------------------------------------------+--------------+

