

================================================================
== Vitis HLS Report for 'AWBNormalizationkernel_17_17_1080_1920_1_21_1_1024_2_Pipeline_Col_Loop1'
================================================================
* Date:           Wed Sep  4 19:39:24 2024

* Version:        2022.1 (Build 3526262 on Mon Apr 18 15:47:01 MDT 2022)
* Project:        isppipeline.prj
* Solution:       sol1 (Vivado IP Flow Target)
* Product family: zynquplus
* Target device:  xck26-sfvc784-2LV-c


================================================================
== Performance Estimates
================================================================
+ Timing: 
    * Summary: 
    +--------+---------+----------+------------+
    |  Clock |  Target | Estimated| Uncertainty|
    +--------+---------+----------+------------+
    |ap_clk  |  3.30 ns|  1.473 ns|     0.89 ns|
    +--------+---------+----------+------------+

+ Latency: 
    * Summary: 
    +---------+---------+----------+----------+------+------+---------+
    |  Latency (cycles) |  Latency (absolute) |   Interval  | Pipeline|
    |   min   |   max   |    min   |    max   |  min |  max |   Type  |
    +---------+---------+----------+----------+------+------+---------+
    |     1928|     1928|  6.362 us|  6.362 us|  1928|  1928|       no|
    +---------+---------+----------+----------+------+------+---------+

    + Detail: 
        * Instance: 
        N/A

        * Loop: 
        +-------------+---------+---------+----------+-----------+-----------+------+----------+
        |             |  Latency (cycles) | Iteration|  Initiation Interval  | Trip |          |
        |  Loop Name  |   min   |   max   |  Latency |  achieved |   target  | Count| Pipelined|
        +-------------+---------+---------+----------+-----------+-----------+------+----------+
        |- Col_Loop1  |     1926|     1926|         8|          1|          1|  1920|       yes|
        +-------------+---------+---------+----------+-----------+-----------+------+----------+



================================================================
== Utilization Estimates
================================================================
* Summary: 
+-----------------+---------+------+--------+--------+-----+
|       Name      | BRAM_18K|  DSP |   FF   |   LUT  | URAM|
+-----------------+---------+------+--------+--------+-----+
|DSP              |        -|     3|       -|       -|    -|
|Expression       |        -|     -|       0|     417|    -|
|FIFO             |        -|     -|       -|       -|    -|
|Instance         |        -|     -|       -|       -|    -|
|Memory           |        -|     -|       -|       -|    -|
|Multiplexer      |        -|     -|       -|      54|    -|
|Register         |        -|     -|     293|       -|    -|
+-----------------+---------+------+--------+--------+-----+
|Total            |        0|     3|     293|     471|    0|
+-----------------+---------+------+--------+--------+-----+
|Available        |      288|  1248|  234240|  117120|   64|
+-----------------+---------+------+--------+--------+-----+
|Utilization (%)  |        0|    ~0|      ~0|      ~0|    0|
+-----------------+---------+------+--------+--------+-----+

+ Detail: 
    * Instance: 
    N/A

    * DSP: 
    +-----------------------------+------------------------+-----------+
    |           Instance          |         Module         | Expression|
    +-----------------------------+------------------------+-----------+
    |mul_mul_26s_18s_44_4_1_U294  |mul_mul_26s_18s_44_4_1  |    i0 * i1|
    |mul_mul_26s_18s_44_4_1_U295  |mul_mul_26s_18s_44_4_1  |    i0 * i1|
    |mul_mul_26s_18s_44_4_1_U296  |mul_mul_26s_18s_44_4_1  |    i0 * i1|
    +-----------------------------+------------------------+-----------+

    * Memory: 
    N/A

    * FIFO: 
    N/A

    * Expression: 
    +---------------------------+----------+----+---+----+------------+------------+
    |       Variable Name       | Operation| DSP| FF| LUT| Bitwidth P0| Bitwidth P1|
    +---------------------------+----------+----+---+----+------------+------------+
    |col_V_4_fu_183_p2          |         +|   0|  0|  18|          11|           1|
    |r_V_14_fu_311_p2           |         -|   0|  0|  56|          49|          49|
    |r_V_17_fu_390_p2           |         -|   0|  0|  56|          49|          49|
    |r_V_20_fu_469_p2           |         -|   0|  0|  56|          49|          49|
    |value_V_1_fu_249_p2        |         -|   0|  0|  25|          18|          18|
    |value_V_2_fu_269_p2        |         -|   0|  0|  25|          18|          18|
    |value_V_fu_229_p2          |         -|   0|  0|  25|          18|          18|
    |icmp_ln377_fu_177_p2       |      icmp|   0|  0|  11|          11|          11|
    |icmp_ln44_1_fu_527_p2      |      icmp|   0|  0|  12|          15|           1|
    |icmp_ln44_2_fu_539_p2      |      icmp|   0|  0|  12|          15|           1|
    |icmp_ln44_fu_515_p2        |      icmp|   0|  0|  12|          15|           1|
    |ap_block_pp0_stage0_01001  |        or|   0|  0|   2|           1|           1|
    |dstval_V_2_fu_414_p3       |    select|   0|  0|  25|           1|           1|
    |dstval_V_3_fu_493_p3       |    select|   0|  0|  25|           1|           1|
    |dstval_V_fu_335_p3         |    select|   0|  0|  25|           1|           1|
    |select_ln260_3_fu_532_p3   |    select|   0|  0|  10|           1|           2|
    |select_ln260_4_fu_544_p3   |    select|   0|  0|  10|           1|           2|
    |select_ln260_fu_520_p3     |    select|   0|  0|  10|           1|           2|
    |ap_enable_pp0              |       xor|   0|  0|   2|           1|           2|
    +---------------------------+----------+----+---+----+------------+------------+
    |Total                      |          |   0|  0| 417|         276|         228|
    +---------------------------+----------+----+---+----+------------+------------+

    * Multiplexer: 
    +--------------------------+----+-----------+-----+-----------+
    |           Name           | LUT| Input Size| Bits| Total Bits|
    +--------------------------+----+-----------+-----+-----------+
    |ap_done_int               |   9|          2|    1|          2|
    |ap_enable_reg_pp0_iter1   |   9|          2|    1|          2|
    |ap_sig_allocacmp_col_V_3  |   9|          2|   11|         22|
    |col_V_fu_98               |   9|          2|   11|         22|
    |impop_data1_blk_n         |   9|          2|    1|          2|
    |ltm_in_data242_blk_n      |   9|          2|    1|          2|
    +--------------------------+----+-----------+-----+-----------+
    |Total                     |  54|         12|   26|         52|
    +--------------------------+----+-----------+-----+-----------+

    * Register: 
    +----------------------------------+----+----+-----+-----------+
    |               Name               | FF | LUT| Bits| Const Bits|
    +----------------------------------+----+----+-----+-----------+
    |ap_CS_fsm                         |   1|   0|    1|          0|
    |ap_done_reg                       |   1|   0|    1|          0|
    |ap_enable_reg_pp0_iter1           |   1|   0|    1|          0|
    |ap_enable_reg_pp0_iter2           |   1|   0|    1|          0|
    |ap_enable_reg_pp0_iter3           |   1|   0|    1|          0|
    |ap_enable_reg_pp0_iter4           |   1|   0|    1|          0|
    |ap_enable_reg_pp0_iter5           |   1|   0|    1|          0|
    |ap_enable_reg_pp0_iter6           |   1|   0|    1|          0|
    |ap_enable_reg_pp0_iter7           |   1|   0|    1|          0|
    |ap_loop_exit_ready_pp0_iter1_reg  |   1|   0|    1|          0|
    |ap_loop_exit_ready_pp0_iter2_reg  |   1|   0|    1|          0|
    |ap_loop_exit_ready_pp0_iter3_reg  |   1|   0|    1|          0|
    |ap_loop_exit_ready_pp0_iter4_reg  |   1|   0|    1|          0|
    |ap_loop_exit_ready_pp0_iter5_reg  |   1|   0|    1|          0|
    |ap_loop_exit_ready_pp0_iter6_reg  |   1|   0|    1|          0|
    |col_V_fu_98                       |  11|   0|   11|          0|
    |conv7_i184_1_cast_reg_604         |  44|   0|   44|          0|
    |conv7_i184_2_cast_reg_599         |  44|   0|   44|          0|
    |conv7_i184_cast_reg_609           |  44|   0|   44|          0|
    |select_ln260_3_reg_683            |  10|   0|   10|          0|
    |select_ln260_4_reg_688            |  10|   0|   10|          0|
    |select_ln260_reg_678              |  10|   0|   10|          0|
    |tmp_13_reg_623                    |  10|   0|   10|          0|
    |tmp_15_reg_628                    |  10|   0|   10|          0|
    |tmp_60_reg_648                    |  15|   0|   15|          0|
    |tmp_62_reg_658                    |  15|   0|   15|          0|
    |tmp_64_reg_668                    |  15|   0|   15|          0|
    |trunc_ln260_5_reg_663             |  10|   0|   10|          0|
    |trunc_ln260_6_reg_673             |  10|   0|   10|          0|
    |trunc_ln260_reg_653               |  10|   0|   10|          0|
    |trunc_ln859_reg_618               |  10|   0|   10|          0|
    +----------------------------------+----+----+-----+-----------+
    |Total                             | 293|   0|  293|          0|
    +----------------------------------+----+----+-----+-----------+



================================================================
== Interface
================================================================
* Summary: 
+-------------------------------+-----+-----+------------+----------------------------------------------------------------------------------+--------------+
|           RTL Ports           | Dir | Bits|  Protocol  |                                   Source Object                                  |    C Type    |
+-------------------------------+-----+-----+------------+----------------------------------------------------------------------------------+--------------+
|ap_clk                         |   in|    1|  ap_ctrl_hs|  AWBNormalizationkernel<17, 17, 1080, 1920, 1, 21, 1, 1024, 2>_Pipeline_Col_Loop1|  return value|
|ap_rst                         |   in|    1|  ap_ctrl_hs|  AWBNormalizationkernel<17, 17, 1080, 1920, 1, 21, 1, 1024, 2>_Pipeline_Col_Loop1|  return value|
|ap_start                       |   in|    1|  ap_ctrl_hs|  AWBNormalizationkernel<17, 17, 1080, 1920, 1, 21, 1, 1024, 2>_Pipeline_Col_Loop1|  return value|
|ap_done                        |  out|    1|  ap_ctrl_hs|  AWBNormalizationkernel<17, 17, 1080, 1920, 1, 21, 1, 1024, 2>_Pipeline_Col_Loop1|  return value|
|ap_idle                        |  out|    1|  ap_ctrl_hs|  AWBNormalizationkernel<17, 17, 1080, 1920, 1, 21, 1, 1024, 2>_Pipeline_Col_Loop1|  return value|
|ap_ready                       |  out|    1|  ap_ctrl_hs|  AWBNormalizationkernel<17, 17, 1080, 1920, 1, 21, 1, 1024, 2>_Pipeline_Col_Loop1|  return value|
|impop_data1_dout               |   in|   30|     ap_fifo|                                                                       impop_data1|       pointer|
|impop_data1_num_data_valid     |   in|    2|     ap_fifo|                                                                       impop_data1|       pointer|
|impop_data1_fifo_cap           |   in|    2|     ap_fifo|                                                                       impop_data1|       pointer|
|impop_data1_empty_n            |   in|    1|     ap_fifo|                                                                       impop_data1|       pointer|
|impop_data1_read               |  out|    1|     ap_fifo|                                                                       impop_data1|       pointer|
|ltm_in_data242_din             |  out|   30|     ap_fifo|                                                                    ltm_in_data242|       pointer|
|ltm_in_data242_num_data_valid  |   in|    2|     ap_fifo|                                                                    ltm_in_data242|       pointer|
|ltm_in_data242_fifo_cap        |   in|    2|     ap_fifo|                                                                    ltm_in_data242|       pointer|
|ltm_in_data242_full_n          |   in|    1|     ap_fifo|                                                                    ltm_in_data242|       pointer|
|ltm_in_data242_write           |  out|    1|     ap_fifo|                                                                    ltm_in_data242|       pointer|
|p_read1                        |   in|   11|     ap_none|                                                                           p_read1|        scalar|
|empty_100                      |   in|   18|     ap_none|                                                                         empty_100|        scalar|
|conv7_i184                     |   in|   26|     ap_none|                                                                        conv7_i184|        scalar|
|empty_101                      |   in|   18|     ap_none|                                                                         empty_101|        scalar|
|conv7_i184_1                   |   in|   26|     ap_none|                                                                      conv7_i184_1|        scalar|
|empty                          |   in|   18|     ap_none|                                                                             empty|        scalar|
|conv7_i184_2                   |   in|   26|     ap_none|                                                                      conv7_i184_2|        scalar|
+-------------------------------+-----+-----+------------+----------------------------------------------------------------------------------+--------------+

