

================================================================
== Vitis HLS Report for 'AXIVideo2BayerMat_13_1080_1920_1_Pipeline_loop_col_zxi2mat'
================================================================
* Date:           Wed Sep  4 19:39:19 2024

* Version:        2022.1 (Build 3526262 on Mon Apr 18 15:47:01 MDT 2022)
* Project:        isppipeline.prj
* Solution:       sol1 (Vivado IP Flow Target)
* Product family: zynquplus
* Target device:  xck26-sfvc784-2LV-c


================================================================
== Performance Estimates
================================================================
+ Timing: 
    * Summary: 
    +--------+---------+----------+------------+
    |  Clock |  Target | Estimated| Uncertainty|
    +--------+---------+----------+------------+
    |ap_clk  |  3.30 ns|  1.371 ns|     0.89 ns|
    +--------+---------+----------+------------+

+ Latency: 
    * Summary: 
    +---------+---------+----------+----------+-----+------+---------+
    |  Latency (cycles) |  Latency (absolute) |  Interval  | Pipeline|
    |   min   |   max   |    min   |    max   | min |  max |   Type  |
    +---------+---------+----------+----------+-----+------+---------+
    |        3|     1922|  9.900 ns|  6.343 us|    3|  1922|       no|
    +---------+---------+----------+----------+-----+------+---------+

    + Detail: 
        * Instance: 
        N/A

        * Loop: 
        +--------------------+---------+---------+----------+-----------+-----------+----------+----------+
        |                    |  Latency (cycles) | Iteration|  Initiation Interval  |   Trip   |          |
        |      Loop Name     |   min   |   max   |  Latency |  achieved |   target  |   Count  | Pipelined|
        +--------------------+---------+---------+----------+-----------+-----------+----------+----------+
        |- loop_col_zxi2mat  |        1|     1920|         2|          1|          1|  1 ~ 1920|       yes|
        +--------------------+---------+---------+----------+-----------+-----------+----------+----------+



================================================================
== Utilization Estimates
================================================================
* Summary: 
+-----------------+---------+------+--------+--------+-----+
|       Name      | BRAM_18K|  DSP |   FF   |   LUT  | URAM|
+-----------------+---------+------+--------+--------+-----+
|DSP              |        -|     -|       -|       -|    -|
|Expression       |        -|     -|       0|      47|    -|
|FIFO             |        -|     -|       -|       -|    -|
|Instance         |        -|     -|       -|       -|    -|
|Memory           |        -|     -|       -|       -|    -|
|Multiplexer      |        -|     -|       -|     104|    -|
|Register         |        -|     -|      33|       -|    -|
+-----------------+---------+------+--------+--------+-----+
|Total            |        0|     0|      33|     151|    0|
+-----------------+---------+------+--------+--------+-----+
|Available        |      288|  1248|  234240|  117120|   64|
+-----------------+---------+------+--------+--------+-----+
|Utilization (%)  |        0|     0|      ~0|      ~0|    0|
+-----------------+---------+------+--------+--------+-----+

+ Detail: 
    * Instance: 
    N/A

    * DSP: 
    N/A

    * Memory: 
    N/A

    * FIFO: 
    N/A

    * Expression: 
    +----------------------------------+----------+----+---+----+------------+------------+
    |           Variable Name          | Operation| DSP| FF| LUT| Bitwidth P0| Bitwidth P1|
    +----------------------------------+----------+----+---+----+------------+------------+
    |j_4_fu_197_p2                     |         +|   0|  0|  18|          11|           1|
    |ap_block_state1_pp0_stage0_iter0  |       and|   0|  0|   2|           1|           1|
    |ap_block_state2_pp0_stage0_iter1  |       and|   0|  0|   2|           1|           1|
    |ap_condition_221                  |       and|   0|  0|   2|           1|           1|
    |ap_condition_224                  |       and|   0|  0|   2|           1|           1|
    |ap_condition_229                  |       and|   0|  0|   2|           1|           1|
    |ap_predicate_op35_read_state1     |       and|   0|  0|   2|           1|           1|
    |icmp_ln67_fu_191_p2               |      icmp|   0|  0|  11|          11|          11|
    |ap_block_pp0_stage0_01001         |        or|   0|  0|   2|           1|           1|
    |or_ln74_fu_203_p2                 |        or|   0|  0|   2|           1|           1|
    |ap_enable_pp0                     |       xor|   0|  0|   2|           1|           2|
    +----------------------------------+----------+----+---+----+------------+------------+
    |Total                             |          |   0|  0|  47|          31|          22|
    +----------------------------------+----------+----+---+----+------------+------------+

    * Multiplexer: 
    +--------------------------------+----+-----------+-----+-----------+
    |              Name              | LUT| Input Size| Bits| Total Bits|
    +--------------------------------+----+-----------+-----+-----------+
    |ap_done_int                     |   9|          2|    1|          2|
    |ap_enable_reg_pp0_iter1         |   9|          2|    1|          2|
    |ap_phi_mux_last_phi_fu_154_p4   |  14|          3|    1|          3|
    |ap_phi_mux_start_phi_fu_165_p4  |   9|          2|    1|          2|
    |ap_sig_allocacmp_j              |   9|          2|   11|         22|
    |axi_data_V_fu_84                |   9|          2|   16|         32|
    |axi_last_V_fu_80                |   9|          2|    1|          2|
    |imgInput1_data238_blk_n         |   9|          2|    1|          2|
    |j_3_fu_76                       |   9|          2|   11|         22|
    |last_reg_151                    |   9|          2|    1|          2|
    |s_axis_video_TDATA_blk_n        |   9|          2|    1|          2|
    +--------------------------------+----+-----------+-----+-----------+
    |Total                           | 104|         23|   46|         93|
    +--------------------------------+----+-----------+-----+-----------+

    * Register: 
    +-------------------------+----+----+-----+-----------+
    |           Name          | FF | LUT| Bits| Const Bits|
    +-------------------------+----+----+-----+-----------+
    |ap_CS_fsm                |   1|   0|    1|          0|
    |ap_done_reg              |   1|   0|    1|          0|
    |ap_enable_reg_pp0_iter1  |   1|   0|    1|          0|
    |axi_data_V_fu_84         |  16|   0|   16|          0|
    |axi_last_V_fu_80         |   1|   0|    1|          0|
    |icmp_ln67_reg_269        |   1|   0|    1|          0|
    |j_3_fu_76                |  11|   0|   11|          0|
    |last_reg_151             |   1|   0|    1|          0|
    +-------------------------+----+----+-----+-----------+
    |Total                    |  33|   0|   33|          0|
    +-------------------------+----+----+-----+-----------+



================================================================
== Interface
================================================================
* Summary: 
+----------------------------------+-----+-----+------------+----------------------------------------------------------------+--------------+
|             RTL Ports            | Dir | Bits|  Protocol  |                          Source Object                         |    C Type    |
+----------------------------------+-----+-----+------------+----------------------------------------------------------------+--------------+
|ap_clk                            |   in|    1|  ap_ctrl_hs|  AXIVideo2BayerMat<13, 1080, 1920, 1>_Pipeline_loop_col_zxi2mat|  return value|
|ap_rst                            |   in|    1|  ap_ctrl_hs|  AXIVideo2BayerMat<13, 1080, 1920, 1>_Pipeline_loop_col_zxi2mat|  return value|
|ap_start                          |   in|    1|  ap_ctrl_hs|  AXIVideo2BayerMat<13, 1080, 1920, 1>_Pipeline_loop_col_zxi2mat|  return value|
|ap_done                           |  out|    1|  ap_ctrl_hs|  AXIVideo2BayerMat<13, 1080, 1920, 1>_Pipeline_loop_col_zxi2mat|  return value|
|ap_idle                           |  out|    1|  ap_ctrl_hs|  AXIVideo2BayerMat<13, 1080, 1920, 1>_Pipeline_loop_col_zxi2mat|  return value|
|ap_ready                          |  out|    1|  ap_ctrl_hs|  AXIVideo2BayerMat<13, 1080, 1920, 1>_Pipeline_loop_col_zxi2mat|  return value|
|s_axis_video_TVALID               |   in|    1|        axis|                                           s_axis_video_V_data_V|       pointer|
|s_axis_video_TDATA                |   in|   16|        axis|                                           s_axis_video_V_data_V|       pointer|
|imgInput1_data238_din             |  out|   10|     ap_fifo|                                               imgInput1_data238|       pointer|
|imgInput1_data238_num_data_valid  |   in|    2|     ap_fifo|                                               imgInput1_data238|       pointer|
|imgInput1_data238_fifo_cap        |   in|    2|     ap_fifo|                                               imgInput1_data238|       pointer|
|imgInput1_data238_full_n          |   in|    1|     ap_fifo|                                               imgInput1_data238|       pointer|
|imgInput1_data238_write           |  out|    1|     ap_fifo|                                               imgInput1_data238|       pointer|
|start_2                           |   in|    1|     ap_none|                                                         start_2|        scalar|
|axi_data_V_2                      |   in|   16|     ap_none|                                                    axi_data_V_2|        scalar|
|axi_last_V_2                      |   in|    1|     ap_none|                                                    axi_last_V_2|        scalar|
|p_read1                           |   in|   11|     ap_none|                                                         p_read1|        scalar|
|s_axis_video_TREADY               |  out|    1|        axis|                                           s_axis_video_V_dest_V|       pointer|
|s_axis_video_TDEST                |   in|    1|        axis|                                           s_axis_video_V_dest_V|       pointer|
|s_axis_video_TKEEP                |   in|    2|        axis|                                           s_axis_video_V_keep_V|       pointer|
|s_axis_video_TSTRB                |   in|    2|        axis|                                           s_axis_video_V_strb_V|       pointer|
|s_axis_video_TUSER                |   in|    1|        axis|                                           s_axis_video_V_user_V|       pointer|
|s_axis_video_TLAST                |   in|    1|        axis|                                           s_axis_video_V_last_V|       pointer|
|s_axis_video_TID                  |   in|    1|        axis|                                             s_axis_video_V_id_V|       pointer|
|last_out                          |  out|    1|      ap_vld|                                                        last_out|       pointer|
|last_out_ap_vld                   |  out|    1|      ap_vld|                                                        last_out|       pointer|
|axi_data_V_3_out                  |  out|   16|      ap_vld|                                                axi_data_V_3_out|       pointer|
|axi_data_V_3_out_ap_vld           |  out|    1|      ap_vld|                                                axi_data_V_3_out|       pointer|
+----------------------------------+-----+-----+------------+----------------------------------------------------------------+--------------+

