

================================================================
== Vitis HLS Report for 'AXIVideo2BayerMat_13_1080_1920_1_s'
================================================================
* Date:           Wed Sep  4 19:39:19 2024

* Version:        2022.1 (Build 3526262 on Mon Apr 18 15:47:01 MDT 2022)
* Project:        isppipeline.prj
* Solution:       sol1 (Vivado IP Flow Target)
* Product family: zynquplus
* Target device:  xck26-sfvc784-2LV-c


================================================================
== Performance Estimates
================================================================
+ Timing: 
    * Summary: 
    +--------+---------+----------+------------+
    |  Clock |  Target | Estimated| Uncertainty|
    +--------+---------+----------+------------+
    |ap_clk  |  3.30 ns|  2.409 ns|     0.89 ns|
    +--------+---------+----------+------------+

+ Latency: 
    * Summary: 
    +---------+---------+-----------+----------+-----+---------+---------+
    |  Latency (cycles) |  Latency (absolute)  |    Interval   | Pipeline|
    |   min   |   max   |    min    |    max   | min |   max   |   Type  |
    +---------+---------+-----------+----------+-----+---------+---------+
    |        6|  2084406|  19.800 ns|  6.879 ms|    6|  2084406|       no|
    +---------+---------+-----------+----------+-----+---------+---------+

    + Detail: 
        * Instance: 
        +-----------------------------------------------------------------------+------------------------------------------------------------+---------+---------+----------+----------+-----+------+---------+
        |                                                                       |                                                            |  Latency (cycles) |  Latency (absolute) |  Interval  | Pipeline|
        |                                Instance                               |                           Module                           |   min   |   max   |    min   |    max   | min |  max |   Type  |
        +-----------------------------------------------------------------------+------------------------------------------------------------+---------+---------+----------+----------+-----+------+---------+
        |grp_AXIVideo2BayerMat_13_1080_1920_1_Pipeline_loop_start_hunt_fu_181   |AXIVideo2BayerMat_13_1080_1920_1_Pipeline_loop_start_hunt   |        2|        2|  6.600 ns|  6.600 ns|    2|     2|       no|
        |grp_AXIVideo2BayerMat_13_1080_1920_1_Pipeline_loop_col_zxi2mat_fu_201  |AXIVideo2BayerMat_13_1080_1920_1_Pipeline_loop_col_zxi2mat  |        3|     1922|  9.900 ns|  6.343 us|    3|  1922|       no|
        |grp_AXIVideo2BayerMat_13_1080_1920_1_Pipeline_loop_last_hunt_fu_228    |AXIVideo2BayerMat_13_1080_1920_1_Pipeline_loop_last_hunt    |        2|        2|  6.600 ns|  6.600 ns|    2|     2|       no|
        +-----------------------------------------------------------------------+------------------------------------------------------------+---------+---------+----------+----------+-----+------+---------+

        * Loop: 
        +--------------------+---------+---------+----------+-----------+-----------+----------+----------+
        |                    |  Latency (cycles) | Iteration|  Initiation Interval  |   Trip   |          |
        |      Loop Name     |   min   |   max   |  Latency |  achieved |   target  |   Count  | Pipelined|
        +--------------------+---------+---------+----------+-----------+-----------+----------+----------+
        |- loop_row_axi2mat  |        0|  2084400|  7 ~ 1930|          -|          -|  0 ~ 1080|        no|
        +--------------------+---------+---------+----------+-----------+-----------+----------+----------+



================================================================
== Utilization Estimates
================================================================
* Summary: 
+-----------------+---------+------+--------+--------+-----+
|       Name      | BRAM_18K|  DSP |   FF   |   LUT  | URAM|
+-----------------+---------+------+--------+--------+-----+
|DSP              |        -|     -|       -|       -|    -|
|Expression       |        -|     -|       0|      42|    -|
|FIFO             |        -|     -|       -|       -|    -|
|Instance         |        -|     -|      40|     237|    -|
|Memory           |        -|     -|       -|       -|    -|
|Multiplexer      |        -|     -|       -|     178|    -|
|Register         |        -|     -|      75|       -|    -|
+-----------------+---------+------+--------+--------+-----+
|Total            |        0|     0|     115|     457|    0|
+-----------------+---------+------+--------+--------+-----+
|Available        |      288|  1248|  234240|  117120|   64|
+-----------------+---------+------+--------+--------+-----+
|Utilization (%)  |        0|     0|      ~0|      ~0|    0|
+-----------------+---------+------+--------+--------+-----+

+ Detail: 
    * Instance: 
    +-----------------------------------------------------------------------+------------------------------------------------------------+---------+----+----+-----+-----+
    |                                Instance                               |                           Module                           | BRAM_18K| DSP| FF | LUT | URAM|
    +-----------------------------------------------------------------------+------------------------------------------------------------+---------+----+----+-----+-----+
    |grp_AXIVideo2BayerMat_13_1080_1920_1_Pipeline_loop_col_zxi2mat_fu_201  |AXIVideo2BayerMat_13_1080_1920_1_Pipeline_loop_col_zxi2mat  |        0|   0|  33|  151|    0|
    |grp_AXIVideo2BayerMat_13_1080_1920_1_Pipeline_loop_last_hunt_fu_228    |AXIVideo2BayerMat_13_1080_1920_1_Pipeline_loop_last_hunt    |        0|   0|   4|   52|    0|
    |grp_AXIVideo2BayerMat_13_1080_1920_1_Pipeline_loop_start_hunt_fu_181   |AXIVideo2BayerMat_13_1080_1920_1_Pipeline_loop_start_hunt   |        0|   0|   3|   34|    0|
    +-----------------------------------------------------------------------+------------------------------------------------------------+---------+----+----+-----+-----+
    |Total                                                                  |                                                            |        0|   0|  40|  237|    0|
    +-----------------------------------------------------------------------+------------------------------------------------------------+---------+----+----+-----+-----+

    * DSP: 
    N/A

    * Memory: 
    N/A

    * FIFO: 
    N/A

    * Expression: 
    +---------------------+----------+----+---+----+------------+------------+
    |    Variable Name    | Operation| DSP| FF| LUT| Bitwidth P0| Bitwidth P1|
    +---------------------+----------+----+---+----+------------+------------+
    |i_8_fu_284_p2        |         +|   0|  0|  18|          11|           1|
    |cmp41_fu_267_p2      |      icmp|   0|  0|  11|          11|           1|
    |icmp_ln61_fu_279_p2  |      icmp|   0|  0|  11|          11|          11|
    |ap_block_state1      |        or|   0|  0|   2|           1|           1|
    +---------------------+----------+----+---+----+------------+------------+
    |Total                |          |   0|  0|  42|          34|          14|
    +---------------------+----------+----+---+----+------------+------------+

    * Multiplexer: 
    +--------------------------+----+-----------+-----+-----------+
    |           Name           | LUT| Input Size| Bits| Total Bits|
    +--------------------------+----+-----------+-----+-----------+
    |ap_NS_fsm                 |  59|         11|    1|         11|
    |ap_done                   |   9|          2|    1|          2|
    |axi_data_2_lcssa_reg_159  |   9|          2|   16|         32|
    |axi_data_V_2_fu_86        |   9|          2|   16|         32|
    |axi_last_2_lcssa_reg_148  |   9|          2|    1|          2|
    |axi_last_V_2_reg_138      |   9|          2|    1|          2|
    |i_fu_82                   |   9|          2|   11|         22|
    |imgInput1_cols_c_blk_n    |   9|          2|    1|          2|
    |imgInput1_data238_write   |   9|          2|    1|          2|
    |imgInput1_rows_c_blk_n    |   9|          2|    1|          2|
    |last_0_lcssa_reg_169      |   9|          2|    1|          2|
    |real_start                |   9|          2|    1|          2|
    |s_axis_video_TREADY       |  20|          4|    1|          4|
    +--------------------------+----+-----------+-----+-----------+
    |Total                     | 178|         37|   53|        117|
    +--------------------------+----+-----------+-----+-----------+

    * Register: 
    +------------------------------------------------------------------------------------+----+----+-----+-----------+
    |                                        Name                                        | FF | LUT| Bits| Const Bits|
    +------------------------------------------------------------------------------------+----+----+-----+-----------+
    |ap_CS_fsm                                                                           |  10|   0|   10|          0|
    |ap_done_reg                                                                         |   1|   0|    1|          0|
    |axi_data_2_lcssa_reg_159                                                            |  16|   0|   16|          0|
    |axi_data_V_2_fu_86                                                                  |  16|   0|   16|          0|
    |axi_last_2_lcssa_reg_148                                                            |   1|   0|    1|          0|
    |axi_last_V_2_reg_138                                                                |   1|   0|    1|          0|
    |axi_last_V_4_loc_fu_94                                                              |   1|   0|    1|          0|
    |cmp41_reg_371                                                                       |   1|   0|    1|          0|
    |grp_AXIVideo2BayerMat_13_1080_1920_1_Pipeline_loop_col_zxi2mat_fu_201_ap_start_reg  |   1|   0|    1|          0|
    |grp_AXIVideo2BayerMat_13_1080_1920_1_Pipeline_loop_last_hunt_fu_228_ap_start_reg    |   1|   0|    1|          0|
    |grp_AXIVideo2BayerMat_13_1080_1920_1_Pipeline_loop_start_hunt_fu_181_ap_start_reg   |   1|   0|    1|          0|
    |i_8_reg_381                                                                         |  11|   0|   11|          0|
    |i_fu_82                                                                             |  11|   0|   11|          0|
    |last_0_lcssa_reg_169                                                                |   1|   0|    1|          0|
    |start_fu_90                                                                         |   1|   0|    1|          0|
    |start_once_reg                                                                      |   1|   0|    1|          0|
    +------------------------------------------------------------------------------------+----+----+-----+-----------+
    |Total                                                                               |  75|   0|   75|          0|
    +------------------------------------------------------------------------------------+----+----+-----+-----------+



================================================================
== Interface
================================================================
* Summary: 
+----------------------------------+-----+-----+------------+--------------------------------------+--------------+
|             RTL Ports            | Dir | Bits|  Protocol  |             Source Object            |    C Type    |
+----------------------------------+-----+-----+------------+--------------------------------------+--------------+
|ap_clk                            |   in|    1|  ap_ctrl_hs|  AXIVideo2BayerMat<13, 1080, 1920, 1>|  return value|
|ap_rst                            |   in|    1|  ap_ctrl_hs|  AXIVideo2BayerMat<13, 1080, 1920, 1>|  return value|
|ap_start                          |   in|    1|  ap_ctrl_hs|  AXIVideo2BayerMat<13, 1080, 1920, 1>|  return value|
|start_full_n                      |   in|    1|  ap_ctrl_hs|  AXIVideo2BayerMat<13, 1080, 1920, 1>|  return value|
|ap_done                           |  out|    1|  ap_ctrl_hs|  AXIVideo2BayerMat<13, 1080, 1920, 1>|  return value|
|ap_continue                       |   in|    1|  ap_ctrl_hs|  AXIVideo2BayerMat<13, 1080, 1920, 1>|  return value|
|ap_idle                           |  out|    1|  ap_ctrl_hs|  AXIVideo2BayerMat<13, 1080, 1920, 1>|  return value|
|ap_ready                          |  out|    1|  ap_ctrl_hs|  AXIVideo2BayerMat<13, 1080, 1920, 1>|  return value|
|start_out                         |  out|    1|  ap_ctrl_hs|  AXIVideo2BayerMat<13, 1080, 1920, 1>|  return value|
|start_write                       |  out|    1|  ap_ctrl_hs|  AXIVideo2BayerMat<13, 1080, 1920, 1>|  return value|
|s_axis_video_TDATA                |   in|   16|        axis|                 s_axis_video_V_data_V|       pointer|
|s_axis_video_TVALID               |   in|    1|        axis|                 s_axis_video_V_dest_V|       pointer|
|s_axis_video_TREADY               |  out|    1|        axis|                 s_axis_video_V_dest_V|       pointer|
|s_axis_video_TDEST                |   in|    1|        axis|                 s_axis_video_V_dest_V|       pointer|
|s_axis_video_TKEEP                |   in|    2|        axis|                 s_axis_video_V_keep_V|       pointer|
|s_axis_video_TSTRB                |   in|    2|        axis|                 s_axis_video_V_strb_V|       pointer|
|s_axis_video_TUSER                |   in|    1|        axis|                 s_axis_video_V_user_V|       pointer|
|s_axis_video_TLAST                |   in|    1|        axis|                 s_axis_video_V_last_V|       pointer|
|s_axis_video_TID                  |   in|    1|        axis|                   s_axis_video_V_id_V|       pointer|
|p_read                            |   in|   11|     ap_none|                                p_read|        scalar|
|p_read1                           |   in|   11|     ap_none|                               p_read1|        scalar|
|imgInput1_data238_din             |  out|   10|     ap_fifo|                     imgInput1_data238|       pointer|
|imgInput1_data238_num_data_valid  |   in|    2|     ap_fifo|                     imgInput1_data238|       pointer|
|imgInput1_data238_fifo_cap        |   in|    2|     ap_fifo|                     imgInput1_data238|       pointer|
|imgInput1_data238_full_n          |   in|    1|     ap_fifo|                     imgInput1_data238|       pointer|
|imgInput1_data238_write           |  out|    1|     ap_fifo|                     imgInput1_data238|       pointer|
|imgInput1_rows_c_din              |  out|   11|     ap_fifo|                      imgInput1_rows_c|       pointer|
|imgInput1_rows_c_num_data_valid   |   in|    2|     ap_fifo|                      imgInput1_rows_c|       pointer|
|imgInput1_rows_c_fifo_cap         |   in|    2|     ap_fifo|                      imgInput1_rows_c|       pointer|
|imgInput1_rows_c_full_n           |   in|    1|     ap_fifo|                      imgInput1_rows_c|       pointer|
|imgInput1_rows_c_write            |  out|    1|     ap_fifo|                      imgInput1_rows_c|       pointer|
|imgInput1_cols_c_din              |  out|   11|     ap_fifo|                      imgInput1_cols_c|       pointer|
|imgInput1_cols_c_num_data_valid   |   in|    2|     ap_fifo|                      imgInput1_cols_c|       pointer|
|imgInput1_cols_c_fifo_cap         |   in|    2|     ap_fifo|                      imgInput1_cols_c|       pointer|
|imgInput1_cols_c_full_n           |   in|    1|     ap_fifo|                      imgInput1_cols_c|       pointer|
|imgInput1_cols_c_write            |  out|    1|     ap_fifo|                      imgInput1_cols_c|       pointer|
+----------------------------------+-----+-----+------------+--------------------------------------+--------------+

