

================================================================
== Vitis HLS Report for 'ColorMat2AXIvideo_9_1080_1920_1_Pipeline_loop_col_mat2axi'
================================================================
* Date:           Wed Sep  4 19:39:30 2024

* Version:        2022.1 (Build 3526262 on Mon Apr 18 15:47:01 MDT 2022)
* Project:        isppipeline.prj
* Solution:       sol1 (Vivado IP Flow Target)
* Product family: zynquplus
* Target device:  xck26-sfvc784-2LV-c


================================================================
== Performance Estimates
================================================================
+ Timing: 
    * Summary: 
    +--------+---------+----------+------------+
    |  Clock |  Target | Estimated| Uncertainty|
    +--------+---------+----------+------------+
    |ap_clk  |  3.30 ns|  1.371 ns|     0.89 ns|
    +--------+---------+----------+------------+

+ Latency: 
    * Summary: 
    +---------+---------+-----------+----------+-----+------+---------+
    |  Latency (cycles) |  Latency (absolute)  |  Interval  | Pipeline|
    |   min   |   max   |    min    |    max   | min |  max |   Type  |
    +---------+---------+-----------+----------+-----+------+---------+
    |        4|     1923|  13.200 ns|  6.346 us|    4|  1923|       no|
    +---------+---------+-----------+----------+-----+------+---------+

    + Detail: 
        * Instance: 
        N/A

        * Loop: 
        +--------------------+---------+---------+----------+-----------+-----------+----------+----------+
        |                    |  Latency (cycles) | Iteration|  Initiation Interval  |   Trip   |          |
        |      Loop Name     |   min   |   max   |  Latency |  achieved |   target  |   Count  | Pipelined|
        +--------------------+---------+---------+----------+-----------+-----------+----------+----------+
        |- loop_col_mat2axi  |        2|     1921|         2|          1|          1|  1 ~ 1920|       yes|
        +--------------------+---------+---------+----------+-----------+-----------+----------+----------+



================================================================
== Utilization Estimates
================================================================
* Summary: 
+-----------------+---------+------+--------+--------+-----+
|       Name      | BRAM_18K|  DSP |   FF   |   LUT  | URAM|
+-----------------+---------+------+--------+--------+-----+
|DSP              |        -|     -|       -|       -|    -|
|Expression       |        -|     -|       0|      53|    -|
|FIFO             |        -|     -|       -|       -|    -|
|Instance         |        -|     -|       -|       -|    -|
|Memory           |        -|     -|       -|       -|    -|
|Multiplexer      |        -|     -|       -|      63|    -|
|Register         |        -|     -|      18|       -|    -|
+-----------------+---------+------+--------+--------+-----+
|Total            |        0|     0|      18|     116|    0|
+-----------------+---------+------+--------+--------+-----+
|Available        |      288|  1248|  234240|  117120|   64|
+-----------------+---------+------+--------+--------+-----+
|Utilization (%)  |        0|     0|      ~0|      ~0|    0|
+-----------------+---------+------+--------+--------+-----+

+ Detail: 
    * Instance: 
    N/A

    * DSP: 
    N/A

    * Memory: 
    N/A

    * FIFO: 
    N/A

    * Expression: 
    +----------------------------------+----------+----+---+----+------------+------------+
    |           Variable Name          | Operation| DSP| FF| LUT| Bitwidth P0| Bitwidth P1|
    +----------------------------------+----------+----+---+----+------------+------------+
    |j_2_fu_171_p2                     |         +|   0|  0|  18|          11|           1|
    |ap_block_pp0_stage0_01001         |       and|   0|  0|   2|           1|           1|
    |ap_block_pp0_stage0_11001         |       and|   0|  0|   2|           1|           1|
    |ap_block_state2_io                |       and|   0|  0|   2|           1|           1|
    |ap_condition_203                  |       and|   0|  0|   2|           1|           1|
    |axi_last_V_fu_177_p2              |      icmp|   0|  0|  12|          12|          12|
    |icmp_ln125_fu_165_p2              |      icmp|   0|  0|  11|          11|          11|
    |ap_block_state2_pp0_stage0_iter1  |        or|   0|  0|   2|           1|           1|
    |ap_enable_pp0                     |       xor|   0|  0|   2|           1|           2|
    +----------------------------------+----------+----+---+----+------------+------------+
    |Total                             |          |   0|  0|  53|          40|          31|
    +----------------------------------+----------+----+---+----+------------+------------+

    * Multiplexer: 
    +----------------------------------+----+-----------+-----+-----------+
    |               Name               | LUT| Input Size| Bits| Total Bits|
    +----------------------------------+----+-----------+-----+-----------+
    |ap_done_int                       |   9|          2|    1|          2|
    |ap_loop_exit_ready_pp0_iter1_reg  |   9|          2|    1|          2|
    |ap_sig_allocacmp_j                |   9|          2|   11|         22|
    |j_1_fu_84                         |   9|          2|   11|         22|
    |m_axis_video_TDATA_blk_n          |   9|          2|    1|          2|
    |p_dst_data244_blk_n               |   9|          2|    1|          2|
    |sof_2_reg_141                     |   9|          2|    1|          2|
    +----------------------------------+----+-----------+-----+-----------+
    |Total                             |  63|         14|   27|         54|
    +----------------------------------+----+-----------+-----+-----------+

    * Register: 
    +----------------------------------+----+----+-----+-----------+
    |               Name               | FF | LUT| Bits| Const Bits|
    +----------------------------------+----+----+-----+-----------+
    |ap_CS_fsm                         |   1|   0|    1|          0|
    |ap_done_reg                       |   1|   0|    1|          0|
    |ap_enable_reg_pp0_iter1           |   1|   0|    1|          0|
    |ap_loop_exit_ready_pp0_iter1_reg  |   1|   0|    1|          0|
    |axi_last_V_reg_239                |   1|   0|    1|          0|
    |icmp_ln125_reg_235                |   1|   0|    1|          0|
    |j_1_fu_84                         |  11|   0|   11|          0|
    |sof_2_reg_141                     |   1|   0|    1|          0|
    +----------------------------------+----+----+-----+-----------+
    |Total                             |  18|   0|   18|          0|
    +----------------------------------+----+----+-----+-----------+



================================================================
== Interface
================================================================
* Summary: 
+------------------------------+-----+-----+------------+---------------------------------------------------------------+--------------+
|           RTL Ports          | Dir | Bits|  Protocol  |                         Source Object                         |    C Type    |
+------------------------------+-----+-----+------------+---------------------------------------------------------------+--------------+
|ap_clk                        |   in|    1|  ap_ctrl_hs|  ColorMat2AXIvideo<9, 1080, 1920, 1>_Pipeline_loop_col_mat2axi|  return value|
|ap_rst                        |   in|    1|  ap_ctrl_hs|  ColorMat2AXIvideo<9, 1080, 1920, 1>_Pipeline_loop_col_mat2axi|  return value|
|ap_start                      |   in|    1|  ap_ctrl_hs|  ColorMat2AXIvideo<9, 1080, 1920, 1>_Pipeline_loop_col_mat2axi|  return value|
|ap_done                       |  out|    1|  ap_ctrl_hs|  ColorMat2AXIvideo<9, 1080, 1920, 1>_Pipeline_loop_col_mat2axi|  return value|
|ap_idle                       |  out|    1|  ap_ctrl_hs|  ColorMat2AXIvideo<9, 1080, 1920, 1>_Pipeline_loop_col_mat2axi|  return value|
|ap_ready                      |  out|    1|  ap_ctrl_hs|  ColorMat2AXIvideo<9, 1080, 1920, 1>_Pipeline_loop_col_mat2axi|  return value|
|p_dst_data244_dout            |   in|   24|     ap_fifo|                                                  p_dst_data244|       pointer|
|p_dst_data244_num_data_valid  |   in|    2|     ap_fifo|                                                  p_dst_data244|       pointer|
|p_dst_data244_fifo_cap        |   in|    2|     ap_fifo|                                                  p_dst_data244|       pointer|
|p_dst_data244_empty_n         |   in|    1|     ap_fifo|                                                  p_dst_data244|       pointer|
|p_dst_data244_read            |  out|    1|     ap_fifo|                                                  p_dst_data244|       pointer|
|m_axis_video_TREADY           |   in|    1|        axis|                                          m_axis_video_V_data_V|       pointer|
|m_axis_video_TDATA            |  out|   24|        axis|                                          m_axis_video_V_data_V|       pointer|
|sof                           |   in|    1|     ap_none|                                                            sof|        scalar|
|p_read1                       |   in|   11|     ap_none|                                                        p_read1|        scalar|
|sub                           |   in|   12|     ap_none|                                                            sub|        scalar|
|m_axis_video_TVALID           |  out|    1|        axis|                                          m_axis_video_V_dest_V|       pointer|
|m_axis_video_TDEST            |  out|    1|        axis|                                          m_axis_video_V_dest_V|       pointer|
|m_axis_video_TKEEP            |  out|    3|        axis|                                          m_axis_video_V_keep_V|       pointer|
|m_axis_video_TSTRB            |  out|    3|        axis|                                          m_axis_video_V_strb_V|       pointer|
|m_axis_video_TUSER            |  out|    1|        axis|                                          m_axis_video_V_user_V|       pointer|
|m_axis_video_TLAST            |  out|    1|        axis|                                          m_axis_video_V_last_V|       pointer|
|m_axis_video_TID              |  out|    1|        axis|                                            m_axis_video_V_id_V|       pointer|
+------------------------------+-----+-----+------------+---------------------------------------------------------------+--------------+

