

================================================================
== Vitis HLS Report for 'ColorMat2AXIvideo_9_1080_1920_1_s'
================================================================
* Date:           Wed Sep  4 19:39:30 2024

* Version:        2022.1 (Build 3526262 on Mon Apr 18 15:47:01 MDT 2022)
* Project:        isppipeline.prj
* Solution:       sol1 (Vivado IP Flow Target)
* Product family: zynquplus
* Target device:  xck26-sfvc784-2LV-c


================================================================
== Performance Estimates
================================================================
+ Timing: 
    * Summary: 
    +--------+---------+----------+------------+
    |  Clock |  Target | Estimated| Uncertainty|
    +--------+---------+----------+------------+
    |ap_clk  |  3.30 ns|  2.315 ns|     0.89 ns|
    +--------+---------+----------+------------+

+ Latency: 
    * Summary: 
    +---------+---------+----------+----------+-----+---------+---------+
    |  Latency (cycles) |  Latency (absolute) |    Interval   | Pipeline|
    |   min   |   max   |    min   |    max   | min |   max   |   Type  |
    +---------+---------+----------+----------+-----+---------+---------+
    |        1|  2079001|  3.300 ns|  6.861 ms|    1|  2079001|       no|
    +---------+---------+----------+----------+-----+---------+---------+

    + Detail: 
        * Instance: 
        +---------------------------------------------------------------------+-----------------------------------------------------------+---------+---------+-----------+----------+-----+------+---------+
        |                                                                     |                                                           |  Latency (cycles) |  Latency (absolute)  |  Interval  | Pipeline|
        |                               Instance                              |                           Module                          |   min   |   max   |    min    |    max   | min |  max |   Type  |
        +---------------------------------------------------------------------+-----------------------------------------------------------+---------+---------+-----------+----------+-----+------+---------+
        |grp_ColorMat2AXIvideo_9_1080_1920_1_Pipeline_loop_col_mat2axi_fu_82  |ColorMat2AXIvideo_9_1080_1920_1_Pipeline_loop_col_mat2axi  |        4|     1923|  13.200 ns|  6.346 us|    4|  1923|       no|
        +---------------------------------------------------------------------+-----------------------------------------------------------+---------+---------+-----------+----------+-----+------+---------+

        * Loop: 
        +--------------------+---------+---------+----------+-----------+-----------+----------+----------+
        |                    |  Latency (cycles) | Iteration|  Initiation Interval  |   Trip   |          |
        |      Loop Name     |   min   |   max   |  Latency |  achieved |   target  |   Count  | Pipelined|
        +--------------------+---------+---------+----------+-----------+-----------+----------+----------+
        |- loop_row_mat2axi  |        0|  2079000|  2 ~ 1925|          -|          -|  0 ~ 1080|        no|
        +--------------------+---------+---------+----------+-----------+-----------+----------+----------+



================================================================
== Utilization Estimates
================================================================
* Summary: 
+-----------------+---------+------+--------+--------+-----+
|       Name      | BRAM_18K|  DSP |   FF   |   LUT  | URAM|
+-----------------+---------+------+--------+--------+-----+
|DSP              |        -|     -|       -|       -|    -|
|Expression       |        -|     -|       0|      65|    -|
|FIFO             |        -|     -|       -|       -|    -|
|Instance         |        -|     -|      18|     116|    -|
|Memory           |        -|     -|       -|       -|    -|
|Multiplexer      |        -|     -|       -|      47|    -|
|Register         |        -|     -|      41|       -|    -|
+-----------------+---------+------+--------+--------+-----+
|Total            |        0|     0|      59|     228|    0|
+-----------------+---------+------+--------+--------+-----+
|Available        |      288|  1248|  234240|  117120|   64|
+-----------------+---------+------+--------+--------+-----+
|Utilization (%)  |        0|     0|      ~0|      ~0|    0|
+-----------------+---------+------+--------+--------+-----+

+ Detail: 
    * Instance: 
    +---------------------------------------------------------------------+-----------------------------------------------------------+---------+----+----+-----+-----+
    |                               Instance                              |                           Module                          | BRAM_18K| DSP| FF | LUT | URAM|
    +---------------------------------------------------------------------+-----------------------------------------------------------+---------+----+----+-----+-----+
    |grp_ColorMat2AXIvideo_9_1080_1920_1_Pipeline_loop_col_mat2axi_fu_82  |ColorMat2AXIvideo_9_1080_1920_1_Pipeline_loop_col_mat2axi  |        0|   0|  18|  116|    0|
    +---------------------------------------------------------------------+-----------------------------------------------------------+---------+----+----+-----+-----+
    |Total                                                                |                                                           |        0|   0|  18|  116|    0|
    +---------------------------------------------------------------------+-----------------------------------------------------------+---------+----+----+-----+-----+

    * DSP: 
    N/A

    * Memory: 
    N/A

    * FIFO: 
    N/A

    * Expression: 
    +-----------------------------------------------------------------------------------------+----------+----+---+----+------------+------------+
    |                                      Variable Name                                      | Operation| DSP| FF| LUT| Bitwidth P0| Bitwidth P1|
    +-----------------------------------------------------------------------------------------+----------+----+---+----+------------+------------+
    |i_6_fu_139_p2                                                                            |         +|   0|  0|  18|          11|           1|
    |sub_fu_109_p2                                                                            |         +|   0|  0|  19|          12|           2|
    |ap_block_state3_on_subcall_done                                                          |       and|   0|  0|   2|           1|           1|
    |grp_ColorMat2AXIvideo_9_1080_1920_1_Pipeline_loop_col_mat2axi_fu_82_m_axis_video_TREADY  |       and|   0|  0|   2|           1|           1|
    |cmp45_fu_115_p2                                                                          |      icmp|   0|  0|  11|          11|           1|
    |icmp_ln120_fu_134_p2                                                                     |      icmp|   0|  0|  11|          11|          11|
    |ap_block_state1                                                                          |        or|   0|  0|   2|           1|           1|
    +-----------------------------------------------------------------------------------------+----------+----+---+----+------------+------------+
    |Total                                                                                    |          |   0|  0|  65|          48|          18|
    +-----------------------------------------------------------------------------------------+----------+----+---+----+------------+------------+

    * Multiplexer: 
    +--------------------+----+-----------+-----+-----------+
    |        Name        | LUT| Input Size| Bits| Total Bits|
    +--------------------+----+-----------+-----+-----------+
    |ap_NS_fsm           |  20|          4|    1|          4|
    |ap_done             |   9|          2|    1|          2|
    |i_5_fu_62           |   9|          2|   11|         22|
    |p_dst_data244_read  |   9|          2|    1|          2|
    +--------------------+----+-----------+-----+-----------+
    |Total               |  47|         10|   14|         30|
    +--------------------+----+-----------+-----+-----------+

    * Register: 
    +----------------------------------------------------------------------------------+----+----+-----+-----------+
    |                                       Name                                       | FF | LUT| Bits| Const Bits|
    +----------------------------------------------------------------------------------+----+----+-----+-----------+
    |ap_CS_fsm                                                                         |   3|   0|    3|          0|
    |ap_done_reg                                                                       |   1|   0|    1|          0|
    |cmp45_reg_187                                                                     |   1|   0|    1|          0|
    |grp_ColorMat2AXIvideo_9_1080_1920_1_Pipeline_loop_col_mat2axi_fu_82_ap_start_reg  |   1|   0|    1|          0|
    |i_5_fu_62                                                                         |  11|   0|   11|          0|
    |i_6_reg_194                                                                       |  11|   0|   11|          0|
    |sof_fu_66                                                                         |   1|   0|    1|          0|
    |sub_reg_182                                                                       |  12|   0|   12|          0|
    +----------------------------------------------------------------------------------+----+----+-----+-----------+
    |Total                                                                             |  41|   0|   41|          0|
    +----------------------------------------------------------------------------------+----+----+-----+-----------+



================================================================
== Interface
================================================================
* Summary: 
+------------------------------+-----+-----+------------+-------------------------------------+--------------+
|           RTL Ports          | Dir | Bits|  Protocol  |            Source Object            |    C Type    |
+------------------------------+-----+-----+------------+-------------------------------------+--------------+
|ap_clk                        |   in|    1|  ap_ctrl_hs|  ColorMat2AXIvideo<9, 1080, 1920, 1>|  return value|
|ap_rst                        |   in|    1|  ap_ctrl_hs|  ColorMat2AXIvideo<9, 1080, 1920, 1>|  return value|
|ap_start                      |   in|    1|  ap_ctrl_hs|  ColorMat2AXIvideo<9, 1080, 1920, 1>|  return value|
|ap_done                       |  out|    1|  ap_ctrl_hs|  ColorMat2AXIvideo<9, 1080, 1920, 1>|  return value|
|ap_continue                   |   in|    1|  ap_ctrl_hs|  ColorMat2AXIvideo<9, 1080, 1920, 1>|  return value|
|ap_idle                       |  out|    1|  ap_ctrl_hs|  ColorMat2AXIvideo<9, 1080, 1920, 1>|  return value|
|ap_ready                      |  out|    1|  ap_ctrl_hs|  ColorMat2AXIvideo<9, 1080, 1920, 1>|  return value|
|p_read                        |   in|   11|     ap_none|                               p_read|        scalar|
|p_read1                       |   in|   11|     ap_none|                              p_read1|        scalar|
|p_dst_data244_dout            |   in|   24|     ap_fifo|                        p_dst_data244|       pointer|
|p_dst_data244_num_data_valid  |   in|    2|     ap_fifo|                        p_dst_data244|       pointer|
|p_dst_data244_fifo_cap        |   in|    2|     ap_fifo|                        p_dst_data244|       pointer|
|p_dst_data244_empty_n         |   in|    1|     ap_fifo|                        p_dst_data244|       pointer|
|p_dst_data244_read            |  out|    1|     ap_fifo|                        p_dst_data244|       pointer|
|m_axis_video_TDATA            |  out|   24|        axis|                m_axis_video_V_data_V|       pointer|
|m_axis_video_TVALID           |  out|    1|        axis|                m_axis_video_V_dest_V|       pointer|
|m_axis_video_TREADY           |   in|    1|        axis|                m_axis_video_V_dest_V|       pointer|
|m_axis_video_TDEST            |  out|    1|        axis|                m_axis_video_V_dest_V|       pointer|
|m_axis_video_TKEEP            |  out|    3|        axis|                m_axis_video_V_keep_V|       pointer|
|m_axis_video_TSTRB            |  out|    3|        axis|                m_axis_video_V_strb_V|       pointer|
|m_axis_video_TUSER            |  out|    1|        axis|                m_axis_video_V_user_V|       pointer|
|m_axis_video_TLAST            |  out|    1|        axis|                m_axis_video_V_last_V|       pointer|
|m_axis_video_TID              |  out|    1|        axis|                  m_axis_video_V_id_V|       pointer|
+------------------------------+-----+-----+------------+-------------------------------------+--------------+

