

================================================================
== Vitis HLS Report for 'demosaicing_3_13_17_1080_1920_1_false_Pipeline_Col_Loop'
================================================================
* Date:           Wed Sep  4 19:39:21 2024

* Version:        2022.1 (Build 3526262 on Mon Apr 18 15:47:01 MDT 2022)
* Project:        isppipeline.prj
* Solution:       sol1 (Vivado IP Flow Target)
* Product family: zynquplus
* Target device:  xck26-sfvc784-2LV-c


================================================================
== Performance Estimates
================================================================
+ Timing: 
    * Summary: 
    +--------+---------+----------+------------+
    |  Clock |  Target | Estimated| Uncertainty|
    +--------+---------+----------+------------+
    |ap_clk  |  3.30 ns|  2.394 ns|     0.89 ns|
    +--------+---------+----------+------------+

+ Latency: 
    * Summary: 
    +---------+---------+----------+----------+------+------+---------+
    |  Latency (cycles) |  Latency (absolute) |   Interval  | Pipeline|
    |   min   |   max   |    min   |    max   |  min |  max |   Type  |
    +---------+---------+----------+----------+------+------+---------+
    |     1928|     1928|  6.362 us|  6.362 us|  1928|  1928|       no|
    +---------+---------+----------+----------+------+------+---------+

    + Detail: 
        * Instance: 
        +------------------------------------------+-------------------------------+---------+---------+----------+----------+-----+-----+---------+
        |                                          |                               |  Latency (cycles) |  Latency (absolute) |  Interval | Pipeline|
        |                 Instance                 |             Module            |   min   |   max   |    min   |    max   | min | max |   Type  |
        +------------------------------------------+-------------------------------+---------+---------+----------+----------+-----+-----+---------+
        |grp_rb_kernel_ap_uint_10_5_s_fu_571       |rb_kernel_ap_uint_10_5_s       |        3|        3|  9.900 ns|  9.900 ns|    1|    1|      yes|
        |grp_g_kernel_ap_uint_10_5_s_fu_586        |g_kernel_ap_uint_10_5_s        |        2|        2|  6.600 ns|  6.600 ns|    1|    1|      yes|
        |grp_rgb_bgr_kernel_ap_uint_10_5_s_fu_601  |rgb_bgr_kernel_ap_uint_10_5_s  |        2|        2|  6.600 ns|  6.600 ns|    1|    1|      yes|
        |grp_rgr_bgb_kernel_ap_uint_10_5_s_fu_618  |rgr_bgb_kernel_ap_uint_10_5_s  |        2|        2|  6.600 ns|  6.600 ns|    1|    1|      yes|
        +------------------------------------------+-------------------------------+---------+---------+----------+----------+-----+-----+---------+

        * Loop: 
        +------------+---------+---------+----------+-----------+-----------+------+----------+
        |            |  Latency (cycles) | Iteration|  Initiation Interval  | Trip |          |
        |  Loop Name |   min   |   max   |  Latency |  achieved |   target  | Count| Pipelined|
        +------------+---------+---------+----------+-----------+-----------+------+----------+
        |- Col_Loop  |     1926|     1926|         8|          1|          1|  1920|       yes|
        +------------+---------+---------+----------+-----------+-----------+------+----------+



================================================================
== Utilization Estimates
================================================================
* Summary: 
+-----------------+---------+------+--------+--------+-----+
|       Name      | BRAM_18K|  DSP |   FF   |   LUT  | URAM|
+-----------------+---------+------+--------+--------+-----+
|DSP              |        -|     -|       -|       -|    -|
|Expression       |        -|     -|       0|     170|    -|
|FIFO             |        -|     -|       -|       -|    -|
|Instance         |        -|     -|     724|    1183|    -|
|Memory           |        -|     -|       -|       -|    -|
|Multiplexer      |        -|     -|       -|     345|    -|
|Register         |        -|     -|     935|     160|    -|
+-----------------+---------+------+--------+--------+-----+
|Total            |        0|     0|    1659|    1858|    0|
+-----------------+---------+------+--------+--------+-----+
|Available        |      288|  1248|  234240|  117120|   64|
+-----------------+---------+------+--------+--------+-----+
|Utilization (%)  |        0|     0|      ~0|       1|    0|
+-----------------+---------+------+--------+--------+-----+

+ Detail: 
    * Instance: 
    +------------------------------------------+-------------------------------+---------+----+-----+-----+-----+
    |                 Instance                 |             Module            | BRAM_18K| DSP|  FF | LUT | URAM|
    +------------------------------------------+-------------------------------+---------+----+-----+-----+-----+
    |grp_g_kernel_ap_uint_10_5_s_fu_586        |g_kernel_ap_uint_10_5_s        |        0|   0|  154|  235|    0|
    |mux_42_10_1_1_U140                        |mux_42_10_1_1                  |        0|   0|    0|   20|    0|
    |mux_42_10_1_1_U141                        |mux_42_10_1_1                  |        0|   0|    0|   20|    0|
    |mux_42_10_1_1_U142                        |mux_42_10_1_1                  |        0|   0|    0|   20|    0|
    |mux_42_10_1_1_U143                        |mux_42_10_1_1                  |        0|   0|    0|   20|    0|
    |grp_rb_kernel_ap_uint_10_5_s_fu_571       |rb_kernel_ap_uint_10_5_s       |        0|   0|  192|  282|    0|
    |grp_rgb_bgr_kernel_ap_uint_10_5_s_fu_601  |rgb_bgr_kernel_ap_uint_10_5_s  |        0|   0|  189|  293|    0|
    |grp_rgr_bgb_kernel_ap_uint_10_5_s_fu_618  |rgr_bgb_kernel_ap_uint_10_5_s  |        0|   0|  189|  293|    0|
    +------------------------------------------+-------------------------------+---------+----+-----+-----+-----+
    |Total                                     |                               |        0|   0|  724| 1183|    0|
    +------------------------------------------+-------------------------------+---------+----+-----+-----+-----+

    * DSP: 
    N/A

    * Memory: 
    N/A

    * FIFO: 
    N/A

    * Expression: 
    +-----------------------------------+----------+----+---+----+------------+------------+
    |           Variable Name           | Operation| DSP| FF| LUT| Bitwidth P0| Bitwidth P1|
    +-----------------------------------+----------+----+---+----+------------+------------+
    |add_ln344_fu_742_p2                |         +|   0|  0|  18|          11|           1|
    |add_ln406_fu_768_p2                |         +|   0|  0|  19|          12|           1|
    |ap_block_pp0                       |       and|   0|  0|   2|           1|           1|
    |ap_block_state2_pp0_stage0_iter1   |       and|   0|  0|   2|           1|           1|
    |ap_condition_238                   |       and|   0|  0|   2|           1|           1|
    |ap_condition_242                   |       and|   0|  0|   2|           1|           1|
    |ap_condition_660                   |       and|   0|  0|   2|           1|           1|
    |ap_condition_662                   |       and|   0|  0|   2|           1|           1|
    |ap_condition_702                   |       and|   0|  0|   2|           1|           1|
    |ap_condition_704                   |       and|   0|  0|   2|           1|           1|
    |ap_enable_state1_pp0_iter0_stage0  |       and|   0|  0|   2|           1|           1|
    |ap_enable_state2_pp0_iter1_stage0  |       and|   0|  0|   2|           1|           1|
    |ap_enable_state3_pp0_iter2_stage0  |       and|   0|  0|   2|           1|           1|
    |ap_predicate_op101_load_state2     |       and|   0|  0|   2|           1|           1|
    |ap_predicate_op122_store_state3    |       and|   0|  0|   2|           1|           1|
    |ap_predicate_op124_store_state3    |       and|   0|  0|   2|           1|           1|
    |ap_predicate_op126_store_state3    |       and|   0|  0|   2|           1|           1|
    |ap_predicate_op128_store_state3    |       and|   0|  0|   2|           1|           1|
    |ap_predicate_op130_store_state3    |       and|   0|  0|   2|           1|           1|
    |ap_predicate_op132_store_state3    |       and|   0|  0|   2|           1|           1|
    |ap_predicate_op134_store_state3    |       and|   0|  0|   2|           1|           1|
    |ap_predicate_op136_store_state3    |       and|   0|  0|   2|           1|           1|
    |ap_predicate_op148_call_state3     |       and|   0|  0|   2|           1|           1|
    |ap_predicate_op150_call_state3     |       and|   0|  0|   2|           1|           1|
    |ap_predicate_op152_call_state3     |       and|   0|  0|   2|           1|           1|
    |ap_predicate_op154_call_state3     |       and|   0|  0|   2|           1|           1|
    |ap_predicate_op86_load_state1      |       and|   0|  0|   2|           1|           1|
    |ap_predicate_op99_read_state2      |       and|   0|  0|   2|           1|           1|
    |icmp_ln344_fu_736_p2               |      icmp|   0|  0|  11|          11|          11|
    |icmp_ln373_fu_748_p2               |      icmp|   0|  0|  12|          12|          12|
    |icmp_ln40_1_fu_1022_p2             |      icmp|   0|  0|   8|           3|           1|
    |icmp_ln40_2_fu_1050_p2             |      icmp|   0|  0|   8|           3|           1|
    |icmp_ln40_fu_994_p2                |      icmp|   0|  0|   8|           3|           1|
    |ap_block_pp0_stage0_01001          |        or|   0|  0|   2|           1|           1|
    |select_ln40_1_fu_1032_p3           |    select|   0|  0|  10|           1|           2|
    |select_ln40_2_fu_1060_p3           |    select|   0|  0|  10|           1|           2|
    |select_ln40_fu_1004_p3             |    select|   0|  0|  10|           1|           2|
    |ap_enable_pp0                      |       xor|   0|  0|   2|           1|           2|
    +-----------------------------------+----------+----+---+----+------------+------------+
    |Total                              |          |   0|  0| 170|          86|          63|
    +-----------------------------------+----------+----+---+----+------------+------------+

    * Multiplexer: 
    +----------------------------------------------+----+-----------+-----+-----------+
    |                     Name                     | LUT| Input Size| Bits| Total Bits|
    +----------------------------------------------+----+-----------+-----+-----------+
    |ap_done_int                                   |   9|          2|    1|          2|
    |ap_enable_reg_pp0_iter3                       |   9|          2|    1|          2|
    |ap_phi_reg_pp0_iter1_empty_104_reg_510        |   9|          2|   10|         20|
    |ap_phi_reg_pp0_iter1_empty_105_reg_521        |   9|          2|   10|         20|
    |ap_phi_reg_pp0_iter1_empty_reg_499            |   9|          2|   10|         20|
    |ap_phi_reg_pp0_iter1_imgblock_V_14_1_reg_487  |   9|          2|   10|         20|
    |ap_phi_reg_pp0_iter1_p_Val2_27_reg_471        |   9|          2|   10|         20|
    |ap_phi_reg_pp0_iter2_empty_104_reg_510        |   9|          2|   10|         20|
    |ap_phi_reg_pp0_iter2_empty_105_reg_521        |   9|          2|   10|         20|
    |ap_phi_reg_pp0_iter2_empty_reg_499            |   9|          2|   10|         20|
    |ap_phi_reg_pp0_iter2_imgblock_V_14_1_reg_487  |   9|          2|   10|         20|
    |ap_phi_reg_pp0_iter2_p_Val2_27_reg_471        |   9|          2|   10|         20|
    |ap_phi_reg_pp0_iter7_b_5_reg_532              |  26|          5|   13|         65|
    |ap_phi_reg_pp0_iter7_g_4_reg_545              |  14|          3|   13|         39|
    |ap_phi_reg_pp0_iter7_r_5_reg_558              |  26|          5|   13|         65|
    |ap_sig_allocacmp_bram_read_count_load         |   9|          2|   12|         24|
    |ap_sig_allocacmp_bram_read_count_load_1       |   9|          2|   12|         24|
    |ap_sig_allocacmp_col_1                        |   9|          2|   11|         22|
    |bram_read_count_fu_152                        |   9|          2|   12|         24|
    |col_fu_148                                    |   9|          2|   11|         22|
    |demosaic_out_data241_blk_n                    |   9|          2|    1|          2|
    |gain_out_data240_blk_n                        |   9|          2|    1|          2|
    |imgblock_V_10_fu_200                          |   9|          2|   10|         20|
    |imgblock_V_1_fu_160                           |   9|          2|   10|         20|
    |imgblock_V_2_fu_164                           |   9|          2|   10|         20|
    |imgblock_V_3_fu_168                           |   9|          2|   10|         20|
    |imgblock_V_4_fu_172                           |   9|          2|   10|         20|
    |imgblock_V_5_fu_176                           |   9|          2|   10|         20|
    |imgblock_V_6_fu_184                           |   9|          2|   10|         20|
    |imgblock_V_7_fu_188                           |   9|          2|   10|         20|
    |imgblock_V_8_fu_192                           |   9|          2|   10|         20|
    |imgblock_V_9_fu_196                           |   9|          2|   10|         20|
    |imgblock_V_fu_156                             |   9|          2|   10|         20|
    |ret_fu_180                                    |   9|          2|   10|         20|
    +----------------------------------------------+----+-----------+-----+-----------+
    |Total                                         | 345|         75|  321|        733|
    +----------------------------------------------+----+-----------+-----+-----------+

    * Register: 
    +----------------------------------------------+----+----+-----+-----------+
    |                     Name                     | FF | LUT| Bits| Const Bits|
    +----------------------------------------------+----+----+-----+-----------+
    |ap_CS_fsm                                     |   1|   0|    1|          0|
    |ap_done_reg                                   |   1|   0|    1|          0|
    |ap_enable_reg_pp0_iter1                       |   1|   0|    1|          0|
    |ap_enable_reg_pp0_iter2                       |   1|   0|    1|          0|
    |ap_enable_reg_pp0_iter3                       |   1|   0|    1|          0|
    |ap_enable_reg_pp0_iter4                       |   1|   0|    1|          0|
    |ap_enable_reg_pp0_iter5                       |   1|   0|    1|          0|
    |ap_enable_reg_pp0_iter6                       |   1|   0|    1|          0|
    |ap_enable_reg_pp0_iter7                       |   1|   0|    1|          0|
    |ap_loop_exit_ready_pp0_iter1_reg              |   1|   0|    1|          0|
    |ap_loop_exit_ready_pp0_iter2_reg              |   1|   0|    1|          0|
    |ap_loop_exit_ready_pp0_iter3_reg              |   1|   0|    1|          0|
    |ap_loop_exit_ready_pp0_iter4_reg              |   1|   0|    1|          0|
    |ap_loop_exit_ready_pp0_iter5_reg              |   1|   0|    1|          0|
    |ap_loop_exit_ready_pp0_iter6_reg              |   1|   0|    1|          0|
    |ap_phi_reg_pp0_iter1_b_5_reg_532              |  13|   0|   13|          0|
    |ap_phi_reg_pp0_iter1_empty_104_reg_510        |  10|   0|   10|          0|
    |ap_phi_reg_pp0_iter1_empty_105_reg_521        |  10|   0|   10|          0|
    |ap_phi_reg_pp0_iter1_empty_reg_499            |  10|   0|   10|          0|
    |ap_phi_reg_pp0_iter1_g_4_reg_545              |  13|   0|   13|          0|
    |ap_phi_reg_pp0_iter1_imgblock_V_14_1_reg_487  |  10|   0|   10|          0|
    |ap_phi_reg_pp0_iter1_p_Val2_27_reg_471        |  10|   0|   10|          0|
    |ap_phi_reg_pp0_iter1_r_5_reg_558              |  13|   0|   13|          0|
    |ap_phi_reg_pp0_iter2_b_5_reg_532              |  13|   0|   13|          0|
    |ap_phi_reg_pp0_iter2_empty_104_reg_510        |  10|   0|   10|          0|
    |ap_phi_reg_pp0_iter2_empty_105_reg_521        |  10|   0|   10|          0|
    |ap_phi_reg_pp0_iter2_empty_reg_499            |  10|   0|   10|          0|
    |ap_phi_reg_pp0_iter2_g_4_reg_545              |  13|   0|   13|          0|
    |ap_phi_reg_pp0_iter2_imgblock_V_14_1_reg_487  |  10|   0|   10|          0|
    |ap_phi_reg_pp0_iter2_p_Val2_27_reg_471        |  10|   0|   10|          0|
    |ap_phi_reg_pp0_iter2_r_5_reg_558              |  13|   0|   13|          0|
    |ap_phi_reg_pp0_iter3_b_5_reg_532              |  13|   0|   13|          0|
    |ap_phi_reg_pp0_iter3_g_4_reg_545              |  13|   0|   13|          0|
    |ap_phi_reg_pp0_iter3_r_5_reg_558              |  13|   0|   13|          0|
    |ap_phi_reg_pp0_iter4_b_5_reg_532              |  13|   0|   13|          0|
    |ap_phi_reg_pp0_iter4_g_4_reg_545              |  13|   0|   13|          0|
    |ap_phi_reg_pp0_iter4_r_5_reg_558              |  13|   0|   13|          0|
    |ap_phi_reg_pp0_iter5_b_5_reg_532              |  13|   0|   13|          0|
    |ap_phi_reg_pp0_iter5_g_4_reg_545              |  13|   0|   13|          0|
    |ap_phi_reg_pp0_iter5_r_5_reg_558              |  13|   0|   13|          0|
    |ap_phi_reg_pp0_iter6_b_5_reg_532              |  13|   0|   13|          0|
    |ap_phi_reg_pp0_iter6_g_4_reg_545              |  13|   0|   13|          0|
    |ap_phi_reg_pp0_iter6_r_5_reg_558              |  13|   0|   13|          0|
    |ap_phi_reg_pp0_iter7_b_5_reg_532              |  13|   0|   13|          0|
    |ap_phi_reg_pp0_iter7_g_4_reg_545              |  13|   0|   13|          0|
    |ap_phi_reg_pp0_iter7_r_5_reg_558              |  13|   0|   13|          0|
    |bram_read_count_fu_152                        |  12|   0|   12|          0|
    |col_1_reg_1227                                |  11|   0|   11|          0|
    |col_1_reg_1227_pp0_iter1_reg                  |  11|   0|   11|          0|
    |col_fu_148                                    |  11|   0|   11|          0|
    |icmp_ln344_reg_1232                           |   1|   0|    1|          0|
    |icmp_ln373_reg_1236                           |   1|   0|    1|          0|
    |imgblock_V_10_fu_200                          |  10|   0|   10|          0|
    |imgblock_V_12_reg_1295                        |  10|   0|   10|          0|
    |imgblock_V_1_fu_160                           |  10|   0|   10|          0|
    |imgblock_V_2_fu_164                           |  10|   0|   10|          0|
    |imgblock_V_3_fu_168                           |  10|   0|   10|          0|
    |imgblock_V_4_fu_172                           |  10|   0|   10|          0|
    |imgblock_V_5_fu_176                           |  10|   0|   10|          0|
    |imgblock_V_6_fu_184                           |  10|   0|   10|          0|
    |imgblock_V_7_fu_188                           |  10|   0|   10|          0|
    |imgblock_V_8_fu_192                           |  10|   0|   10|          0|
    |imgblock_V_9_fu_196                           |  10|   0|   10|          0|
    |imgblock_V_fu_156                             |  10|   0|   10|          0|
    |r_3_reg_1302                                  |  10|   0|   10|          0|
    |reg_635                                       |  13|   0|   13|          0|
    |reg_641                                       |  13|   0|   13|          0|
    |reg_647                                       |  13|   0|   13|          0|
    |ret_fu_180                                    |  10|   0|   10|          0|
    |trunc_ln135_reg_1260                          |   1|   0|    1|          0|
    |icmp_ln344_reg_1232                           |  64|  32|    1|          0|
    |icmp_ln373_reg_1236                           |  64|  32|    1|          0|
    |imgblock_V_12_reg_1295                        |  64|  32|   10|          0|
    |r_3_reg_1302                                  |  64|  32|   10|          0|
    |trunc_ln135_reg_1260                          |  64|  32|    1|          0|
    +----------------------------------------------+----+----+-----+-----------+
    |Total                                         | 935| 160|  638|          0|
    +----------------------------------------------+----+----+-----+-----------+



================================================================
== Interface
================================================================
* Summary: 
+-------------------------------------+-----+-----+------------+----------------------------------------------------------------+--------------+
|              RTL Ports              | Dir | Bits|  Protocol  |                          Source Object                         |    C Type    |
+-------------------------------------+-----+-----+------------+----------------------------------------------------------------+--------------+
|ap_clk                               |   in|    1|  ap_ctrl_hs|  demosaicing<3, 13, 17, 1080, 1920, 1, false>_Pipeline_Col_Loop|  return value|
|ap_rst                               |   in|    1|  ap_ctrl_hs|  demosaicing<3, 13, 17, 1080, 1920, 1, false>_Pipeline_Col_Loop|  return value|
|ap_start                             |   in|    1|  ap_ctrl_hs|  demosaicing<3, 13, 17, 1080, 1920, 1, false>_Pipeline_Col_Loop|  return value|
|ap_done                              |  out|    1|  ap_ctrl_hs|  demosaicing<3, 13, 17, 1080, 1920, 1, false>_Pipeline_Col_Loop|  return value|
|ap_idle                              |  out|    1|  ap_ctrl_hs|  demosaicing<3, 13, 17, 1080, 1920, 1, false>_Pipeline_Col_Loop|  return value|
|ap_ready                             |  out|    1|  ap_ctrl_hs|  demosaicing<3, 13, 17, 1080, 1920, 1, false>_Pipeline_Col_Loop|  return value|
|gain_out_data240_dout                |   in|   10|     ap_fifo|                                                gain_out_data240|       pointer|
|gain_out_data240_num_data_valid      |   in|    2|     ap_fifo|                                                gain_out_data240|       pointer|
|gain_out_data240_fifo_cap            |   in|    2|     ap_fifo|                                                gain_out_data240|       pointer|
|gain_out_data240_empty_n             |   in|    1|     ap_fifo|                                                gain_out_data240|       pointer|
|gain_out_data240_read                |  out|    1|     ap_fifo|                                                gain_out_data240|       pointer|
|demosaic_out_data241_din             |  out|   30|     ap_fifo|                                            demosaic_out_data241|       pointer|
|demosaic_out_data241_num_data_valid  |   in|    2|     ap_fifo|                                            demosaic_out_data241|       pointer|
|demosaic_out_data241_fifo_cap        |   in|    2|     ap_fifo|                                            demosaic_out_data241|       pointer|
|demosaic_out_data241_full_n          |   in|    1|     ap_fifo|                                            demosaic_out_data241|       pointer|
|demosaic_out_data241_write           |  out|    1|     ap_fifo|                                            demosaic_out_data241|       pointer|
|p_Val2_18                            |   in|   10|     ap_none|                                                       p_Val2_18|        scalar|
|imgblock_V_17_1_reload               |   in|   10|     ap_none|                                          imgblock_V_17_1_reload|        scalar|
|p_Val2_21                            |   in|   10|     ap_none|                                                       p_Val2_21|        scalar|
|p_Val2_17                            |   in|   10|     ap_none|                                                       p_Val2_17|        scalar|
|imgblock_V_12_1_reload               |   in|   10|     ap_none|                                          imgblock_V_12_1_reload|        scalar|
|imgblock_V_11_1_reload               |   in|   10|     ap_none|                                          imgblock_V_11_1_reload|        scalar|
|p_Val2_16                            |   in|   10|     ap_none|                                                       p_Val2_16|        scalar|
|imgblock_V_7_1_reload                |   in|   10|     ap_none|                                           imgblock_V_7_1_reload|        scalar|
|p_Val2_22                            |   in|   10|     ap_none|                                                       p_Val2_22|        scalar|
|p_Val2_20                            |   in|   10|     ap_none|                                                       p_Val2_20|        scalar|
|p_Val2_19                            |   in|   10|     ap_none|                                                       p_Val2_19|        scalar|
|p_Val2_s                             |   in|   10|     ap_none|                                                        p_Val2_s|        scalar|
|p_read1                              |   in|   11|     ap_none|                                                         p_read1|        scalar|
|trunc_ln                             |   in|    1|     ap_none|                                                        trunc_ln|        scalar|
|linebuffer_V_address0                |  out|   11|   ap_memory|                                                    linebuffer_V|         array|
|linebuffer_V_ce0                     |  out|    1|   ap_memory|                                                    linebuffer_V|         array|
|linebuffer_V_we0                     |  out|    1|   ap_memory|                                                    linebuffer_V|         array|
|linebuffer_V_d0                      |  out|   10|   ap_memory|                                                    linebuffer_V|         array|
|linebuffer_V_address1                |  out|   11|   ap_memory|                                                    linebuffer_V|         array|
|linebuffer_V_ce1                     |  out|    1|   ap_memory|                                                    linebuffer_V|         array|
|linebuffer_V_q1                      |   in|   10|   ap_memory|                                                    linebuffer_V|         array|
|linebuffer_V_1_address0              |  out|   11|   ap_memory|                                                  linebuffer_V_1|         array|
|linebuffer_V_1_ce0                   |  out|    1|   ap_memory|                                                  linebuffer_V_1|         array|
|linebuffer_V_1_we0                   |  out|    1|   ap_memory|                                                  linebuffer_V_1|         array|
|linebuffer_V_1_d0                    |  out|   10|   ap_memory|                                                  linebuffer_V_1|         array|
|linebuffer_V_1_address1              |  out|   11|   ap_memory|                                                  linebuffer_V_1|         array|
|linebuffer_V_1_ce1                   |  out|    1|   ap_memory|                                                  linebuffer_V_1|         array|
|linebuffer_V_1_q1                    |   in|   10|   ap_memory|                                                  linebuffer_V_1|         array|
|linebuffer_V_2_address0              |  out|   11|   ap_memory|                                                  linebuffer_V_2|         array|
|linebuffer_V_2_ce0                   |  out|    1|   ap_memory|                                                  linebuffer_V_2|         array|
|linebuffer_V_2_we0                   |  out|    1|   ap_memory|                                                  linebuffer_V_2|         array|
|linebuffer_V_2_d0                    |  out|   10|   ap_memory|                                                  linebuffer_V_2|         array|
|linebuffer_V_2_address1              |  out|   11|   ap_memory|                                                  linebuffer_V_2|         array|
|linebuffer_V_2_ce1                   |  out|    1|   ap_memory|                                                  linebuffer_V_2|         array|
|linebuffer_V_2_q1                    |   in|   10|   ap_memory|                                                  linebuffer_V_2|         array|
|linebuffer_V_3_address0              |  out|   11|   ap_memory|                                                  linebuffer_V_3|         array|
|linebuffer_V_3_ce0                   |  out|    1|   ap_memory|                                                  linebuffer_V_3|         array|
|linebuffer_V_3_we0                   |  out|    1|   ap_memory|                                                  linebuffer_V_3|         array|
|linebuffer_V_3_d0                    |  out|   10|   ap_memory|                                                  linebuffer_V_3|         array|
|linebuffer_V_3_address1              |  out|   11|   ap_memory|                                                  linebuffer_V_3|         array|
|linebuffer_V_3_ce1                   |  out|    1|   ap_memory|                                                  linebuffer_V_3|         array|
|linebuffer_V_3_q1                    |   in|   10|   ap_memory|                                                  linebuffer_V_3|         array|
|line0_V_1                            |   in|    2|     ap_none|                                                       line0_V_1|        scalar|
|line1_V                              |   in|    2|     ap_none|                                                         line1_V|        scalar|
|line2_V                              |   in|    2|     ap_none|                                                         line2_V|        scalar|
|line3_V                              |   in|    2|     ap_none|                                                         line3_V|        scalar|
|lineStore_1_cast                     |   in|    2|     ap_none|                                                lineStore_1_cast|        scalar|
|sub219                               |   in|   12|     ap_none|                                                          sub219|        scalar|
|cmp162                               |   in|    1|     ap_none|                                                          cmp162|        scalar|
|imgblock_V_12_out                    |  out|   10|      ap_vld|                                               imgblock_V_12_out|       pointer|
|imgblock_V_12_out_ap_vld             |  out|    1|      ap_vld|                                               imgblock_V_12_out|       pointer|
|imgblock_V_9_out                     |  out|   10|      ap_vld|                                                imgblock_V_9_out|       pointer|
|imgblock_V_9_out_ap_vld              |  out|    1|      ap_vld|                                                imgblock_V_9_out|       pointer|
|imgblock_V_8_out                     |  out|   10|      ap_vld|                                                imgblock_V_8_out|       pointer|
|imgblock_V_8_out_ap_vld              |  out|    1|      ap_vld|                                                imgblock_V_8_out|       pointer|
|imgblock_V_5_out                     |  out|   10|      ap_vld|                                                imgblock_V_5_out|       pointer|
|imgblock_V_5_out_ap_vld              |  out|    1|      ap_vld|                                                imgblock_V_5_out|       pointer|
+-------------------------------------+-----+-----+------------+----------------------------------------------------------------+--------------+

