

================================================================
== Vitis HLS Report for 'demosaicing_3_13_17_1080_1920_1_false_s'
================================================================
* Date:           Wed Sep  4 19:39:21 2024

* Version:        2022.1 (Build 3526262 on Mon Apr 18 15:47:01 MDT 2022)
* Project:        isppipeline.prj
* Solution:       sol1 (Vivado IP Flow Target)
* Product family: zynquplus
* Target device:  xck26-sfvc784-2LV-c


================================================================
== Performance Estimates
================================================================
+ Timing: 
    * Summary: 
    +--------+---------+----------+------------+
    |  Clock |  Target | Estimated| Uncertainty|
    +--------+---------+----------+------------+
    |ap_clk  |  3.30 ns|  2.558 ns|     0.89 ns|
    +--------+---------+----------+------------+

+ Latency: 
    * Summary: 
    +---------+---------+-----------+----------+-------+---------+---------+
    |  Latency (cycles) |  Latency (absolute)  |     Interval    | Pipeline|
    |   min   |   max   |    min    |    max   |  min  |   max   |   Type  |
    +---------+---------+-----------+----------+-------+---------+---------+
    |    14646|  2097966|  48.332 us|  6.923 ms|  14646|  2097966|       no|
    +---------+---------+-----------+----------+-------+---------+---------+

    + Detail: 
        * Instance: 
        +--------------------------------------------------------------------+---------------------------------------------------------+---------+---------+-----------+-----------+------+------+---------+
        |                                                                    |                                                         |  Latency (cycles) |   Latency (absolute)  |   Interval  | Pipeline|
        |                              Instance                              |                          Module                         |   min   |   max   |    min    |    max    |  min |  max |   Type  |
        +--------------------------------------------------------------------+---------------------------------------------------------+---------+---------+-----------+-----------+------+------+---------+
        |grp_demosaicing_Pipeline_LineBuffer_VITIS_LOOP_269_1_fu_298         |demosaicing_Pipeline_LineBuffer_VITIS_LOOP_269_1         |     3842|     3842|  12.679 us|  12.679 us|  3842|  3842|       no|
        |grp_demosaicing_3_13_17_1080_1920_1_false_Pipeline_Zero_fu_310      |demosaicing_3_13_17_1080_1920_1_false_Pipeline_Zero      |        6|        6|  19.800 ns|  19.800 ns|     6|     6|       no|
        |grp_demosaicing_3_13_17_1080_1920_1_false_Pipeline_Col_Loop_fu_322  |demosaicing_3_13_17_1080_1920_1_false_Pipeline_Col_Loop  |     1928|     1928|   6.362 us|   6.362 us|  1928|  1928|       no|
        +--------------------------------------------------------------------+---------------------------------------------------------+---------+---------+-----------+-----------+------+------+---------+

        * Loop: 
        +------------+---------+---------+-----------+-----------+-----------+------+----------+
        |            |  Latency (cycles) | Iteration |  Initiation Interval  | Trip |          |
        |  Loop Name |   min   |   max   |  Latency  |  achieved |   target  | Count| Pipelined|
        +------------+---------+---------+-----------+-----------+-----------+------+----------+
        |- Row_Loop  |    10800|  2094120|  10 ~ 1939|          -|          -|  1080|        no|
        +------------+---------+---------+-----------+-----------+-----------+------+----------+



================================================================
== Utilization Estimates
================================================================
* Summary: 
+-----------------+---------+------+--------+--------+-----+
|       Name      | BRAM_18K|  DSP |   FF   |   LUT  | URAM|
+-----------------+---------+------+--------+--------+-----+
|DSP              |        -|     -|       -|       -|    -|
|Expression       |        -|     -|       0|     236|    -|
|FIFO             |        -|     -|       -|       -|    -|
|Instance         |        -|     -|    1745|    2346|    -|
|Memory           |        8|     -|       0|       0|    -|
|Multiplexer      |        -|     -|       -|     569|    -|
|Register         |        -|     -|     392|       -|    -|
+-----------------+---------+------+--------+--------+-----+
|Total            |        8|     0|    2137|    3151|    0|
+-----------------+---------+------+--------+--------+-----+
|Available        |      288|  1248|  234240|  117120|   64|
+-----------------+---------+------+--------+--------+-----+
|Utilization (%)  |        2|     0|      ~0|       2|    0|
+-----------------+---------+------+--------+--------+-----+

+ Detail: 
    * Instance: 
    +--------------------------------------------------------------------+---------------------------------------------------------+---------+----+------+------+-----+
    |                              Instance                              |                          Module                         | BRAM_18K| DSP|  FF  |  LUT | URAM|
    +--------------------------------------------------------------------+---------------------------------------------------------+---------+----+------+------+-----+
    |grp_demosaicing_3_13_17_1080_1920_1_false_Pipeline_Col_Loop_fu_322  |demosaicing_3_13_17_1080_1920_1_false_Pipeline_Col_Loop  |        0|   0|  1659|  1858|    0|
    |grp_demosaicing_3_13_17_1080_1920_1_false_Pipeline_Zero_fu_310      |demosaicing_3_13_17_1080_1920_1_false_Pipeline_Zero      |        0|   0|    46|   162|    0|
    |grp_demosaicing_Pipeline_LineBuffer_VITIS_LOOP_269_1_fu_298         |demosaicing_Pipeline_LineBuffer_VITIS_LOOP_269_1         |        0|   0|    40|   166|    0|
    |mux_42_10_1_1_U176                                                  |mux_42_10_1_1                                            |        0|   0|     0|    20|    0|
    |mux_42_10_1_1_U177                                                  |mux_42_10_1_1                                            |        0|   0|     0|    20|    0|
    |mux_42_10_1_1_U178                                                  |mux_42_10_1_1                                            |        0|   0|     0|    20|    0|
    |mux_42_10_1_1_U179                                                  |mux_42_10_1_1                                            |        0|   0|     0|    20|    0|
    |mux_42_10_1_1_U180                                                  |mux_42_10_1_1                                            |        0|   0|     0|    20|    0|
    |mux_42_10_1_1_U181                                                  |mux_42_10_1_1                                            |        0|   0|     0|    20|    0|
    |mux_42_10_1_1_U182                                                  |mux_42_10_1_1                                            |        0|   0|     0|    20|    0|
    |mux_42_10_1_1_U183                                                  |mux_42_10_1_1                                            |        0|   0|     0|    20|    0|
    +--------------------------------------------------------------------+---------------------------------------------------------+---------+----+------+------+-----+
    |Total                                                               |                                                         |        0|   0|  1745|  2346|    0|
    +--------------------------------------------------------------------+---------------------------------------------------------+---------+----+------+------+-----+

    * DSP: 
    N/A

    * Memory: 
    +------------------+------------------------------------------------------------------------+---------+---+----+-----+------+-----+------+-------------+
    |      Memory      |                                 Module                                 | BRAM_18K| FF| LUT| URAM| Words| Bits| Banks| W*Bits*Banks|
    +------------------+------------------------------------------------------------------------+---------+---+----+-----+------+-----+------+-------------+
    |linebuffer_V_U    |demosaicing_3_13_17_1080_1920_1_false_s_linebuffer_V_RAM_T2P_BRAM_1R1W  |        2|  0|   0|    0|  1920|   10|     1|        19200|
    |linebuffer_V_1_U  |demosaicing_3_13_17_1080_1920_1_false_s_linebuffer_V_RAM_T2P_BRAM_1R1W  |        2|  0|   0|    0|  1920|   10|     1|        19200|
    |linebuffer_V_2_U  |demosaicing_3_13_17_1080_1920_1_false_s_linebuffer_V_RAM_T2P_BRAM_1R1W  |        2|  0|   0|    0|  1920|   10|     1|        19200|
    |linebuffer_V_3_U  |demosaicing_3_13_17_1080_1920_1_false_s_linebuffer_V_RAM_T2P_BRAM_1R1W  |        2|  0|   0|    0|  1920|   10|     1|        19200|
    +------------------+------------------------------------------------------------------------+---------+---+----+-----+------+-----+------+-------------+
    |Total             |                                                                        |        8|  0|   0|    0|  7680|   40|     4|        76800|
    +------------------+------------------------------------------------------------------------+---------+---+----+-----+------+-----+------+-------------+

    * FIFO: 
    N/A

    * Expression: 
    +--------------------------+----------+----+---+----+------------+------------+
    |       Variable Name      | Operation| DSP| FF| LUT| Bitwidth P0| Bitwidth P1|
    +--------------------------+----------+----+---+----+------------+------------+
    |add_ln285_fu_716_p2       |         +|   0|  0|  39|          32|           1|
    |i_3_fu_421_p2             |         +|   0|  0|  18|          11|           1|
    |sub161_fu_393_p2          |         +|   0|  0|  19|          12|           3|
    |sub219_fu_399_p2          |         +|   0|  0|  19|          12|           3|
    |cmp162_fu_443_p2          |      icmp|   0|  0|  12|          12|          12|
    |icmp_ln1065_fu_478_p2     |      icmp|   0|  0|   8|           2|           3|
    |icmp_ln269_fu_385_p2      |      icmp|   0|  0|  11|          11|           1|
    |icmp_ln285_fu_416_p2      |      icmp|   0|  0|  11|          11|          11|
    |icmp_ln291_fu_464_p2      |      icmp|   0|  0|  19|          30|           1|
    |icmp_ln294_1_fu_490_p2    |      icmp|   0|  0|   8|           2|           1|
    |icmp_ln294_fu_484_p2      |      icmp|   0|  0|   8|           2|           1|
    |ap_block_state1           |        or|   0|  0|   2|           1|           1|
    |or_ln294_fu_496_p2        |        or|   0|  0|   2|           1|           1|
    |line0_V_1_fu_554_p3       |    select|   0|  0|   2|           1|           2|
    |line1_V_fu_539_p3         |    select|   0|  0|   2|           1|           2|
    |line2_V_fu_569_p3         |    select|   0|  0|   2|           1|           2|
    |line3_V_fu_584_p3         |    select|   0|  0|   2|           1|           2|
    |lineStore_1_fu_470_p3     |    select|   0|  0|  32|           1|           1|
    |select_ln294_2_fu_547_p3  |    select|   0|  0|   3|           1|           1|
    |select_ln294_4_fu_562_p3  |    select|   0|  0|   2|           1|           2|
    |select_ln294_6_fu_577_p3  |    select|   0|  0|   2|           1|           1|
    |select_ln294_fu_532_p3    |    select|   0|  0|   3|           1|           3|
    |select_ln304_1_fu_525_p3  |    select|   0|  0|   3|           1|           3|
    |select_ln304_2_fu_511_p3  |    select|   0|  0|   2|           1|           2|
    |select_ln304_fu_518_p3    |    select|   0|  0|   3|           1|           1|
    |xor_ln304_fu_502_p2       |       xor|   0|  0|   2|           1|           2|
    +--------------------------+----------+----+---+----+------------+------------+
    |Total                     |          |   0|  0| 236|         152|          64|
    +--------------------------+----------+----+---+----+------------+------------+

    * Multiplexer: 
    +------------------------------------------+----+-----------+-----+-----------+
    |                   Name                   | LUT| Input Size| Bits| Total Bits|
    +------------------------------------------+----+-----------+-----+-----------+
    |ap_NS_fsm                                 |  54|         10|    1|         10|
    |ap_done                                   |   9|          2|    1|          2|
    |ap_phi_mux_imgblock_V_11_4_phi_fu_283_p4  |   9|          2|   10|         20|
    |ap_phi_mux_imgblock_V_12_4_phi_fu_274_p4  |   9|          2|   10|         20|
    |ap_phi_mux_imgblock_V_17_4_phi_fu_265_p4  |   9|          2|   10|         20|
    |ap_phi_mux_imgblock_V_7_4_phi_fu_292_p4   |   9|          2|   10|         20|
    |demosaic_out_data241_write                |   9|          2|    1|          2|
    |gain_out_data240_read                     |  14|          3|    1|          3|
    |i_fu_86                                   |   9|          2|   11|         22|
    |imgblock_V_11_4_reg_280                   |   9|          2|   10|         20|
    |imgblock_V_12_4_reg_271                   |   9|          2|   10|         20|
    |imgblock_V_17_4_reg_262                   |   9|          2|   10|         20|
    |imgblock_V_7_4_reg_289                    |   9|          2|   10|         20|
    |line0_V_fu_82                             |   9|          2|    2|          4|
    |lineStore_fu_90                           |   9|          2|   32|         64|
    |linebuffer_V_1_address0                   |  20|          4|   11|         44|
    |linebuffer_V_1_address1                   |  14|          3|   11|         33|
    |linebuffer_V_1_ce0                        |  20|          4|    1|          4|
    |linebuffer_V_1_ce1                        |  14|          3|    1|          3|
    |linebuffer_V_1_d0                         |  14|          3|   10|         30|
    |linebuffer_V_1_we0                        |  14|          3|    1|          3|
    |linebuffer_V_2_address0                   |  20|          4|   11|         44|
    |linebuffer_V_2_address1                   |  14|          3|   11|         33|
    |linebuffer_V_2_ce0                        |  20|          4|    1|          4|
    |linebuffer_V_2_ce1                        |  14|          3|    1|          3|
    |linebuffer_V_2_d0                         |  14|          3|   10|         30|
    |linebuffer_V_2_we0                        |  14|          3|    1|          3|
    |linebuffer_V_3_address0                   |  20|          4|   11|         44|
    |linebuffer_V_3_address1                   |  14|          3|   11|         33|
    |linebuffer_V_3_ce0                        |  20|          4|    1|          4|
    |linebuffer_V_3_ce1                        |  14|          3|    1|          3|
    |linebuffer_V_3_d0                         |  14|          3|   10|         30|
    |linebuffer_V_3_we0                        |  14|          3|    1|          3|
    |linebuffer_V_address0                     |  20|          4|   11|         44|
    |linebuffer_V_address1                     |  14|          3|   11|         33|
    |linebuffer_V_ce0                          |  20|          4|    1|          4|
    |linebuffer_V_ce1                          |  14|          3|    1|          3|
    |linebuffer_V_d0                           |  14|          3|   10|         30|
    |linebuffer_V_we0                          |  14|          3|    1|          3|
    +------------------------------------------+----+-----------+-----+-----------+
    |Total                                     | 569|        119|  269|        735|
    +------------------------------------------+----+-----------+-----+-----------+

    * Register: 
    +---------------------------------------------------------------------------------+----+----+-----+-----------+
    |                                       Name                                      | FF | LUT| Bits| Const Bits|
    +---------------------------------------------------------------------------------+----+----+-----+-----------+
    |ap_CS_fsm                                                                        |   9|   0|    9|          0|
    |ap_done_reg                                                                      |   1|   0|    1|          0|
    |cmp162_reg_946                                                                   |   1|   0|    1|          0|
    |empty_107_reg_1118                                                               |   2|   0|    2|          0|
    |grp_demosaicing_3_13_17_1080_1920_1_false_Pipeline_Col_Loop_fu_322_ap_start_reg  |   1|   0|    1|          0|
    |grp_demosaicing_3_13_17_1080_1920_1_false_Pipeline_Zero_fu_310_ap_start_reg      |   1|   0|    1|          0|
    |grp_demosaicing_Pipeline_LineBuffer_VITIS_LOOP_269_1_fu_298_ap_start_reg         |   1|   0|    1|          0|
    |i_3_reg_929                                                                      |  11|   0|   11|          0|
    |i_fu_86                                                                          |  11|   0|   11|          0|
    |icmp_ln1065_reg_957                                                              |   1|   0|    1|          0|
    |icmp_ln269_reg_867                                                               |   1|   0|    1|          0|
    |icmp_ln294_1_reg_965                                                             |   1|   0|    1|          0|
    |imgblock_V_11_0_fu_98                                                            |  10|   0|   10|          0|
    |imgblock_V_11_4_reg_280                                                          |  10|   0|   10|          0|
    |imgblock_V_12_0_fu_102                                                           |  10|   0|   10|          0|
    |imgblock_V_12_4_reg_271                                                          |  10|   0|   10|          0|
    |imgblock_V_17_0_fu_106                                                           |  10|   0|   10|          0|
    |imgblock_V_17_4_reg_262                                                          |  10|   0|   10|          0|
    |imgblock_V_7_0_fu_94                                                             |  10|   0|   10|          0|
    |imgblock_V_7_4_reg_289                                                           |  10|   0|   10|          0|
    |line0_V_1_reg_1050                                                               |   2|   0|    2|          0|
    |line0_V_fu_82                                                                    |   2|   0|    2|          0|
    |line1_V_reg_1045                                                                 |   2|   0|    2|          0|
    |line2_V_reg_1056                                                                 |   2|   0|    2|          0|
    |line3_V_reg_1061                                                                 |   2|   0|    2|          0|
    |lineStore_1_reg_951                                                              |  32|   0|   32|          0|
    |lineStore_fu_90                                                                  |  32|   0|   32|          0|
    |linebuffer_V_1_load_1_reg_1021                                                   |  10|   0|   10|          0|
    |linebuffer_V_1_load_reg_989                                                      |  10|   0|   10|          0|
    |linebuffer_V_2_load_1_reg_1029                                                   |  10|   0|   10|          0|
    |linebuffer_V_2_load_reg_997                                                      |  10|   0|   10|          0|
    |linebuffer_V_3_load_1_reg_1037                                                   |  10|   0|   10|          0|
    |linebuffer_V_3_load_reg_1005                                                     |  10|   0|   10|          0|
    |linebuffer_V_load_1_reg_1013                                                     |  10|   0|   10|          0|
    |linebuffer_V_load_reg_981                                                        |  10|   0|   10|          0|
    |or_ln294_reg_973                                                                 |   1|   0|    1|          0|
    |p_Val2_28_reg_1083                                                               |  10|   0|   10|          0|
    |p_Val2_29_reg_1088                                                               |  10|   0|   10|          0|
    |p_Val2_30_reg_1093                                                               |  10|   0|   10|          0|
    |p_Val2_31_reg_1098                                                               |  10|   0|   10|          0|
    |p_Val2_32_reg_1103                                                               |  10|   0|   10|          0|
    |p_Val2_33_reg_1108                                                               |  10|   0|   10|          0|
    |p_Val2_34_reg_1113                                                               |  10|   0|   10|          0|
    |p_Val2_s_reg_1078                                                                |  10|   0|   10|          0|
    |sub161_reg_871                                                                   |  12|   0|   12|          0|
    |sub219_reg_876                                                                   |  12|   0|   12|          0|
    |tmp_reg_862                                                                      |  11|   0|   12|          1|
    |trunc_ln285_reg_921                                                              |   1|   0|    1|          0|
    +---------------------------------------------------------------------------------+----+----+-----+-----------+
    |Total                                                                            | 392|   0|  393|          1|
    +---------------------------------------------------------------------------------+----+----+-----+-----------+



================================================================
== Interface
================================================================
* Summary: 
+-------------------------------------+-----+-----+------------+----------------------------------------------+--------------+
|              RTL Ports              | Dir | Bits|  Protocol  |                 Source Object                |    C Type    |
+-------------------------------------+-----+-----+------------+----------------------------------------------+--------------+
|ap_clk                               |   in|    1|  ap_ctrl_hs|  demosaicing<3, 13, 17, 1080, 1920, 1, false>|  return value|
|ap_rst                               |   in|    1|  ap_ctrl_hs|  demosaicing<3, 13, 17, 1080, 1920, 1, false>|  return value|
|ap_start                             |   in|    1|  ap_ctrl_hs|  demosaicing<3, 13, 17, 1080, 1920, 1, false>|  return value|
|ap_done                              |  out|    1|  ap_ctrl_hs|  demosaicing<3, 13, 17, 1080, 1920, 1, false>|  return value|
|ap_continue                          |   in|    1|  ap_ctrl_hs|  demosaicing<3, 13, 17, 1080, 1920, 1, false>|  return value|
|ap_idle                              |  out|    1|  ap_ctrl_hs|  demosaicing<3, 13, 17, 1080, 1920, 1, false>|  return value|
|ap_ready                             |  out|    1|  ap_ctrl_hs|  demosaicing<3, 13, 17, 1080, 1920, 1, false>|  return value|
|p_read                               |   in|   11|     ap_none|                                        p_read|        scalar|
|p_read1                              |   in|   11|     ap_none|                                       p_read1|        scalar|
|gain_out_data240_dout                |   in|   10|     ap_fifo|                              gain_out_data240|       pointer|
|gain_out_data240_num_data_valid      |   in|    2|     ap_fifo|                              gain_out_data240|       pointer|
|gain_out_data240_fifo_cap            |   in|    2|     ap_fifo|                              gain_out_data240|       pointer|
|gain_out_data240_empty_n             |   in|    1|     ap_fifo|                              gain_out_data240|       pointer|
|gain_out_data240_read                |  out|    1|     ap_fifo|                              gain_out_data240|       pointer|
|demosaic_out_data241_din             |  out|   30|     ap_fifo|                          demosaic_out_data241|       pointer|
|demosaic_out_data241_num_data_valid  |   in|    2|     ap_fifo|                          demosaic_out_data241|       pointer|
|demosaic_out_data241_fifo_cap        |   in|    2|     ap_fifo|                          demosaic_out_data241|       pointer|
|demosaic_out_data241_full_n          |   in|    1|     ap_fifo|                          demosaic_out_data241|       pointer|
|demosaic_out_data241_write           |  out|    1|     ap_fifo|                          demosaic_out_data241|       pointer|
+-------------------------------------+-----+-----+------------+----------------------------------------------+--------------+

