

================================================================
== Vitis HLS Report for 'entry_proc'
================================================================
* Date:           Wed Sep  4 19:39:18 2024

* Version:        2022.1 (Build 3526262 on Mon Apr 18 15:47:01 MDT 2022)
* Project:        isppipeline.prj
* Solution:       sol1 (Vivado IP Flow Target)
* Product family: zynquplus
* Target device:  xck26-sfvc784-2LV-c


================================================================
== Performance Estimates
================================================================
+ Timing: 
    * Summary: 
    +--------+---------+----------+------------+
    |  Clock |  Target | Estimated| Uncertainty|
    +--------+---------+----------+------------+
    |ap_clk  |  3.30 ns|  1.204 ns|     0.89 ns|
    +--------+---------+----------+------------+

+ Latency: 
    * Summary: 
    +---------+---------+----------+----------+-----+-----+---------+
    |  Latency (cycles) |  Latency (absolute) |  Interval | Pipeline|
    |   min   |   max   |    min   |    max   | min | max |   Type  |
    +---------+---------+----------+----------+-----+-----+---------+
    |        0|        0|      0 ns|      0 ns|    0|    0|       no|
    +---------+---------+----------+----------+-----+-----+---------+

    + Detail: 
        * Instance: 
        N/A

        * Loop: 
        N/A



================================================================
== Utilization Estimates
================================================================
* Summary: 
+-----------------+---------+------+--------+--------+-----+
|       Name      | BRAM_18K|  DSP |   FF   |   LUT  | URAM|
+-----------------+---------+------+--------+--------+-----+
|DSP              |        -|     -|       -|       -|    -|
|Expression       |        -|     -|       0|       2|    -|
|FIFO             |        -|     -|       -|       -|    -|
|Instance         |        -|     -|       -|       -|    -|
|Memory           |        -|     -|       -|       -|    -|
|Multiplexer      |        -|     -|       -|      27|    -|
|Register         |        -|     -|       2|       -|    -|
+-----------------+---------+------+--------+--------+-----+
|Total            |        0|     0|       2|      29|    0|
+-----------------+---------+------+--------+--------+-----+
|Available        |      288|  1248|  234240|  117120|   64|
+-----------------+---------+------+--------+--------+-----+
|Utilization (%)  |        0|     0|      ~0|      ~0|    0|
+-----------------+---------+------+--------+--------+-----+

+ Detail: 
    * Instance: 
    N/A

    * DSP: 
    N/A

    * Memory: 
    N/A

    * FIFO: 
    N/A

    * Expression: 
    +-----------------+----------+----+---+----+------------+------------+
    |  Variable Name  | Operation| DSP| FF| LUT| Bitwidth P0| Bitwidth P1|
    +-----------------+----------+----+---+----+------------+------------+
    |ap_block_state1  |        or|   0|  0|   2|           1|           1|
    +-----------------+----------+----+---+----+------------+------------+
    |Total            |          |   0|  0|   2|           1|           1|
    +-----------------+----------+----+---+----+------------+------------+

    * Multiplexer: 
    +---------------+----+-----------+-----+-----------+
    |      Name     | LUT| Input Size| Bits| Total Bits|
    +---------------+----+-----------+-----+-----------+
    |ap_done        |   9|          2|    1|          2|
    |bgain_c_blk_n  |   9|          2|    1|          2|
    |rgain_c_blk_n  |   9|          2|    1|          2|
    +---------------+----+-----------+-----+-----------+
    |Total          |  27|          6|    3|          6|
    +---------------+----+-----------+-----+-----------+

    * Register: 
    +-------------+---+----+-----+-----------+
    |     Name    | FF| LUT| Bits| Const Bits|
    +-------------+---+----+-----+-----------+
    |ap_CS_fsm    |  1|   0|    1|          0|
    |ap_done_reg  |  1|   0|    1|          0|
    +-------------+---+----+-----+-----------+
    |Total        |  2|   0|    2|          0|
    +-------------+---+----+-----+-----------+



================================================================
== Interface
================================================================
* Summary: 
+------------------------+-----+-----+------------+--------------+--------------+
|        RTL Ports       | Dir | Bits|  Protocol  | Source Object|    C Type    |
+------------------------+-----+-----+------------+--------------+--------------+
|ap_clk                  |   in|    1|  ap_ctrl_hs|    entry_proc|  return value|
|ap_rst                  |   in|    1|  ap_ctrl_hs|    entry_proc|  return value|
|ap_start                |   in|    1|  ap_ctrl_hs|    entry_proc|  return value|
|ap_done                 |  out|    1|  ap_ctrl_hs|    entry_proc|  return value|
|ap_continue             |   in|    1|  ap_ctrl_hs|    entry_proc|  return value|
|ap_idle                 |  out|    1|  ap_ctrl_hs|    entry_proc|  return value|
|ap_ready                |  out|    1|  ap_ctrl_hs|    entry_proc|  return value|
|rgain                   |   in|   16|     ap_none|         rgain|        scalar|
|rgain_c_din             |  out|   16|     ap_fifo|       rgain_c|       pointer|
|rgain_c_num_data_valid  |   in|    4|     ap_fifo|       rgain_c|       pointer|
|rgain_c_fifo_cap        |   in|    4|     ap_fifo|       rgain_c|       pointer|
|rgain_c_full_n          |   in|    1|     ap_fifo|       rgain_c|       pointer|
|rgain_c_write           |  out|    1|     ap_fifo|       rgain_c|       pointer|
|bgain                   |   in|   16|     ap_none|         bgain|        scalar|
|bgain_c_din             |  out|   16|     ap_fifo|       bgain_c|       pointer|
|bgain_c_num_data_valid  |   in|    4|     ap_fifo|       bgain_c|       pointer|
|bgain_c_fifo_cap        |   in|    4|     ap_fifo|       bgain_c|       pointer|
|bgain_c_full_n          |   in|    1|     ap_fifo|       bgain_c|       pointer|
|bgain_c_write           |  out|    1|     ap_fifo|       bgain_c|       pointer|
+------------------------+-----+-----+------------+--------------+--------------+

