

================================================================
== Vitis HLS Report for 'fifo_copy_17_17_1080_1920_1_Pipeline_Col_Loop'
================================================================
* Date:           Wed Sep  4 19:39:22 2024

* Version:        2022.1 (Build 3526262 on Mon Apr 18 15:47:01 MDT 2022)
* Project:        isppipeline.prj
* Solution:       sol1 (Vivado IP Flow Target)
* Product family: zynquplus
* Target device:  xck26-sfvc784-2LV-c


================================================================
== Performance Estimates
================================================================
+ Timing: 
    * Summary: 
    +--------+---------+----------+------------+
    |  Clock |  Target | Estimated| Uncertainty|
    +--------+---------+----------+------------+
    |ap_clk  |  3.30 ns|  2.409 ns|     0.89 ns|
    +--------+---------+----------+------------+

+ Latency: 
    * Summary: 
    +---------+---------+----------+----------+------+------+---------+
    |  Latency (cycles) |  Latency (absolute) |   Interval  | Pipeline|
    |   min   |   max   |    min   |    max   |  min |  max |   Type  |
    +---------+---------+----------+----------+------+------+---------+
    |     1922|     1922|  6.343 us|  6.343 us|  1922|  1922|       no|
    +---------+---------+----------+----------+------+------+---------+

    + Detail: 
        * Instance: 
        N/A

        * Loop: 
        +------------+---------+---------+----------+-----------+-----------+------+----------+
        |            |  Latency (cycles) | Iteration|  Initiation Interval  | Trip |          |
        |  Loop Name |   min   |   max   |  Latency |  achieved |   target  | Count| Pipelined|
        +------------+---------+---------+----------+-----------+-----------+------+----------+
        |- Col_Loop  |     1920|     1920|         2|          1|          1|  1920|       yes|
        +------------+---------+---------+----------+-----------+-----------+------+----------+



================================================================
== Utilization Estimates
================================================================
* Summary: 
+-----------------+---------+------+--------+--------+-----+
|       Name      | BRAM_18K|  DSP |   FF   |   LUT  | URAM|
+-----------------+---------+------+--------+--------+-----+
|DSP              |        -|     -|       -|       -|    -|
|Expression       |        -|     -|       0|      35|    -|
|FIFO             |        -|     -|       -|       -|    -|
|Instance         |        -|     -|       -|       -|    -|
|Memory           |        -|     -|       -|       -|    -|
|Multiplexer      |        -|     -|       -|      54|    -|
|Register         |        -|     -|      14|       -|    -|
+-----------------+---------+------+--------+--------+-----+
|Total            |        0|     0|      14|      89|    0|
+-----------------+---------+------+--------+--------+-----+
|Available        |      288|  1248|  234240|  117120|   64|
+-----------------+---------+------+--------+--------+-----+
|Utilization (%)  |        0|     0|      ~0|      ~0|    0|
+-----------------+---------+------+--------+--------+-----+

+ Detail: 
    * Instance: 
    N/A

    * DSP: 
    N/A

    * Memory: 
    N/A

    * FIFO: 
    N/A

    * Expression: 
    +----------------------------------+----------+----+---+----+------------+------------+
    |           Variable Name          | Operation| DSP| FF| LUT| Bitwidth P0| Bitwidth P1|
    +----------------------------------+----------+----+---+----+------------+------------+
    |col_V_2_fu_76_p2                  |         +|   0|  0|  18|          11|           1|
    |ap_block_pp0_stage0_01001         |       and|   0|  0|   2|           1|           1|
    |icmp_ln193_fu_70_p2               |      icmp|   0|  0|  11|          11|          11|
    |ap_block_state2_pp0_stage0_iter1  |        or|   0|  0|   2|           1|           1|
    |ap_enable_pp0                     |       xor|   0|  0|   2|           1|           2|
    +----------------------------------+----------+----+---+----+------------+------------+
    |Total                             |          |   0|  0|  35|          25|          16|
    +----------------------------------+----------+----+---+----+------------+------------+

    * Multiplexer: 
    +----------------------------+----+-----------+-----+-----------+
    |            Name            | LUT| Input Size| Bits| Total Bits|
    +----------------------------+----+-----------+-----+-----------+
    |ap_done_int                 |   9|          2|    1|          2|
    |ap_enable_reg_pp0_iter1     |   9|          2|    1|          2|
    |ap_sig_allocacmp_col_V_1    |   9|          2|   11|         22|
    |col_V_fu_38                 |   9|          2|   11|         22|
    |demosaic_out_data241_blk_n  |   9|          2|    1|          2|
    |ltm_in_data242_blk_n        |   9|          2|    1|          2|
    +----------------------------+----+-----------+-----+-----------+
    |Total                       |  54|         12|   26|         52|
    +----------------------------+----+-----------+-----+-----------+

    * Register: 
    +-------------------------+----+----+-----+-----------+
    |           Name          | FF | LUT| Bits| Const Bits|
    +-------------------------+----+----+-----+-----------+
    |ap_CS_fsm                |   1|   0|    1|          0|
    |ap_done_reg              |   1|   0|    1|          0|
    |ap_enable_reg_pp0_iter1  |   1|   0|    1|          0|
    |col_V_fu_38              |  11|   0|   11|          0|
    +-------------------------+----+----+-----+-----------+
    |Total                    |  14|   0|   14|          0|
    +-------------------------+----+----+-----+-----------+



================================================================
== Interface
================================================================
* Summary: 
+-------------------------------------+-----+-----+------------+----------------------------------------------------+--------------+
|              RTL Ports              | Dir | Bits|  Protocol  |                    Source Object                   |    C Type    |
+-------------------------------------+-----+-----+------------+----------------------------------------------------+--------------+
|ap_clk                               |   in|    1|  ap_ctrl_hs|  fifo_copy<17, 17, 1080, 1920, 1>_Pipeline_Col_Loop|  return value|
|ap_rst                               |   in|    1|  ap_ctrl_hs|  fifo_copy<17, 17, 1080, 1920, 1>_Pipeline_Col_Loop|  return value|
|ap_start                             |   in|    1|  ap_ctrl_hs|  fifo_copy<17, 17, 1080, 1920, 1>_Pipeline_Col_Loop|  return value|
|ap_done                              |  out|    1|  ap_ctrl_hs|  fifo_copy<17, 17, 1080, 1920, 1>_Pipeline_Col_Loop|  return value|
|ap_idle                              |  out|    1|  ap_ctrl_hs|  fifo_copy<17, 17, 1080, 1920, 1>_Pipeline_Col_Loop|  return value|
|ap_ready                             |  out|    1|  ap_ctrl_hs|  fifo_copy<17, 17, 1080, 1920, 1>_Pipeline_Col_Loop|  return value|
|demosaic_out_data241_dout            |   in|   30|     ap_fifo|                                demosaic_out_data241|       pointer|
|demosaic_out_data241_num_data_valid  |   in|    2|     ap_fifo|                                demosaic_out_data241|       pointer|
|demosaic_out_data241_fifo_cap        |   in|    2|     ap_fifo|                                demosaic_out_data241|       pointer|
|demosaic_out_data241_empty_n         |   in|    1|     ap_fifo|                                demosaic_out_data241|       pointer|
|demosaic_out_data241_read            |  out|    1|     ap_fifo|                                demosaic_out_data241|       pointer|
|ltm_in_data242_din                   |  out|   30|     ap_fifo|                                      ltm_in_data242|       pointer|
|ltm_in_data242_num_data_valid        |   in|    2|     ap_fifo|                                      ltm_in_data242|       pointer|
|ltm_in_data242_fifo_cap              |   in|    2|     ap_fifo|                                      ltm_in_data242|       pointer|
|ltm_in_data242_full_n                |   in|    1|     ap_fifo|                                      ltm_in_data242|       pointer|
|ltm_in_data242_write                 |  out|    1|     ap_fifo|                                      ltm_in_data242|       pointer|
|width                                |   in|   11|     ap_none|                                               width|        scalar|
+-------------------------------------+-----+-----+------------+----------------------------------------------------+--------------+

