

================================================================
== Vitis HLS Report for 'g_kernel_ap_uint_10_5_s'
================================================================
* Date:           Wed Sep  4 19:39:20 2024

* Version:        2022.1 (Build 3526262 on Mon Apr 18 15:47:01 MDT 2022)
* Project:        isppipeline.prj
* Solution:       sol1 (Vivado IP Flow Target)
* Product family: zynquplus
* Target device:  xck26-sfvc784-2LV-c


================================================================
== Performance Estimates
================================================================
+ Timing: 
    * Summary: 
    +--------+---------+----------+------------+
    |  Clock |  Target | Estimated| Uncertainty|
    +--------+---------+----------+------------+
    |ap_clk  |  3.30 ns|  2.394 ns|     0.89 ns|
    +--------+---------+----------+------------+

+ Latency: 
    * Summary: 
    +---------+---------+----------+----------+-----+-----+---------+
    |  Latency (cycles) |  Latency (absolute) |  Interval | Pipeline|
    |   min   |   max   |    min   |    max   | min | max |   Type  |
    +---------+---------+----------+----------+-----+-----+---------+
    |        2|        2|  6.600 ns|  6.600 ns|    1|    1|      yes|
    +---------+---------+----------+----------+-----+-----+---------+

    + Detail: 
        * Instance: 
        N/A

        * Loop: 
        N/A



================================================================
== Utilization Estimates
================================================================
* Summary: 
+-----------------+---------+------+--------+--------+-----+
|       Name      | BRAM_18K|  DSP |   FF   |   LUT  | URAM|
+-----------------+---------+------+--------+--------+-----+
|DSP              |        -|     -|       -|       -|    -|
|Expression       |        -|     -|       0|     221|    -|
|FIFO             |        -|     -|       -|       -|    -|
|Instance         |        -|     -|       -|       -|    -|
|Memory           |        -|     -|       -|       -|    -|
|Multiplexer      |        -|     -|       -|      14|    -|
|Register         |        -|     -|     154|       -|    -|
+-----------------+---------+------+--------+--------+-----+
|Total            |        0|     0|     154|     235|    0|
+-----------------+---------+------+--------+--------+-----+
|Available        |      288|  1248|  234240|  117120|   64|
+-----------------+---------+------+--------+--------+-----+
|Utilization (%)  |        0|     0|      ~0|      ~0|    0|
+-----------------+---------+------+--------+--------+-----+

+ Detail: 
    * Instance: 
    N/A

    * DSP: 
    N/A

    * Memory: 
    N/A

    * FIFO: 
    N/A

    * Expression: 
    +-------------------------+----------+----+---+----+------------+------------+
    |      Variable Name      | Operation| DSP| FF| LUT| Bitwidth P0| Bitwidth P1|
    +-------------------------+----------+----+---+----+------------+------------+
    |add_ln1541_15_fu_172_p2  |         +|   0|  0|  18|          11|          11|
    |add_ln1541_fu_126_p2     |         +|   0|  0|  18|          11|          11|
    |add_ln64_fu_220_p2       |         +|   0|  0|  22|          15|          15|
    |ret_V_43_fu_108_p2       |         +|   0|  0|  18|          11|          11|
    |ret_V_44_fu_136_p2       |         +|   0|  0|  19|          12|          12|
    |ret_V_45_fu_154_p2       |         +|   0|  0|  18|          11|          11|
    |ret_V_fu_182_p2          |         +|   0|  0|  19|          12|          12|
    |sub_ln61_fu_200_p2       |         -|   0|  0|  20|          13|          13|
    |sub_ln64_1_fu_267_p2     |         -|   0|  0|  21|           1|          14|
    |sub_ln64_fu_234_p2       |         -|   0|  0|  22|           1|          15|
    |res_fu_280_p3            |    select|   0|  0|  14|           1|          14|
    |select_ln65_fu_299_p3    |    select|   0|  0|  12|           1|           1|
    +-------------------------+----------+----+---+----+------------+------------+
    |Total                    |          |   0|  0| 221|         100|         140|
    +-------------------------+----------+----+---+----+------------+------------+

    * Multiplexer: 
    +-----------+----+-----------+-----+-----------+
    |    Name   | LUT| Input Size| Bits| Total Bits|
    +-----------+----+-----------+-----+-----------+
    |ap_return  |  14|          3|   13|         39|
    +-----------+----+-----------+-----+-----------+
    |Total      |  14|          3|   13|         39|
    +-----------+----+-----------+-----+-----------+

    * Register: 
    +----------------------+----+----+-----+-----------+
    |         Name         | FF | LUT| Bits| Const Bits|
    +----------------------+----+----+-----+-----------+
    |ap_ce_reg             |   1|   0|    1|          0|
    |ap_return_int_reg     |  13|   0|   13|          0|
    |p_read1_int_reg       |  10|   0|   10|          0|
    |p_read2_int_reg       |  10|   0|   10|          0|
    |p_read3_int_reg       |  10|   0|   10|          0|
    |p_read4_int_reg       |  10|   0|   10|          0|
    |p_read5_int_reg       |  10|   0|   10|          0|
    |p_read6_int_reg       |  10|   0|   10|          0|
    |p_read7_int_reg       |  10|   0|   10|          0|
    |p_read8_int_reg       |  10|   0|   10|          0|
    |p_read_int_reg        |  10|   0|   10|          0|
    |ret_V_reg_307         |  12|   0|   12|          0|
    |sub_ln61_reg_312      |  13|   0|   13|          0|
    |tmp_reg_317           |   1|   0|    1|          0|
    |trunc_ln64_1_reg_322  |  12|   0|   12|          0|
    |trunc_ln64_2_reg_327  |  12|   0|   12|          0|
    +----------------------+----+----+-----+-----------+
    |Total                 | 154|   0|  154|          0|
    +----------------------+----+----+-----+-----------+



================================================================
== Interface
================================================================
* Summary: 
+-----------+-----+-----+------------+--------------------------+--------------+
| RTL Ports | Dir | Bits|  Protocol  |       Source Object      |    C Type    |
+-----------+-----+-----+------------+--------------------------+--------------+
|ap_clk     |   in|    1|  ap_ctrl_hs|  g_kernel<ap_uint<10>, 5>|  return value|
|ap_rst     |   in|    1|  ap_ctrl_hs|  g_kernel<ap_uint<10>, 5>|  return value|
|ap_return  |  out|   13|  ap_ctrl_hs|  g_kernel<ap_uint<10>, 5>|  return value|
|ap_ce      |   in|    1|  ap_ctrl_hs|  g_kernel<ap_uint<10>, 5>|  return value|
|p_read     |   in|   10|     ap_none|                    p_read|        scalar|
|p_read1    |   in|   10|     ap_none|                   p_read1|        scalar|
|p_read2    |   in|   10|     ap_none|                   p_read2|        scalar|
|p_read3    |   in|   10|     ap_none|                   p_read3|        scalar|
|p_read4    |   in|   10|     ap_none|                   p_read4|        scalar|
|p_read5    |   in|   10|     ap_none|                   p_read5|        scalar|
|p_read6    |   in|   10|     ap_none|                   p_read6|        scalar|
|p_read7    |   in|   10|     ap_none|                   p_read7|        scalar|
|p_read8    |   in|   10|     ap_none|                   p_read8|        scalar|
+-----------+-----+-----+------------+--------------------------+--------------+

