

================================================================
== Vitis HLS Report for 'gaincontrol_3_13_1080_1920_1_s'
================================================================
* Date:           Wed Sep  4 19:39:19 2024

* Version:        2022.1 (Build 3526262 on Mon Apr 18 15:47:01 MDT 2022)
* Project:        isppipeline.prj
* Solution:       sol1 (Vivado IP Flow Target)
* Product family: zynquplus
* Target device:  xck26-sfvc784-2LV-c


================================================================
== Performance Estimates
================================================================
+ Timing: 
    * Summary: 
    +--------+---------+----------+------------+
    |  Clock |  Target | Estimated| Uncertainty|
    +--------+---------+----------+------------+
    |ap_clk  |  3.30 ns|  2.315 ns|     0.89 ns|
    +--------+---------+----------+------------+

+ Latency: 
    * Summary: 
    +---------+---------+----------+----------+---------+---------+---------+
    |  Latency (cycles) |  Latency (absolute) |      Interval     | Pipeline|
    |   min   |   max   |    min   |    max   |   min   |   max   |   Type  |
    +---------+---------+----------+----------+---------+---------+---------+
    |  2082241|  2082241|  6.871 ms|  6.871 ms|  2082241|  2082241|       no|
    +---------+---------+----------+----------+---------+---------+---------+

    + Detail: 
        * Instance: 
        +---------------------------------------------------------+-----------------------------------------------+---------+---------+----------+----------+------+------+---------+
        |                                                         |                                               |  Latency (cycles) |  Latency (absolute) |   Interval  | Pipeline|
        |                         Instance                        |                     Module                    |   min   |   max   |    min   |    max   |  min |  max |   Type  |
        +---------------------------------------------------------+-----------------------------------------------+---------+---------+----------+----------+------+------+---------+
        |grp_gaincontrol_3_13_1080_1920_1_Pipeline_ColLoop_fu_82  |gaincontrol_3_13_1080_1920_1_Pipeline_ColLoop  |     1926|     1926|  6.356 us|  6.356 us|  1926|  1926|       no|
        +---------------------------------------------------------+-----------------------------------------------+---------+---------+----------+----------+------+------+---------+

        * Loop: 
        +-----------+---------+---------+----------+-----------+-----------+------+----------+
        |           |  Latency (cycles) | Iteration|  Initiation Interval  | Trip |          |
        | Loop Name |   min   |   max   |  Latency |  achieved |   target  | Count| Pipelined|
        +-----------+---------+---------+----------+-----------+-----------+------+----------+
        |- RowLoop  |  2082240|  2082240|      1928|          -|          -|  1080|        no|
        +-----------+---------+---------+----------+-----------+-----------+------+----------+



================================================================
== Utilization Estimates
================================================================
* Summary: 
+-----------------+---------+------+--------+--------+-----+
|       Name      | BRAM_18K|  DSP |   FF   |   LUT  | URAM|
+-----------------+---------+------+--------+--------+-----+
|DSP              |        -|     -|       -|       -|    -|
|Expression       |        -|     -|       0|      31|    -|
|FIFO             |        -|     -|       -|       -|    -|
|Instance         |        -|     2|     203|     217|    -|
|Memory           |        -|     -|       -|       -|    -|
|Multiplexer      |        -|     -|       -|      74|    -|
|Register         |        -|     -|      49|       -|    -|
+-----------------+---------+------+--------+--------+-----+
|Total            |        0|     2|     252|     322|    0|
+-----------------+---------+------+--------+--------+-----+
|Available        |      288|  1248|  234240|  117120|   64|
+-----------------+---------+------+--------+--------+-----+
|Utilization (%)  |        0|    ~0|      ~0|      ~0|    0|
+-----------------+---------+------+--------+--------+-----+

+ Detail: 
    * Instance: 
    +---------------------------------------------------------+-----------------------------------------------+---------+----+-----+-----+-----+
    |                         Instance                        |                     Module                    | BRAM_18K| DSP|  FF | LUT | URAM|
    +---------------------------------------------------------+-----------------------------------------------+---------+----+-----+-----+-----+
    |grp_gaincontrol_3_13_1080_1920_1_Pipeline_ColLoop_fu_82  |gaincontrol_3_13_1080_1920_1_Pipeline_ColLoop  |        0|   2|  203|  217|    0|
    +---------------------------------------------------------+-----------------------------------------------+---------+----+-----+-----+-----+
    |Total                                                    |                                               |        0|   2|  203|  217|    0|
    +---------------------------------------------------------+-----------------------------------------------+---------+----+-----+-----+-----+

    * DSP: 
    N/A

    * Memory: 
    N/A

    * FIFO: 
    N/A

    * Expression: 
    +---------------------+----------+----+---+----+------------+------------+
    |    Variable Name    | Operation| DSP| FF| LUT| Bitwidth P0| Bitwidth P1|
    +---------------------+----------+----+---+----+------------+------------+
    |i_V_6_fu_112_p2      |         +|   0|  0|  18|          11|           1|
    |icmp_ln86_fu_107_p2  |      icmp|   0|  0|  11|          11|          11|
    |ap_block_state1      |        or|   0|  0|   2|           1|           1|
    +---------------------+----------+----+---+----+------------+------------+
    |Total                |          |   0|  0|  31|          23|          13|
    +---------------------+----------+----+---+----+------------+------------+

    * Multiplexer: 
    +------------------------+----+-----------+-----+-----------+
    |          Name          | LUT| Input Size| Bits| Total Bits|
    +------------------------+----+-----------+-----+-----------+
    |ap_NS_fsm               |  20|          4|    1|          4|
    |ap_done                 |   9|          2|    1|          2|
    |bgain_blk_n             |   9|          2|    1|          2|
    |gain_out_data240_write  |   9|          2|    1|          2|
    |i_V_fu_54               |   9|          2|   11|         22|
    |imgInput2_data239_read  |   9|          2|    1|          2|
    |rgain_blk_n             |   9|          2|    1|          2|
    +------------------------+----+-----------+-----+-----------+
    |Total                   |  74|         16|   17|         36|
    +------------------------+----+-----------+-----+-----------+

    * Register: 
    +----------------------------------------------------------------------+----+----+-----+-----------+
    |                                 Name                                 | FF | LUT| Bits| Const Bits|
    +----------------------------------------------------------------------+----+----+-----+-----------+
    |ap_CS_fsm                                                             |   3|   0|    3|          0|
    |ap_done_reg                                                           |   1|   0|    1|          0|
    |bgain_read_reg_140                                                    |  16|   0|   16|          0|
    |grp_gaincontrol_3_13_1080_1920_1_Pipeline_ColLoop_fu_82_ap_start_reg  |   1|   0|    1|          0|
    |i_V_fu_54                                                             |  11|   0|   11|          0|
    |rgain_read_reg_145                                                    |  16|   0|   16|          0|
    |trunc_ln1073_reg_150                                                  |   1|   0|    1|          0|
    +----------------------------------------------------------------------+----+----+-----+-----------+
    |Total                                                                 |  49|   0|   49|          0|
    +----------------------------------------------------------------------+----+----+-----+-----------+



================================================================
== Interface
================================================================
* Summary: 
+----------------------------------+-----+-----+------------+-----------------------------------+--------------+
|             RTL Ports            | Dir | Bits|  Protocol  |           Source Object           |    C Type    |
+----------------------------------+-----+-----+------------+-----------------------------------+--------------+
|ap_clk                            |   in|    1|  ap_ctrl_hs|  gaincontrol<3, 13, 1080, 1920, 1>|  return value|
|ap_rst                            |   in|    1|  ap_ctrl_hs|  gaincontrol<3, 13, 1080, 1920, 1>|  return value|
|ap_start                          |   in|    1|  ap_ctrl_hs|  gaincontrol<3, 13, 1080, 1920, 1>|  return value|
|ap_done                           |  out|    1|  ap_ctrl_hs|  gaincontrol<3, 13, 1080, 1920, 1>|  return value|
|ap_continue                       |   in|    1|  ap_ctrl_hs|  gaincontrol<3, 13, 1080, 1920, 1>|  return value|
|ap_idle                           |  out|    1|  ap_ctrl_hs|  gaincontrol<3, 13, 1080, 1920, 1>|  return value|
|ap_ready                          |  out|    1|  ap_ctrl_hs|  gaincontrol<3, 13, 1080, 1920, 1>|  return value|
|p_read                            |   in|   11|     ap_none|                             p_read|        scalar|
|p_read1                           |   in|   11|     ap_none|                            p_read1|        scalar|
|imgInput2_data239_dout            |   in|   10|     ap_fifo|                  imgInput2_data239|       pointer|
|imgInput2_data239_num_data_valid  |   in|    2|     ap_fifo|                  imgInput2_data239|       pointer|
|imgInput2_data239_fifo_cap        |   in|    2|     ap_fifo|                  imgInput2_data239|       pointer|
|imgInput2_data239_empty_n         |   in|    1|     ap_fifo|                  imgInput2_data239|       pointer|
|imgInput2_data239_read            |  out|    1|     ap_fifo|                  imgInput2_data239|       pointer|
|gain_out_data240_din              |  out|   10|     ap_fifo|                   gain_out_data240|       pointer|
|gain_out_data240_num_data_valid   |   in|    2|     ap_fifo|                   gain_out_data240|       pointer|
|gain_out_data240_fifo_cap         |   in|    2|     ap_fifo|                   gain_out_data240|       pointer|
|gain_out_data240_full_n           |   in|    1|     ap_fifo|                   gain_out_data240|       pointer|
|gain_out_data240_write            |  out|    1|     ap_fifo|                   gain_out_data240|       pointer|
|rgain_dout                        |   in|   16|     ap_fifo|                              rgain|       pointer|
|rgain_num_data_valid              |   in|    4|     ap_fifo|                              rgain|       pointer|
|rgain_fifo_cap                    |   in|    4|     ap_fifo|                              rgain|       pointer|
|rgain_empty_n                     |   in|    1|     ap_fifo|                              rgain|       pointer|
|rgain_read                        |  out|    1|     ap_fifo|                              rgain|       pointer|
|bgain_dout                        |   in|   16|     ap_fifo|                              bgain|       pointer|
|bgain_num_data_valid              |   in|    4|     ap_fifo|                              bgain|       pointer|
|bgain_fifo_cap                    |   in|    4|     ap_fifo|                              bgain|       pointer|
|bgain_empty_n                     |   in|    1|     ap_fifo|                              bgain|       pointer|
|bgain_read                        |  out|    1|     ap_fifo|                              bgain|       pointer|
+----------------------------------+-----+-----+------------+-----------------------------------+--------------+

