

================================================================
== Vitis HLS Report for 'rb_kernel_ap_uint_10_5_s'
================================================================
* Date:           Wed Sep  4 19:39:20 2024

* Version:        2022.1 (Build 3526262 on Mon Apr 18 15:47:01 MDT 2022)
* Project:        isppipeline.prj
* Solution:       sol1 (Vivado IP Flow Target)
* Product family: zynquplus
* Target device:  xck26-sfvc784-2LV-c


================================================================
== Performance Estimates
================================================================
+ Timing: 
    * Summary: 
    +--------+---------+----------+------------+
    |  Clock |  Target | Estimated| Uncertainty|
    +--------+---------+----------+------------+
    |ap_clk  |  3.30 ns|  1.695 ns|     0.89 ns|
    +--------+---------+----------+------------+

+ Latency: 
    * Summary: 
    +---------+---------+----------+----------+-----+-----+---------+
    |  Latency (cycles) |  Latency (absolute) |  Interval | Pipeline|
    |   min   |   max   |    min   |    max   | min | max |   Type  |
    +---------+---------+----------+----------+-----+-----+---------+
    |        3|        3|  9.900 ns|  9.900 ns|    1|    1|      yes|
    +---------+---------+----------+----------+-----+-----+---------+

    + Detail: 
        * Instance: 
        N/A

        * Loop: 
        N/A



================================================================
== Utilization Estimates
================================================================
* Summary: 
+-----------------+---------+------+--------+--------+-----+
|       Name      | BRAM_18K|  DSP |   FF   |   LUT  | URAM|
+-----------------+---------+------+--------+--------+-----+
|DSP              |        -|     -|       -|       -|    -|
|Expression       |        -|     -|       0|     268|    -|
|FIFO             |        -|     -|       -|       -|    -|
|Instance         |        -|     -|       -|       -|    -|
|Memory           |        -|     -|       -|       -|    -|
|Multiplexer      |        -|     -|       -|      14|    -|
|Register         |        -|     -|     192|       -|    -|
+-----------------+---------+------+--------+--------+-----+
|Total            |        0|     0|     192|     282|    0|
+-----------------+---------+------+--------+--------+-----+
|Available        |      288|  1248|  234240|  117120|   64|
+-----------------+---------+------+--------+--------+-----+
|Utilization (%)  |        0|     0|      ~0|      ~0|    0|
+-----------------+---------+------+--------+--------+-----+

+ Detail: 
    * Instance: 
    N/A

    * DSP: 
    N/A

    * Memory: 
    N/A

    * FIFO: 
    N/A

    * Expression: 
    +-------------------------+----------+----+---+----+------------+------------+
    |      Variable Name      | Operation| DSP| FF| LUT| Bitwidth P0| Bitwidth P1|
    +-------------------------+----------+----+---+----+------------+------------+
    |add_ln1541_11_fu_180_p2  |         +|   0|  0|  18|          11|          11|
    |add_ln1541_fu_138_p2     |         +|   0|  0|  18|          11|          11|
    |add_ln80_fu_282_p2       |         +|   0|  0|  23|          16|          16|
    |ret_V_36_fu_120_p2       |         +|   0|  0|  18|          11|          11|
    |ret_V_37_fu_148_p2       |         +|   0|  0|  19|          12|          12|
    |ret_V_38_fu_162_p2       |         +|   0|  0|  18|          11|          11|
    |ret_V_fu_190_p2          |         +|   0|  0|  19|          12|          12|
    |sub_ln75_fu_210_p2       |         -|   0|  0|  22|          15|          15|
    |sub_ln79_fu_262_p2       |         -|   0|  0|  22|          15|          15|
    |sub_ln80_1_fu_325_p2     |         -|   0|  0|  21|           1|          14|
    |sub_ln80_fu_296_p2       |         -|   0|  0|  23|           1|          16|
    |t3_fu_252_p2             |         -|   0|  0|  21|          14|          14|
    |res_fu_334_p3            |    select|   0|  0|  14|           1|          14|
    |select_ln81_fu_353_p3    |    select|   0|  0|  12|           1|           1|
    +-------------------------+----------+----+---+----+------------+------------+
    |Total                    |          |   0|  0| 268|         132|         173|
    +-------------------------+----------+----+---+----+------------+------------+

    * Multiplexer: 
    +-----------+----+-----------+-----+-----------+
    |    Name   | LUT| Input Size| Bits| Total Bits|
    +-----------+----+-----------+-----+-----------+
    |ap_return  |  14|          3|   13|         39|
    +-----------+----+-----------+-----+-----------+
    |Total      |  14|          3|   13|         39|
    +-----------+----+-----------+-----+-----------+

    * Register: 
    +-----------------------------+----+----+-----+-----------+
    |             Name            | FF | LUT| Bits| Const Bits|
    +-----------------------------+----+----+-----+-----------+
    |ap_ce_reg                    |   1|   0|    1|          0|
    |ap_return_int_reg            |  13|   0|   13|          0|
    |p_read1_int_reg              |  10|   0|   10|          0|
    |p_read2_int_reg              |  10|   0|   10|          0|
    |p_read3_int_reg              |  10|   0|   10|          0|
    |p_read413_reg_361            |  10|   0|   10|          0|
    |p_read4_int_reg              |  10|   0|   10|          0|
    |p_read5_int_reg              |  10|   0|   10|          0|
    |p_read6_int_reg              |  10|   0|   10|          0|
    |p_read7_int_reg              |  10|   0|   10|          0|
    |p_read8_int_reg              |  10|   0|   10|          0|
    |p_read_int_reg               |  10|   0|   10|          0|
    |ret_V_37_reg_367             |  12|   0|   12|          0|
    |ret_V_reg_373                |  12|   0|   12|          0|
    |ret_V_reg_373_pp0_iter1_reg  |  12|   0|   12|          0|
    |sub_ln79_reg_378             |  15|   0|   15|          0|
    |tmp_reg_383                  |   1|   0|    1|          0|
    |trunc_ln80_1_reg_388         |  13|   0|   13|          0|
    |trunc_ln80_2_reg_393         |  13|   0|   13|          0|
    +-----------------------------+----+----+-----+-----------+
    |Total                        | 192|   0|  192|          0|
    +-----------------------------+----+----+-----+-----------+



================================================================
== Interface
================================================================
* Summary: 
+-----------+-----+-----+------------+---------------------------+--------------+
| RTL Ports | Dir | Bits|  Protocol  |       Source Object       |    C Type    |
+-----------+-----+-----+------------+---------------------------+--------------+
|ap_clk     |   in|    1|  ap_ctrl_hs|  rb_kernel<ap_uint<10>, 5>|  return value|
|ap_rst     |   in|    1|  ap_ctrl_hs|  rb_kernel<ap_uint<10>, 5>|  return value|
|ap_return  |  out|   13|  ap_ctrl_hs|  rb_kernel<ap_uint<10>, 5>|  return value|
|ap_ce      |   in|    1|  ap_ctrl_hs|  rb_kernel<ap_uint<10>, 5>|  return value|
|p_read     |   in|   10|     ap_none|                     p_read|        scalar|
|p_read1    |   in|   10|     ap_none|                    p_read1|        scalar|
|p_read2    |   in|   10|     ap_none|                    p_read2|        scalar|
|p_read3    |   in|   10|     ap_none|                    p_read3|        scalar|
|p_read4    |   in|   10|     ap_none|                    p_read4|        scalar|
|p_read5    |   in|   10|     ap_none|                    p_read5|        scalar|
|p_read6    |   in|   10|     ap_none|                    p_read6|        scalar|
|p_read7    |   in|   10|     ap_none|                    p_read7|        scalar|
|p_read8    |   in|   10|     ap_none|                    p_read8|        scalar|
+-----------+-----+-----+------------+---------------------------+--------------+

