

================================================================
== Vitis HLS Report for 'rgb_bgr_kernel_ap_uint_10_5_s'
================================================================
* Date:           Wed Sep  4 19:39:20 2024

* Version:        2022.1 (Build 3526262 on Mon Apr 18 15:47:01 MDT 2022)
* Project:        isppipeline.prj
* Solution:       sol1 (Vivado IP Flow Target)
* Product family: zynquplus
* Target device:  xck26-sfvc784-2LV-c


================================================================
== Performance Estimates
================================================================
+ Timing: 
    * Summary: 
    +--------+---------+----------+------------+
    |  Clock |  Target | Estimated| Uncertainty|
    +--------+---------+----------+------------+
    |ap_clk  |  3.30 ns|  2.394 ns|     0.89 ns|
    +--------+---------+----------+------------+

+ Latency: 
    * Summary: 
    +---------+---------+----------+----------+-----+-----+---------+
    |  Latency (cycles) |  Latency (absolute) |  Interval | Pipeline|
    |   min   |   max   |    min   |    max   | min | max |   Type  |
    +---------+---------+----------+----------+-----+-----+---------+
    |        2|        2|  6.600 ns|  6.600 ns|    1|    1|      yes|
    +---------+---------+----------+----------+-----+-----+---------+

    + Detail: 
        * Instance: 
        N/A

        * Loop: 
        N/A



================================================================
== Utilization Estimates
================================================================
* Summary: 
+-----------------+---------+------+--------+--------+-----+
|       Name      | BRAM_18K|  DSP |   FF   |   LUT  | URAM|
+-----------------+---------+------+--------+--------+-----+
|DSP              |        -|     -|       -|       -|    -|
|Expression       |        -|     -|       0|     279|    -|
|FIFO             |        -|     -|       -|       -|    -|
|Instance         |        -|     -|       -|       -|    -|
|Memory           |        -|     -|       -|       -|    -|
|Multiplexer      |        -|     -|       -|      14|    -|
|Register         |        -|     -|     189|       -|    -|
+-----------------+---------+------+--------+--------+-----+
|Total            |        0|     0|     189|     293|    0|
+-----------------+---------+------+--------+--------+-----+
|Available        |      288|  1248|  234240|  117120|   64|
+-----------------+---------+------+--------+--------+-----+
|Utilization (%)  |        0|     0|      ~0|      ~0|    0|
+-----------------+---------+------+--------+--------+-----+

+ Detail: 
    * Instance: 
    N/A

    * DSP: 
    N/A

    * Memory: 
    N/A

    * FIFO: 
    N/A

    * Expression: 
    +------------------------+----------+----+---+----+------------+------------+
    |      Variable Name     | Operation| DSP| FF| LUT| Bitwidth P0| Bitwidth P1|
    +------------------------+----------+----+---+----+------------+------------+
    |add_ln115_1_fu_258_p2   |         +|   0|  0|  20|          13|          13|
    |add_ln115_2_fu_278_p2   |         +|   0|  0|  21|          14|          14|
    |add_ln115_fu_248_p2     |         +|   0|  0|  18|          11|          11|
    |add_ln1541_6_fu_202_p2  |         +|   0|  0|  18|          11|          11|
    |add_ln1541_fu_174_p2    |         +|   0|  0|  18|          11|          11|
    |ret_V_29_fu_212_p2      |         +|   0|  0|  20|          13|          13|
    |ret_V_30_fu_226_p2      |         +|   0|  0|  18|          11|          11|
    |ret_V_31_fu_156_p2      |         +|   0|  0|  18|          11|          11|
    |ret_V_32_fu_184_p2      |         +|   0|  0|  19|          12|          12|
    |ret_V_fu_128_p2         |         +|   0|  0|  18|          11|          11|
    |sub_ln116_1_fu_315_p2   |         -|   0|  0|  22|           1|          15|
    |sub_ln116_2_fu_338_p2   |         -|   0|  0|  21|           1|          14|
    |sub_ln116_fu_291_p2     |         -|   0|  0|  22|          15|          15|
    |res_fu_351_p3           |    select|   0|  0|  14|           1|          14|
    |select_ln117_fu_370_p3  |    select|   0|  0|  12|           1|           1|
    +------------------------+----------+----+---+----+------------+------------+
    |Total                   |          |   0|  0| 279|         137|         177|
    +------------------------+----------+----+---+----+------------+------------+

    * Multiplexer: 
    +-----------+----+-----------+-----+-----------+
    |    Name   | LUT| Input Size| Bits| Total Bits|
    +-----------+----+-----------+-----+-----------+
    |ap_return  |  14|          3|   13|         39|
    +-----------+----+-----------+-----+-----------+
    |Total      |  14|          3|   13|         39|
    +-----------+----+-----------+-----+-----------+

    * Register: 
    +-----------------------+----+----+-----+-----------+
    |          Name         | FF | LUT| Bits| Const Bits|
    +-----------------------+----+----+-----+-----------+
    |add_ln115_1_reg_388    |  13|   0|   13|          0|
    |ap_ce_reg              |   1|   0|    1|          0|
    |ap_return_int_reg      |  13|   0|   13|          0|
    |p_read10_int_reg       |  10|   0|   10|          0|
    |p_read1_int_reg        |  10|   0|   10|          0|
    |p_read2_int_reg        |  10|   0|   10|          0|
    |p_read3_int_reg        |  10|   0|   10|          0|
    |p_read4_int_reg        |  10|   0|   10|          0|
    |p_read5_int_reg        |  10|   0|   10|          0|
    |p_read6_int_reg        |  10|   0|   10|          0|
    |p_read7_int_reg        |  10|   0|   10|          0|
    |p_read8_int_reg        |  10|   0|   10|          0|
    |p_read9_int_reg        |  10|   0|   10|          0|
    |p_read_int_reg         |  10|   0|   10|          0|
    |ret_V_29_reg_378       |  13|   0|   13|          0|
    |ret_V_30_reg_383       |  11|   0|   11|          0|
    |sub_ln116_reg_393      |  15|   0|   15|          0|
    |tmp_reg_398            |   1|   0|    1|          0|
    |trunc_ln116_2_reg_403  |  12|   0|   12|          0|
    +-----------------------+----+----+-----+-----------+
    |Total                  | 189|   0|  189|          0|
    +-----------------------+----+----+-----+-----------+



================================================================
== Interface
================================================================
* Summary: 
+-----------+-----+-----+------------+--------------------------------+--------------+
| RTL Ports | Dir | Bits|  Protocol  |          Source Object         |    C Type    |
+-----------+-----+-----+------------+--------------------------------+--------------+
|ap_clk     |   in|    1|  ap_ctrl_hs|  rgb_bgr_kernel<ap_uint<10>, 5>|  return value|
|ap_rst     |   in|    1|  ap_ctrl_hs|  rgb_bgr_kernel<ap_uint<10>, 5>|  return value|
|ap_return  |  out|   13|  ap_ctrl_hs|  rgb_bgr_kernel<ap_uint<10>, 5>|  return value|
|ap_ce      |   in|    1|  ap_ctrl_hs|  rgb_bgr_kernel<ap_uint<10>, 5>|  return value|
|p_read     |   in|   10|     ap_none|                          p_read|        scalar|
|p_read1    |   in|   10|     ap_none|                         p_read1|        scalar|
|p_read2    |   in|   10|     ap_none|                         p_read2|        scalar|
|p_read3    |   in|   10|     ap_none|                         p_read3|        scalar|
|p_read4    |   in|   10|     ap_none|                         p_read4|        scalar|
|p_read5    |   in|   10|     ap_none|                         p_read5|        scalar|
|p_read6    |   in|   10|     ap_none|                         p_read6|        scalar|
|p_read7    |   in|   10|     ap_none|                         p_read7|        scalar|
|p_read8    |   in|   10|     ap_none|                         p_read8|        scalar|
|p_read9    |   in|   10|     ap_none|                         p_read9|        scalar|
|p_read10   |   in|   10|     ap_none|                        p_read10|        scalar|
+-----------+-----+-----+------------+--------------------------------+--------------+

