

================================================================
== Vitis HLS Report for 'xf_QuatizationDithering_17_9_1080_1920_256_1024_1_s'
================================================================
* Date:           Wed Sep  4 19:39:29 2024

* Version:        2022.1 (Build 3526262 on Mon Apr 18 15:47:01 MDT 2022)
* Project:        isppipeline.prj
* Solution:       sol1 (Vivado IP Flow Target)
* Product family: zynquplus
* Target device:  xck26-sfvc784-2LV-c


================================================================
== Performance Estimates
================================================================
+ Timing: 
    * Summary: 
    +--------+---------+----------+------------+
    |  Clock |  Target | Estimated| Uncertainty|
    +--------+---------+----------+------------+
    |ap_clk  |  3.30 ns|  2.587 ns|     0.89 ns|
    +--------+---------+----------+------------+

+ Latency: 
    * Summary: 
    +---------+---------+----------+----------+---------+---------+---------+
    |  Latency (cycles) |  Latency (absolute) |      Interval     | Pipeline|
    |   min   |   max   |    min   |    max   |   min   |   max   |   Type  |
    +---------+---------+----------+----------+---------+---------+---------+
    |  2075532|  2075532|  6.849 ms|  6.849 ms|  2075532|  2075532|       no|
    +---------+---------+----------+----------+---------+---------+---------+

    + Detail: 
        * Instance: 
        +--------------------------------------------------------------+----------------------------------------------------+---------+---------+----------+----------+---------+---------+---------+
        |                                                              |                                                    |  Latency (cycles) |  Latency (absolute) |      Interval     | Pipeline|
        |                           Instance                           |                       Module                       |   min   |   max   |    min   |    max   |   min   |   max   |   Type  |
        +--------------------------------------------------------------+----------------------------------------------------+---------+---------+----------+----------+---------+---------+---------+
        |grp_xf_QuatizationDithering_Pipeline_VITIS_LOOP_110_1_fu_54   |xf_QuatizationDithering_Pipeline_VITIS_LOOP_110_1   |     1922|     1922|  6.343 us|  6.343 us|     1922|     1922|       no|
        |grp_xf_QuatizationDithering_Pipeline_LOOP_ROW_LOOP_COL_fu_62  |xf_QuatizationDithering_Pipeline_LOOP_ROW_LOOP_COL  |  2073605|  2073605|  6.843 ms|  6.843 ms|  2073605|  2073605|       no|
        +--------------------------------------------------------------+----------------------------------------------------+---------+---------+----------+----------+---------+---------+---------+

        * Loop: 
        N/A



================================================================
== Utilization Estimates
================================================================
* Summary: 
+-----------------+---------+------+--------+--------+-----+
|       Name      | BRAM_18K|  DSP |   FF   |   LUT  | URAM|
+-----------------+---------+------+--------+--------+-----+
|DSP              |        -|     1|       -|       -|    -|
|Expression       |        -|     -|       0|      21|    -|
|FIFO             |        -|     -|       -|       -|    -|
|Instance         |        -|     -|     709|     995|    -|
|Memory           |        3|     -|       0|       0|    0|
|Multiplexer      |        -|     -|       -|     259|    -|
|Register         |        -|     -|      43|       -|    -|
+-----------------+---------+------+--------+--------+-----+
|Total            |        3|     1|     752|    1275|    0|
+-----------------+---------+------+--------+--------+-----+
|Available        |      288|  1248|  234240|  117120|   64|
+-----------------+---------+------+--------+--------+-----+
|Utilization (%)  |        1|    ~0|      ~0|       1|    0|
+-----------------+---------+------+--------+--------+-----+

+ Detail: 
    * Instance: 
    +--------------------------------------------------------------+----------------------------------------------------+---------+----+-----+-----+-----+
    |                           Instance                           |                       Module                       | BRAM_18K| DSP|  FF | LUT | URAM|
    +--------------------------------------------------------------+----------------------------------------------------+---------+----+-----+-----+-----+
    |grp_xf_QuatizationDithering_Pipeline_LOOP_ROW_LOOP_COL_fu_62  |xf_QuatizationDithering_Pipeline_LOOP_ROW_LOOP_COL  |        0|   0|  696|  939|    0|
    |grp_xf_QuatizationDithering_Pipeline_VITIS_LOOP_110_1_fu_54   |xf_QuatizationDithering_Pipeline_VITIS_LOOP_110_1   |        0|   0|   13|   56|    0|
    +--------------------------------------------------------------+----------------------------------------------------+---------+----+-----+-----+-----+
    |Total                                                         |                                                    |        0|   0|  709|  995|    0|
    +--------------------------------------------------------------+----------------------------------------------------+---------+----+-----+-----+-----+

    * DSP: 
    +-------------------------------+--------------------------+-----------+
    |            Instance           |          Module          | Expression|
    +-------------------------------+--------------------------+-----------+
    |mul_mul_11ns_12ns_22_4_1_U407  |mul_mul_11ns_12ns_22_4_1  |    i0 * i1|
    +-------------------------------+--------------------------+-----------+

    * Memory: 
    +---------------------+----------------------------------------------------------------------------------+---------+---+----+-----+------+-----+------+-------------+
    |        Memory       |                                      Module                                      | BRAM_18K| FF| LUT| URAM| Words| Bits| Banks| W*Bits*Banks|
    +---------------------+----------------------------------------------------------------------------------+---------+---+----+-----+------+-----+------+-------------+
    |offset_buffer_V_U    |xf_QuatizationDithering_17_9_1080_1920_256_1024_1_s_offset_buffer_V_RAM_AUTO_dEe  |        1|  0|   0|    0|  1920|    9|     1|        17280|
    |offset_buffer_V_1_U  |xf_QuatizationDithering_17_9_1080_1920_256_1024_1_s_offset_buffer_V_RAM_AUTO_dEe  |        1|  0|   0|    0|  1920|    9|     1|        17280|
    |offset_buffer_V_2_U  |xf_QuatizationDithering_17_9_1080_1920_256_1024_1_s_offset_buffer_V_RAM_AUTO_dEe  |        1|  0|   0|    0|  1920|    9|     1|        17280|
    +---------------------+----------------------------------------------------------------------------------+---------+---+----+-----+------+-----+------+-------------+
    |Total                |                                                                                  |        3|  0|   0|    0|  5760|   27|     3|        51840|
    +---------------------+----------------------------------------------------------------------------------+---------+---+----+-----+------+-----+------+-------------+

    * FIFO: 
    N/A

    * Expression: 
    +--------------------+----------+----+---+----+------------+------------+
    |    Variable Name   | Operation| DSP| FF| LUT| Bitwidth P0| Bitwidth P1|
    +--------------------+----------+----+---+----+------------+------------+
    |add_ln165_fu_79_p2  |         +|   0|  0|  19|          12|           1|
    |ap_block_state1     |        or|   0|  0|   2|           1|           1|
    +--------------------+----------+----+---+----+------------+------------+
    |Total               |          |   0|  0|  21|          13|           2|
    +--------------------+----------+----+---+----+------------+------------+

    * Multiplexer: 
    +----------------------------+----+-----------+-----+-----------+
    |            Name            | LUT| Input Size| Bits| Total Bits|
    +----------------------------+----+-----------+-----+-----------+
    |aecin_data245_write         |   9|          2|    1|          2|
    |ap_NS_fsm                   |  37|          7|    1|          7|
    |ap_done                     |   9|          2|    1|          2|
    |lsc_out_data243_read        |   9|          2|    1|          2|
    |offset_buffer_V_1_address0  |  14|          3|   11|         33|
    |offset_buffer_V_1_ce0       |  14|          3|    1|          3|
    |offset_buffer_V_1_ce1       |   9|          2|    1|          2|
    |offset_buffer_V_1_d0        |  14|          3|    9|         27|
    |offset_buffer_V_1_we0       |  14|          3|    1|          3|
    |offset_buffer_V_2_address0  |  14|          3|   11|         33|
    |offset_buffer_V_2_ce0       |  14|          3|    1|          3|
    |offset_buffer_V_2_ce1       |   9|          2|    1|          2|
    |offset_buffer_V_2_d0        |  14|          3|    9|         27|
    |offset_buffer_V_2_we0       |  14|          3|    1|          3|
    |offset_buffer_V_address0    |  14|          3|   11|         33|
    |offset_buffer_V_ce0         |  14|          3|    1|          3|
    |offset_buffer_V_ce1         |   9|          2|    1|          2|
    |offset_buffer_V_d0          |  14|          3|    9|         27|
    |offset_buffer_V_we0         |  14|          3|    1|          3|
    +----------------------------+----+-----------+-----+-----------+
    |Total                       | 259|         55|   73|        217|
    +----------------------------+----+-----------+-----+-----------+

    * Register: 
    +---------------------------------------------------------------------------+----+----+-----+-----------+
    |                                    Name                                   | FF | LUT| Bits| Const Bits|
    +---------------------------------------------------------------------------+----+----+-----+-----------+
    |add_ln165_reg_107                                                          |  12|   0|   12|          0|
    |ap_CS_fsm                                                                  |   6|   0|    6|          0|
    |ap_done_reg                                                                |   1|   0|    1|          0|
    |grp_xf_QuatizationDithering_Pipeline_LOOP_ROW_LOOP_COL_fu_62_ap_start_reg  |   1|   0|    1|          0|
    |grp_xf_QuatizationDithering_Pipeline_VITIS_LOOP_110_1_fu_54_ap_start_reg   |   1|   0|    1|          0|
    |mul_ln165_reg_122                                                          |  22|   0|   22|          0|
    +---------------------------------------------------------------------------+----+----+-----+-----------+
    |Total                                                                      |  43|   0|   43|          0|
    +---------------------------------------------------------------------------+----+----+-----+-----------+



================================================================
== Interface
================================================================
* Summary: 
+--------------------------------+-----+-----+------------+----------------------------------------------------------+--------------+
|            RTL Ports           | Dir | Bits|  Protocol  |                       Source Object                      |    C Type    |
+--------------------------------+-----+-----+------------+----------------------------------------------------------+--------------+
|ap_clk                          |   in|    1|  ap_ctrl_hs|  xf_QuatizationDithering<17, 9, 1080, 1920, 256, 1024, 1>|  return value|
|ap_rst                          |   in|    1|  ap_ctrl_hs|  xf_QuatizationDithering<17, 9, 1080, 1920, 256, 1024, 1>|  return value|
|ap_start                        |   in|    1|  ap_ctrl_hs|  xf_QuatizationDithering<17, 9, 1080, 1920, 256, 1024, 1>|  return value|
|ap_done                         |  out|    1|  ap_ctrl_hs|  xf_QuatizationDithering<17, 9, 1080, 1920, 256, 1024, 1>|  return value|
|ap_continue                     |   in|    1|  ap_ctrl_hs|  xf_QuatizationDithering<17, 9, 1080, 1920, 256, 1024, 1>|  return value|
|ap_idle                         |  out|    1|  ap_ctrl_hs|  xf_QuatizationDithering<17, 9, 1080, 1920, 256, 1024, 1>|  return value|
|ap_ready                        |  out|    1|  ap_ctrl_hs|  xf_QuatizationDithering<17, 9, 1080, 1920, 256, 1024, 1>|  return value|
|p_read                          |   in|   11|     ap_none|                                                    p_read|        scalar|
|p_read1                         |   in|   11|     ap_none|                                                   p_read1|        scalar|
|lsc_out_data243_dout            |   in|   30|     ap_fifo|                                           lsc_out_data243|       pointer|
|lsc_out_data243_num_data_valid  |   in|    2|     ap_fifo|                                           lsc_out_data243|       pointer|
|lsc_out_data243_fifo_cap        |   in|    2|     ap_fifo|                                           lsc_out_data243|       pointer|
|lsc_out_data243_empty_n         |   in|    1|     ap_fifo|                                           lsc_out_data243|       pointer|
|lsc_out_data243_read            |  out|    1|     ap_fifo|                                           lsc_out_data243|       pointer|
|aecin_data245_din               |  out|   24|     ap_fifo|                                             aecin_data245|       pointer|
|aecin_data245_num_data_valid    |   in|    2|     ap_fifo|                                             aecin_data245|       pointer|
|aecin_data245_fifo_cap          |   in|    2|     ap_fifo|                                             aecin_data245|       pointer|
|aecin_data245_full_n            |   in|    1|     ap_fifo|                                             aecin_data245|       pointer|
|aecin_data245_write             |  out|    1|     ap_fifo|                                             aecin_data245|       pointer|
+--------------------------------+-----+-----+------------+----------------------------------------------------------+--------------+

