

================================================================
== Vitis HLS Report for 'xfccmkernel_17_1080_1920_21_1_11_11_1920_2_Pipeline_colLoop'
================================================================
* Date:           Wed Sep  4 19:39:27 2024

* Version:        2022.1 (Build 3526262 on Mon Apr 18 15:47:01 MDT 2022)
* Project:        isppipeline.prj
* Solution:       sol1 (Vivado IP Flow Target)
* Product family: zynquplus
* Target device:  xck26-sfvc784-2LV-c


================================================================
== Performance Estimates
================================================================
+ Timing: 
    * Summary: 
    +--------+---------+----------+------------+
    |  Clock |  Target | Estimated| Uncertainty|
    +--------+---------+----------+------------+
    |ap_clk  |  3.30 ns|  2.371 ns|     0.89 ns|
    +--------+---------+----------+------------+

+ Latency: 
    * Summary: 
    +---------+---------+----------+----------+------+------+---------+
    |  Latency (cycles) |  Latency (absolute) |   Interval  | Pipeline|
    |   min   |   max   |    min   |    max   |  min |  max |   Type  |
    +---------+---------+----------+----------+------+------+---------+
    |     1928|     1928|  6.362 us|  6.362 us|  1928|  1928|       no|
    +---------+---------+----------+----------+------+------+---------+

    + Detail: 
        * Instance: 
        N/A

        * Loop: 
        +-----------+---------+---------+----------+-----------+-----------+------+----------+
        |           |  Latency (cycles) | Iteration|  Initiation Interval  | Trip |          |
        | Loop Name |   min   |   max   |  Latency |  achieved |   target  | Count| Pipelined|
        +-----------+---------+---------+----------+-----------+-----------+------+----------+
        |- colLoop  |     1926|     1926|         8|          1|          1|  1920|       yes|
        +-----------+---------+---------+----------+-----------+-----------+------+----------+



================================================================
== Utilization Estimates
================================================================
* Summary: 
+-----------------+---------+------+--------+--------+-----+
|       Name      | BRAM_18K|  DSP |   FF   |   LUT  | URAM|
+-----------------+---------+------+--------+--------+-----+
|DSP              |        -|     5|       -|       -|    -|
|Expression       |        -|     -|       0|     519|    -|
|FIFO             |        -|     -|       -|       -|    -|
|Instance         |        -|     4|     531|     181|    -|
|Memory           |        -|     -|       -|       -|    -|
|Multiplexer      |        -|     -|       -|      54|    -|
|Register         |        -|     -|     324|       -|    -|
+-----------------+---------+------+--------+--------+-----+
|Total            |        0|     9|     855|     754|    0|
+-----------------+---------+------+--------+--------+-----+
|Available        |      288|  1248|  234240|  117120|   64|
+-----------------+---------+------+--------+--------+-----+
|Utilization (%)  |        0|    ~0|      ~0|      ~0|    0|
+-----------------+---------+------+--------+--------+-----+

+ Detail: 
    * Instance: 
    +---------------------------+----------------------+---------+----+-----+----+-----+
    |          Instance         |        Module        | BRAM_18K| DSP|  FF | LUT| URAM|
    +---------------------------+----------------------+---------+----+-----+----+-----+
    |mul_10ns_29s_39_2_1_U371   |mul_10ns_29s_39_2_1   |        0|   1|  153|  43|    0|
    |mul_10ns_30ns_39_2_1_U370  |mul_10ns_30ns_39_2_1  |        0|   1|  126|  46|    0|
    |mul_10ns_30ns_39_2_1_U372  |mul_10ns_30ns_39_2_1  |        0|   1|  126|  46|    0|
    |mul_10ns_30ns_39_2_1_U373  |mul_10ns_30ns_39_2_1  |        0|   1|  126|  46|    0|
    +---------------------------+----------------------+---------+----+-----+----+-----+
    |Total                      |                      |        0|   4|  531| 181|    0|
    +---------------------------+----------------------+---------+----+-----+----+-----+

    * DSP: 
    +------------------------------+-------------------------+-----------+
    |           Instance           |          Module         | Expression|
    +------------------------------+-------------------------+-----------+
    |mul_mul_10ns_23s_33_4_1_U376  |mul_mul_10ns_23s_33_4_1  |    i0 * i1|
    |mul_mul_10ns_24s_34_4_1_U377  |mul_mul_10ns_24s_34_4_1  |    i0 * i1|
    |mul_mul_10ns_26s_36_4_1_U374  |mul_mul_10ns_26s_36_4_1  |    i0 * i1|
    |mul_mul_10ns_26s_36_4_1_U375  |mul_mul_10ns_26s_36_4_1  |    i0 * i1|
    |mul_mul_10ns_26s_36_4_1_U378  |mul_mul_10ns_26s_36_4_1  |    i0 * i1|
    +------------------------------+-------------------------+-----------+

    * Memory: 
    N/A

    * FIFO: 
    N/A

    * Expression: 
    +---------------------------+----------+----+---+----+------------+------------+
    |       Variable Name       | Operation| DSP| FF| LUT| Bitwidth P0| Bitwidth P1|
    +---------------------------+----------+----+---+----+------------+------------+
    |j_V_2_fu_151_p2            |         +|   0|  0|  18|          11|           1|
    |ret_V_10_fu_563_p2         |         +|   0|  0|  22|          15|           1|
    |ret_V_12_fu_330_p2         |         +|   0|  0|  28|          21|          21|
    |ret_V_13_fu_369_p2         |         +|   0|  0|  29|          22|          22|
    |ret_V_15_fu_343_p2         |         +|   0|  0|  28|          21|          21|
    |ret_V_16_fu_443_p2         |         +|   0|  0|  29|          22|          22|
    |ret_V_18_fu_357_p2         |         +|   0|  0|  28|          21|          21|
    |ret_V_19_fu_517_p2         |         +|   0|  0|  29|          22|          22|
    |ret_V_6_fu_489_p2          |         +|   0|  0|  22|          15|           1|
    |ret_V_fu_415_p2            |         +|   0|  0|  22|          15|           1|
    |icmp_ln1049_1_fu_483_p2    |      icmp|   0|  0|  18|          28|           1|
    |icmp_ln1049_2_fu_557_p2    |      icmp|   0|  0|  18|          28|           1|
    |icmp_ln1049_fu_409_p2      |      icmp|   0|  0|  18|          28|           1|
    |icmp_ln245_fu_145_p2       |      icmp|   0|  0|  11|          11|          11|
    |icmp_ln97_1_fu_657_p2      |      icmp|   0|  0|   9|           5|           1|
    |icmp_ln97_2_fu_690_p2      |      icmp|   0|  0|   9|           5|           1|
    |icmp_ln97_fu_624_p2        |      icmp|   0|  0|   9|           5|           1|
    |ap_block_pp0_stage0_01001  |        or|   0|  0|   2|           1|           1|
    |ret_V_14_fu_429_p3         |    select|   0|  0|  15|           1|          15|
    |ret_V_17_fu_503_p3         |    select|   0|  0|  15|           1|          15|
    |ret_V_20_fu_577_p3         |    select|   0|  0|  15|           1|          15|
    |select_ln1048_1_fu_495_p3  |    select|   0|  0|  15|           1|          15|
    |select_ln1048_2_fu_569_p3  |    select|   0|  0|  15|           1|          15|
    |select_ln1048_fu_421_p3    |    select|   0|  0|  15|           1|          15|
    |select_ln260_1_fu_682_p3   |    select|   0|  0|  10|           1|           1|
    |select_ln260_2_fu_715_p3   |    select|   0|  0|  10|           1|           1|
    |select_ln260_fu_649_p3     |    select|   0|  0|  10|           1|           1|
    |select_ln97_1_fu_662_p3    |    select|   0|  0|  16|           1|          10|
    |select_ln97_2_fu_695_p3    |    select|   0|  0|  16|           1|          10|
    |select_ln97_fu_629_p3      |    select|   0|  0|  16|           1|          10|
    |ap_enable_pp0              |       xor|   0|  0|   2|           1|           2|
    +---------------------------+----------+----+---+----+------------+------------+
    |Total                      |          |   0|  0| 519|         309|         276|
    +---------------------------+----------+----+---+----+------------+------------+

    * Multiplexer: 
    +-------------------------+----+-----------+-----+-----------+
    |           Name          | LUT| Input Size| Bits| Total Bits|
    +-------------------------+----+-----------+-----+-----------+
    |ap_done_int              |   9|          2|    1|          2|
    |ap_enable_reg_pp0_iter1  |   9|          2|    1|          2|
    |ap_sig_allocacmp_j_V_1   |   9|          2|   11|         22|
    |j_V_fu_114               |   9|          2|   11|         22|
    |lsc_out_data243_blk_n    |   9|          2|    1|          2|
    |ltm_in_data242_blk_n     |   9|          2|    1|          2|
    +-------------------------+----+-----------+-----+-----------+
    |Total                    |  54|         12|   26|         52|
    +-------------------------+----+-----------+-----+-----------+

    * Register: 
    +----------------------------------+----+----+-----+-----------+
    |               Name               | FF | LUT| Bits| Const Bits|
    +----------------------------------+----+----+-----+-----------+
    |ap_CS_fsm                         |   1|   0|    1|          0|
    |ap_done_reg                       |   1|   0|    1|          0|
    |ap_enable_reg_pp0_iter1           |   1|   0|    1|          0|
    |ap_enable_reg_pp0_iter2           |   1|   0|    1|          0|
    |ap_enable_reg_pp0_iter3           |   1|   0|    1|          0|
    |ap_enable_reg_pp0_iter4           |   1|   0|    1|          0|
    |ap_enable_reg_pp0_iter5           |   1|   0|    1|          0|
    |ap_enable_reg_pp0_iter6           |   1|   0|    1|          0|
    |ap_enable_reg_pp0_iter7           |   1|   0|    1|          0|
    |ap_loop_exit_ready_pp0_iter1_reg  |   1|   0|    1|          0|
    |ap_loop_exit_ready_pp0_iter2_reg  |   1|   0|    1|          0|
    |ap_loop_exit_ready_pp0_iter3_reg  |   1|   0|    1|          0|
    |ap_loop_exit_ready_pp0_iter4_reg  |   1|   0|    1|          0|
    |ap_loop_exit_ready_pp0_iter5_reg  |   1|   0|    1|          0|
    |ap_loop_exit_ready_pp0_iter6_reg  |   1|   0|    1|          0|
    |b_V_reg_787                       |  10|   0|   10|          0|
    |b_V_reg_787_pp0_iter2_reg         |  10|   0|   10|          0|
    |g_V_reg_782                       |  10|   0|   10|          0|
    |j_V_fu_114                        |  11|   0|   11|          0|
    |r_V_reg_777                       |  10|   0|   10|          0|
    |ret_V_12_reg_863                  |  21|   0|   21|          0|
    |ret_V_14_reg_878                  |  15|   0|   15|          0|
    |ret_V_15_reg_868                  |  21|   0|   21|          0|
    |ret_V_17_reg_883                  |  15|   0|   15|          0|
    |ret_V_18_reg_873                  |  21|   0|   21|          0|
    |ret_V_20_reg_888                  |  15|   0|   15|          0|
    |select_ln260_1_reg_913            |  10|   0|   10|          0|
    |select_ln260_2_reg_918            |  10|   0|   10|          0|
    |select_ln260_reg_908              |  10|   0|   10|          0|
    |tmp_10_reg_843                    |  19|   0|   19|          0|
    |tmp_11_reg_853                    |  13|   0|   13|          0|
    |tmp_14_reg_858                    |  19|   0|   19|          0|
    |tmp_18_reg_893                    |   5|   0|    5|          0|
    |tmp_20_reg_898                    |   5|   0|    5|          0|
    |tmp_22_reg_903                    |   5|   0|    5|          0|
    |tmp_3_reg_828                     |  19|   0|   19|          0|
    |tmp_6_reg_833                     |  19|   0|   19|          0|
    |tmp_8_reg_848                     |  16|   0|   16|          0|
    +----------------------------------+----+----+-----+-----------+
    |Total                             | 324|   0|  324|          0|
    +----------------------------------+----+----+-----+-----------+



================================================================
== Interface
================================================================
* Summary: 
+--------------------------------+-----+-----+------------+----------------------------------------------------------------------+--------------+
|            RTL Ports           | Dir | Bits|  Protocol  |                             Source Object                            |    C Type    |
+--------------------------------+-----+-----+------------+----------------------------------------------------------------------+--------------+
|ap_clk                          |   in|    1|  ap_ctrl_hs|  xfccmkernel<17, 1080, 1920, 21, 1, 11, 11, 1920, 2>_Pipeline_colLoop|  return value|
|ap_rst                          |   in|    1|  ap_ctrl_hs|  xfccmkernel<17, 1080, 1920, 21, 1, 11, 11, 1920, 2>_Pipeline_colLoop|  return value|
|ap_start                        |   in|    1|  ap_ctrl_hs|  xfccmkernel<17, 1080, 1920, 21, 1, 11, 11, 1920, 2>_Pipeline_colLoop|  return value|
|ap_done                         |  out|    1|  ap_ctrl_hs|  xfccmkernel<17, 1080, 1920, 21, 1, 11, 11, 1920, 2>_Pipeline_colLoop|  return value|
|ap_idle                         |  out|    1|  ap_ctrl_hs|  xfccmkernel<17, 1080, 1920, 21, 1, 11, 11, 1920, 2>_Pipeline_colLoop|  return value|
|ap_ready                        |  out|    1|  ap_ctrl_hs|  xfccmkernel<17, 1080, 1920, 21, 1, 11, 11, 1920, 2>_Pipeline_colLoop|  return value|
|ltm_in_data242_dout             |   in|   30|     ap_fifo|                                                        ltm_in_data242|       pointer|
|ltm_in_data242_num_data_valid   |   in|    2|     ap_fifo|                                                        ltm_in_data242|       pointer|
|ltm_in_data242_fifo_cap         |   in|    2|     ap_fifo|                                                        ltm_in_data242|       pointer|
|ltm_in_data242_empty_n          |   in|    1|     ap_fifo|                                                        ltm_in_data242|       pointer|
|ltm_in_data242_read             |  out|    1|     ap_fifo|                                                        ltm_in_data242|       pointer|
|lsc_out_data243_din             |  out|   30|     ap_fifo|                                                       lsc_out_data243|       pointer|
|lsc_out_data243_num_data_valid  |   in|    2|     ap_fifo|                                                       lsc_out_data243|       pointer|
|lsc_out_data243_fifo_cap        |   in|    2|     ap_fifo|                                                       lsc_out_data243|       pointer|
|lsc_out_data243_full_n          |   in|    1|     ap_fifo|                                                       lsc_out_data243|       pointer|
|lsc_out_data243_write           |  out|    1|     ap_fifo|                                                       lsc_out_data243|       pointer|
|width                           |   in|   11|     ap_none|                                                                 width|        scalar|
+--------------------------------+-----+-----+------------+----------------------------------------------------------------------+--------------+

