

================================================================
== Vitis HLS Report for 'xfccmkernel_17_1080_1920_21_1_11_11_1920_2_s'
================================================================
* Date:           Wed Sep  4 19:39:28 2024

* Version:        2022.1 (Build 3526262 on Mon Apr 18 15:47:01 MDT 2022)
* Project:        isppipeline.prj
* Solution:       sol1 (Vivado IP Flow Target)
* Product family: zynquplus
* Target device:  xck26-sfvc784-2LV-c


================================================================
== Performance Estimates
================================================================
+ Timing: 
    * Summary: 
    +--------+---------+----------+------------+
    |  Clock |  Target | Estimated| Uncertainty|
    +--------+---------+----------+------------+
    |ap_clk  |  3.30 ns|  2.371 ns|     0.89 ns|
    +--------+---------+----------+------------+

+ Latency: 
    * Summary: 
    +---------+---------+----------+----------+---------+---------+---------+
    |  Latency (cycles) |  Latency (absolute) |      Interval     | Pipeline|
    |   min   |   max   |    min   |    max   |   min   |   max   |   Type  |
    +---------+---------+----------+----------+---------+---------+---------+
    |  2084401|  2084401|  6.879 ms|  6.879 ms|  2084401|  2084401|       no|
    +---------+---------+----------+----------+---------+---------+---------+

    + Detail: 
        * Instance: 
        +-----------------------------------------------------------------------+-------------------------------------------------------------+---------+---------+----------+----------+------+------+---------+
        |                                                                       |                                                             |  Latency (cycles) |  Latency (absolute) |   Interval  | Pipeline|
        |                                Instance                               |                            Module                           |   min   |   max   |    min   |    max   |  min |  max |   Type  |
        +-----------------------------------------------------------------------+-------------------------------------------------------------+---------+---------+----------+----------+------+------+---------+
        |grp_xfccmkernel_17_1080_1920_21_1_11_11_1920_2_Pipeline_colLoop_fu_54  |xfccmkernel_17_1080_1920_21_1_11_11_1920_2_Pipeline_colLoop  |     1928|     1928|  6.362 us|  6.362 us|  1928|  1928|       no|
        +-----------------------------------------------------------------------+-------------------------------------------------------------+---------+---------+----------+----------+------+------+---------+

        * Loop: 
        +-----------+---------+---------+----------+-----------+-----------+------+----------+
        |           |  Latency (cycles) | Iteration|  Initiation Interval  | Trip |          |
        | Loop Name |   min   |   max   |  Latency |  achieved |   target  | Count| Pipelined|
        +-----------+---------+---------+----------+-----------+-----------+------+----------+
        |- rowLoop  |  2084400|  2084400|      1930|          -|          -|  1080|        no|
        +-----------+---------+---------+----------+-----------+-----------+------+----------+



================================================================
== Utilization Estimates
================================================================
* Summary: 
+-----------------+---------+------+--------+--------+-----+
|       Name      | BRAM_18K|  DSP |   FF   |   LUT  | URAM|
+-----------------+---------+------+--------+--------+-----+
|DSP              |        -|     -|       -|       -|    -|
|Expression       |        -|     -|       0|      29|    -|
|FIFO             |        -|     -|       -|       -|    -|
|Instance         |        -|     9|     855|     754|    -|
|Memory           |        -|     -|       -|       -|    -|
|Multiplexer      |        -|     -|       -|      47|    -|
|Register         |        -|     -|      15|       -|    -|
+-----------------+---------+------+--------+--------+-----+
|Total            |        0|     9|     870|     830|    0|
+-----------------+---------+------+--------+--------+-----+
|Available        |      288|  1248|  234240|  117120|   64|
+-----------------+---------+------+--------+--------+-----+
|Utilization (%)  |        0|    ~0|      ~0|      ~0|    0|
+-----------------+---------+------+--------+--------+-----+

+ Detail: 
    * Instance: 
    +-----------------------------------------------------------------------+-------------------------------------------------------------+---------+----+-----+-----+-----+
    |                                Instance                               |                            Module                           | BRAM_18K| DSP|  FF | LUT | URAM|
    +-----------------------------------------------------------------------+-------------------------------------------------------------+---------+----+-----+-----+-----+
    |grp_xfccmkernel_17_1080_1920_21_1_11_11_1920_2_Pipeline_colLoop_fu_54  |xfccmkernel_17_1080_1920_21_1_11_11_1920_2_Pipeline_colLoop  |        0|   9|  855|  754|    0|
    +-----------------------------------------------------------------------+-------------------------------------------------------------+---------+----+-----+-----+-----+
    |Total                                                                  |                                                             |        0|   9|  855|  754|    0|
    +-----------------------------------------------------------------------+-------------------------------------------------------------+---------+----+-----+-----+-----+

    * DSP: 
    N/A

    * Memory: 
    N/A

    * FIFO: 
    N/A

    * Expression: 
    +---------------------+----------+----+---+----+------------+------------+
    |    Variable Name    | Operation| DSP| FF| LUT| Bitwidth P0| Bitwidth P1|
    +---------------------+----------+----+---+----+------------+------------+
    |i_V_2_fu_76_p2       |         +|   0|  0|  18|          11|           1|
    |icmp_ln238_fu_71_p2  |      icmp|   0|  0|  11|          11|          11|
    +---------------------+----------+----+---+----+------------+------------+
    |Total                |          |   0|  0|  29|          22|          12|
    +---------------------+----------+----+---+----+------------+------------+

    * Multiplexer: 
    +-----------------------+----+-----------+-----+-----------+
    |          Name         | LUT| Input Size| Bits| Total Bits|
    +-----------------------+----+-----------+-----+-----------+
    |ap_NS_fsm              |  20|          4|    1|          4|
    |i_V_fu_38              |   9|          2|   11|         22|
    |lsc_out_data243_write  |   9|          2|    1|          2|
    |ltm_in_data242_read    |   9|          2|    1|          2|
    +-----------------------+----+-----------+-----+-----------+
    |Total                  |  47|         10|   14|         30|
    +-----------------------+----+-----------+-----+-----------+

    * Register: 
    +------------------------------------------------------------------------------------+----+----+-----+-----------+
    |                                        Name                                        | FF | LUT| Bits| Const Bits|
    +------------------------------------------------------------------------------------+----+----+-----+-----------+
    |ap_CS_fsm                                                                           |   3|   0|    3|          0|
    |grp_xfccmkernel_17_1080_1920_21_1_11_11_1920_2_Pipeline_colLoop_fu_54_ap_start_reg  |   1|   0|    1|          0|
    |i_V_fu_38                                                                           |  11|   0|   11|          0|
    +------------------------------------------------------------------------------------+----+----+-----+-----------+
    |Total                                                                               |  15|   0|   15|          0|
    +------------------------------------------------------------------------------------+----+----+-----+-----------+



================================================================
== Interface
================================================================
* Summary: 
+--------------------------------+-----+-----+------------+-----------------------------------------------------+--------------+
|            RTL Ports           | Dir | Bits|  Protocol  |                    Source Object                    |    C Type    |
+--------------------------------+-----+-----+------------+-----------------------------------------------------+--------------+
|ap_clk                          |   in|    1|  ap_ctrl_hs|  xfccmkernel<17, 1080, 1920, 21, 1, 11, 11, 1920, 2>|  return value|
|ap_rst                          |   in|    1|  ap_ctrl_hs|  xfccmkernel<17, 1080, 1920, 21, 1, 11, 11, 1920, 2>|  return value|
|ap_start                        |   in|    1|  ap_ctrl_hs|  xfccmkernel<17, 1080, 1920, 21, 1, 11, 11, 1920, 2>|  return value|
|ap_done                         |  out|    1|  ap_ctrl_hs|  xfccmkernel<17, 1080, 1920, 21, 1, 11, 11, 1920, 2>|  return value|
|ap_idle                         |  out|    1|  ap_ctrl_hs|  xfccmkernel<17, 1080, 1920, 21, 1, 11, 11, 1920, 2>|  return value|
|ap_ready                        |  out|    1|  ap_ctrl_hs|  xfccmkernel<17, 1080, 1920, 21, 1, 11, 11, 1920, 2>|  return value|
|ltm_in_data242_dout             |   in|   30|     ap_fifo|                                       ltm_in_data242|       pointer|
|ltm_in_data242_num_data_valid   |   in|    2|     ap_fifo|                                       ltm_in_data242|       pointer|
|ltm_in_data242_fifo_cap         |   in|    2|     ap_fifo|                                       ltm_in_data242|       pointer|
|ltm_in_data242_empty_n          |   in|    1|     ap_fifo|                                       ltm_in_data242|       pointer|
|ltm_in_data242_read             |  out|    1|     ap_fifo|                                       ltm_in_data242|       pointer|
|lsc_out_data243_din             |  out|   30|     ap_fifo|                                      lsc_out_data243|       pointer|
|lsc_out_data243_num_data_valid  |   in|    2|     ap_fifo|                                      lsc_out_data243|       pointer|
|lsc_out_data243_fifo_cap        |   in|    2|     ap_fifo|                                      lsc_out_data243|       pointer|
|lsc_out_data243_full_n          |   in|    1|     ap_fifo|                                      lsc_out_data243|       pointer|
|lsc_out_data243_write           |  out|    1|     ap_fifo|                                      lsc_out_data243|       pointer|
|height                          |   in|   11|     ap_none|                                               height|        scalar|
|width                           |   in|   11|     ap_none|                                                width|        scalar|
+--------------------------------+-----+-----+------------+-----------------------------------------------------+--------------+

