19:26:11 DEBUG : Logs will be stored at '/home/amahpour/code/kria-vitis-platforms/kv260/platforms/xsct/kv260_ispMipiRx_vcu_DP/IDE.log'.
19:26:12 INFO  : Registering command handlers for Vitis TCF services
19:26:16 INFO  : Platform repository initialization has completed.
19:26:17 INFO  : Result from executing command 'getProjects': kv260_ispMipiRx_vcu_DP
19:26:17 INFO  : Result from executing command 'getPlatforms': xilinx_vck190_base_202210_1|/tools/Xilinx/Vitis/2022.1/base_platforms/xilinx_vck190_base_202210_1/xilinx_vck190_base_202210_1.xpfm;xilinx_vck190_base_dfx_202210_1|/tools/Xilinx/Vitis/2022.1/base_platforms/xilinx_vck190_base_dfx_202210_1/xilinx_vck190_base_dfx_202210_1.xpfm;xilinx_vmk180_base_202210_1|/tools/Xilinx/Vitis/2022.1/base_platforms/xilinx_vmk180_base_202210_1/xilinx_vmk180_base_202210_1.xpfm;xilinx_zcu102_base_202210_1|/tools/Xilinx/Vitis/2022.1/base_platforms/xilinx_zcu102_base_202210_1/xilinx_zcu102_base_202210_1.xpfm;xilinx_zcu102_base_dfx_202210_1|/tools/Xilinx/Vitis/2022.1/base_platforms/xilinx_zcu102_base_dfx_202210_1/xilinx_zcu102_base_dfx_202210_1.xpfm;xilinx_zcu104_base_202210_1|/tools/Xilinx/Vitis/2022.1/base_platforms/xilinx_zcu104_base_202210_1/xilinx_zcu104_base_202210_1.xpfm
11:59:23 DEBUG : Logs will be stored at '/home/amahpour/code/kria-vitis-platforms/kv260/platforms/xsct/kv260_ispMipiRx_vcu_DP/IDE.log'.
11:59:24 INFO  : Registering command handlers for Vitis TCF services
11:59:25 INFO  : Platform repository initialization has completed.
11:59:25 INFO  : Result from executing command 'getProjects': kv260_ispMipiRx_vcu_DP
11:59:25 INFO  : Result from executing command 'getPlatforms': kv260_ispMipiRx_vcu_DP|/home/amahpour/code/kria-vitis-platforms/kv260/platforms/xsct/kv260_ispMipiRx_vcu_DP/kv260_ispMipiRx_vcu_DP/export/kv260_ispMipiRx_vcu_DP/kv260_ispMipiRx_vcu_DP.xpfm;xilinx_vck190_base_202210_1|/tools/Xilinx/Vitis/2022.1/base_platforms/xilinx_vck190_base_202210_1/xilinx_vck190_base_202210_1.xpfm;xilinx_vck190_base_dfx_202210_1|/tools/Xilinx/Vitis/2022.1/base_platforms/xilinx_vck190_base_dfx_202210_1/xilinx_vck190_base_dfx_202210_1.xpfm;xilinx_vmk180_base_202210_1|/tools/Xilinx/Vitis/2022.1/base_platforms/xilinx_vmk180_base_202210_1/xilinx_vmk180_base_202210_1.xpfm;xilinx_zcu102_base_202210_1|/tools/Xilinx/Vitis/2022.1/base_platforms/xilinx_zcu102_base_202210_1/xilinx_zcu102_base_202210_1.xpfm;xilinx_zcu102_base_dfx_202210_1|/tools/Xilinx/Vitis/2022.1/base_platforms/xilinx_zcu102_base_dfx_202210_1/xilinx_zcu102_base_dfx_202210_1.xpfm;xilinx_zcu104_base_202210_1|/tools/Xilinx/Vitis/2022.1/base_platforms/xilinx_zcu104_base_202210_1/xilinx_zcu104_base_202210_1.xpfm
14:24:13 DEBUG : Logs will be stored at '/home/amahpour/code/kria-vitis-platforms/kv260/platforms/xsct/kv260_ispMipiRx_vcu_DP/IDE.log'.
14:24:13 INFO  : Registering command handlers for Vitis TCF services
14:24:14 INFO  : Platform repository initialization has completed.
14:24:15 INFO  : Result from executing command 'getProjects': kv260_ispMipiRx_vcu_DP
14:24:15 INFO  : Result from executing command 'getPlatforms': kv260_ispMipiRx_vcu_DP|/home/amahpour/code/kria-vitis-platforms/kv260/platforms/xsct/kv260_ispMipiRx_vcu_DP/kv260_ispMipiRx_vcu_DP/export/kv260_ispMipiRx_vcu_DP/kv260_ispMipiRx_vcu_DP.xpfm;xilinx_vck190_base_202210_1|/tools/Xilinx/Vitis/2022.1/base_platforms/xilinx_vck190_base_202210_1/xilinx_vck190_base_202210_1.xpfm;xilinx_vck190_base_dfx_202210_1|/tools/Xilinx/Vitis/2022.1/base_platforms/xilinx_vck190_base_dfx_202210_1/xilinx_vck190_base_dfx_202210_1.xpfm;xilinx_vmk180_base_202210_1|/tools/Xilinx/Vitis/2022.1/base_platforms/xilinx_vmk180_base_202210_1/xilinx_vmk180_base_202210_1.xpfm;xilinx_zcu102_base_202210_1|/tools/Xilinx/Vitis/2022.1/base_platforms/xilinx_zcu102_base_202210_1/xilinx_zcu102_base_202210_1.xpfm;xilinx_zcu102_base_dfx_202210_1|/tools/Xilinx/Vitis/2022.1/base_platforms/xilinx_zcu102_base_dfx_202210_1/xilinx_zcu102_base_dfx_202210_1.xpfm;xilinx_zcu104_base_202210_1|/tools/Xilinx/Vitis/2022.1/base_platforms/xilinx_zcu104_base_202210_1/xilinx_zcu104_base_202210_1.xpfm
19:36:02 DEBUG : Logs will be stored at '/home/amahpour/code/kria-vitis-platforms/kv260/platforms/xsct/kv260_ispMipiRx_vcu_DP/IDE.log'.
19:36:02 INFO  : Registering command handlers for Vitis TCF services
19:36:03 INFO  : Platform repository initialization has completed.
19:36:04 INFO  : Result from executing command 'getProjects': kv260_ispMipiRx_vcu_DP
19:36:04 INFO  : Result from executing command 'getPlatforms': kv260_ispMipiRx_vcu_DP|/home/amahpour/code/kria-vitis-platforms/kv260/platforms/xsct/kv260_ispMipiRx_vcu_DP/kv260_ispMipiRx_vcu_DP/export/kv260_ispMipiRx_vcu_DP/kv260_ispMipiRx_vcu_DP.xpfm;xilinx_vck190_base_202210_1|/tools/Xilinx/Vitis/2022.1/base_platforms/xilinx_vck190_base_202210_1/xilinx_vck190_base_202210_1.xpfm;xilinx_vck190_base_dfx_202210_1|/tools/Xilinx/Vitis/2022.1/base_platforms/xilinx_vck190_base_dfx_202210_1/xilinx_vck190_base_dfx_202210_1.xpfm;xilinx_vmk180_base_202210_1|/tools/Xilinx/Vitis/2022.1/base_platforms/xilinx_vmk180_base_202210_1/xilinx_vmk180_base_202210_1.xpfm;xilinx_zcu102_base_202210_1|/tools/Xilinx/Vitis/2022.1/base_platforms/xilinx_zcu102_base_202210_1/xilinx_zcu102_base_202210_1.xpfm;xilinx_zcu102_base_dfx_202210_1|/tools/Xilinx/Vitis/2022.1/base_platforms/xilinx_zcu102_base_dfx_202210_1/xilinx_zcu102_base_dfx_202210_1.xpfm;xilinx_zcu104_base_202210_1|/tools/Xilinx/Vitis/2022.1/base_platforms/xilinx_zcu104_base_202210_1/xilinx_zcu104_base_202210_1.xpfm
20:43:20 DEBUG : Logs will be stored at '/home/amahpour/code/kria-vitis-platforms/kv260/platforms/xsct/kv260_ispMipiRx_vcu_DP/IDE.log'.
20:43:21 INFO  : Registering command handlers for Vitis TCF services
20:43:21 INFO  : Platform repository initialization has completed.
20:43:22 INFO  : Result from executing command 'getProjects': kv260_ispMipiRx_vcu_DP
20:43:22 INFO  : Result from executing command 'getPlatforms': kv260_ispMipiRx_vcu_DP|/home/amahpour/code/kria-vitis-platforms/kv260/platforms/xsct/kv260_ispMipiRx_vcu_DP/kv260_ispMipiRx_vcu_DP/export/kv260_ispMipiRx_vcu_DP/kv260_ispMipiRx_vcu_DP.xpfm;xilinx_vck190_base_202210_1|/tools/Xilinx/Vitis/2022.1/base_platforms/xilinx_vck190_base_202210_1/xilinx_vck190_base_202210_1.xpfm;xilinx_vck190_base_dfx_202210_1|/tools/Xilinx/Vitis/2022.1/base_platforms/xilinx_vck190_base_dfx_202210_1/xilinx_vck190_base_dfx_202210_1.xpfm;xilinx_vmk180_base_202210_1|/tools/Xilinx/Vitis/2022.1/base_platforms/xilinx_vmk180_base_202210_1/xilinx_vmk180_base_202210_1.xpfm;xilinx_zcu102_base_202210_1|/tools/Xilinx/Vitis/2022.1/base_platforms/xilinx_zcu102_base_202210_1/xilinx_zcu102_base_202210_1.xpfm;xilinx_zcu102_base_dfx_202210_1|/tools/Xilinx/Vitis/2022.1/base_platforms/xilinx_zcu102_base_dfx_202210_1/xilinx_zcu102_base_dfx_202210_1.xpfm;xilinx_zcu104_base_202210_1|/tools/Xilinx/Vitis/2022.1/base_platforms/xilinx_zcu104_base_202210_1/xilinx_zcu104_base_202210_1.xpfm
19:58:38 DEBUG : Logs will be stored at '/home/amahpour/code/kria-vitis-platforms-amahpour/kv260/platforms/xsct/kv260_ispMipiRx_vcu_DP/IDE.log'.
19:58:38 INFO  : Registering command handlers for Vitis TCF services
19:58:39 INFO  : Platform repository initialization has completed.
19:58:39 INFO  : Result from executing command 'getProjects': kv260_ispMipiRx_vcu_DP
19:58:39 INFO  : Result from executing command 'getPlatforms': kv260_ispMipiRx_vcu_DP|/home/amahpour/code/kria-vitis-platforms/kv260/platforms/xsct/kv260_ispMipiRx_vcu_DP/kv260_ispMipiRx_vcu_DP/export/kv260_ispMipiRx_vcu_DP/kv260_ispMipiRx_vcu_DP.xpfm;xilinx_vck190_base_202210_1|/tools/Xilinx/Vitis/2022.1/base_platforms/xilinx_vck190_base_202210_1/xilinx_vck190_base_202210_1.xpfm;xilinx_vck190_base_dfx_202210_1|/tools/Xilinx/Vitis/2022.1/base_platforms/xilinx_vck190_base_dfx_202210_1/xilinx_vck190_base_dfx_202210_1.xpfm;xilinx_vmk180_base_202210_1|/tools/Xilinx/Vitis/2022.1/base_platforms/xilinx_vmk180_base_202210_1/xilinx_vmk180_base_202210_1.xpfm;xilinx_zcu102_base_202210_1|/tools/Xilinx/Vitis/2022.1/base_platforms/xilinx_zcu102_base_202210_1/xilinx_zcu102_base_202210_1.xpfm;xilinx_zcu102_base_dfx_202210_1|/tools/Xilinx/Vitis/2022.1/base_platforms/xilinx_zcu102_base_dfx_202210_1/xilinx_zcu102_base_dfx_202210_1.xpfm;xilinx_zcu104_base_202210_1|/tools/Xilinx/Vitis/2022.1/base_platforms/xilinx_zcu104_base_202210_1/xilinx_zcu104_base_202210_1.xpfm
