

================================================================
== Vitis HLS Report for 'AXIVideo2BayerMat_13_1080_1920_1_s'
================================================================
* Date:           Wed Sep  4 19:39:19 2024

* Version:        2022.1 (Build 3526262 on Mon Apr 18 15:47:01 MDT 2022)
* Project:        isppipeline.prj
* Solution:       sol1 (Vivado IP Flow Target)
* Product family: zynquplus
* Target device:  xck26-sfvc784-2LV-c


================================================================
== Performance Estimates
================================================================
+ Timing: 
    * Summary: 
    +--------+---------+----------+------------+
    |  Clock |  Target | Estimated| Uncertainty|
    +--------+---------+----------+------------+
    |ap_clk  |  3.30 ns|  2.409 ns|     0.89 ns|
    +--------+---------+----------+------------+

+ Latency: 
    * Summary: 
    +---------+---------+-----------+----------+-----+---------+---------+
    |  Latency (cycles) |  Latency (absolute)  |    Interval   | Pipeline|
    |   min   |   max   |    min    |    max   | min |   max   |   Type  |
    +---------+---------+-----------+----------+-----+---------+---------+
    |        6|  2084406|  19.800 ns|  6.879 ms|    6|  2084406|       no|
    +---------+---------+-----------+----------+-----+---------+---------+

    + Detail: 
        * Instance: 
        +-----------------------------------------------------------------------+------------------------------------------------------------+---------+---------+----------+----------+-----+------+---------+
        |                                                                       |                                                            |  Latency (cycles) |  Latency (absolute) |  Interval  | Pipeline|
        |                                Instance                               |                           Module                           |   min   |   max   |    min   |    max   | min |  max |   Type  |
        +-----------------------------------------------------------------------+------------------------------------------------------------+---------+---------+----------+----------+-----+------+---------+
        |grp_AXIVideo2BayerMat_13_1080_1920_1_Pipeline_loop_start_hunt_fu_181   |AXIVideo2BayerMat_13_1080_1920_1_Pipeline_loop_start_hunt   |        2|        2|  6.600 ns|  6.600 ns|    2|     2|       no|
        |grp_AXIVideo2BayerMat_13_1080_1920_1_Pipeline_loop_col_zxi2mat_fu_201  |AXIVideo2BayerMat_13_1080_1920_1_Pipeline_loop_col_zxi2mat  |        3|     1922|  9.900 ns|  6.343 us|    3|  1922|       no|
        |grp_AXIVideo2BayerMat_13_1080_1920_1_Pipeline_loop_last_hunt_fu_228    |AXIVideo2BayerMat_13_1080_1920_1_Pipeline_loop_last_hunt    |        2|        2|  6.600 ns|  6.600 ns|    2|     2|       no|
        +-----------------------------------------------------------------------+------------------------------------------------------------+---------+---------+----------+----------+-----+------+---------+

        * Loop: 
        +--------------------+---------+---------+----------+-----------+-----------+----------+----------+
        |                    |  Latency (cycles) | Iteration|  Initiation Interval  |   Trip   |          |
        |      Loop Name     |   min   |   max   |  Latency |  achieved |   target  |   Count  | Pipelined|
        +--------------------+---------+---------+----------+-----------+-----------+----------+----------+
        |- loop_row_axi2mat  |        0|  2084400|  7 ~ 1930|          -|          -|  0 ~ 1080|        no|
        +--------------------+---------+---------+----------+-----------+-----------+----------+----------+



================================================================
== Utilization Estimates
================================================================
* Summary: 
+-----------------+---------+------+--------+--------+-----+
|       Name      | BRAM_18K|  DSP |   FF   |   LUT  | URAM|
+-----------------+---------+------+--------+--------+-----+
|DSP              |        -|     -|       -|       -|    -|
|Expression       |        -|     -|       0|      42|    -|
|FIFO             |        -|     -|       -|       -|    -|
|Instance         |        -|     -|      40|     237|    -|
|Memory           |        -|     -|       -|       -|    -|
|Multiplexer      |        -|     -|       -|     178|    -|
|Register         |        -|     -|      75|       -|    -|
+-----------------+---------+------+--------+--------+-----+
|Total            |        0|     0|     115|     457|    0|
+-----------------+---------+------+--------+--------+-----+
|Available        |      288|  1248|  234240|  117120|   64|
+-----------------+---------+------+--------+--------+-----+
|Utilization (%)  |        0|     0|      ~0|      ~0|    0|
+-----------------+---------+------+--------+--------+-----+

+ Detail: 
    * Instance: 
    +-----------------------------------------------------------------------+------------------------------------------------------------+---------+----+----+-----+-----+
    |                                Instance                               |                           Module                           | BRAM_18K| DSP| FF | LUT | URAM|
    +-----------------------------------------------------------------------+------------------------------------------------------------+---------+----+----+-----+-----+
    |grp_AXIVideo2BayerMat_13_1080_1920_1_Pipeline_loop_col_zxi2mat_fu_201  |AXIVideo2BayerMat_13_1080_1920_1_Pipeline_loop_col_zxi2mat  |        0|   0|  33|  151|    0|
    |grp_AXIVideo2BayerMat_13_1080_1920_1_Pipeline_loop_last_hunt_fu_228    |AXIVideo2BayerMat_13_1080_1920_1_Pipeline_loop_last_hunt    |        0|   0|   4|   52|    0|
    |grp_AXIVideo2BayerMat_13_1080_1920_1_Pipeline_loop_start_hunt_fu_181   |AXIVideo2BayerMat_13_1080_1920_1_Pipeline_loop_start_hunt   |        0|   0|   3|   34|    0|
    +-----------------------------------------------------------------------+------------------------------------------------------------+---------+----+----+-----+-----+
    |Total                                                                  |                                                            |        0|   0|  40|  237|    0|
    +-----------------------------------------------------------------------+------------------------------------------------------------+---------+----+----+-----+-----+

    * DSP: 
    N/A

    * Memory: 
    N/A

    * FIFO: 
    N/A

    * Expression: 
    +---------------------+----------+----+---+----+------------+------------+
    |    Variable Name    | Operation| DSP| FF| LUT| Bitwidth P0| Bitwidth P1|
    +---------------------+----------+----+---+----+------------+------------+
    |i_8_fu_284_p2        |         +|   0|  0|  18|          11|           1|
    |cmp41_fu_267_p2      |      icmp|   0|  0|  11|          11|           1|
    |icmp_ln61_fu_279_p2  |      icmp|   0|  0|  11|          11|          11|
    |ap_block_state1      |        or|   0|  0|   2|           1|           1|
    +---------------------+----------+----+---+----+------------+------------+
    |Total                |          |   0|  0|  42|          34|          14|
    +---------------------+----------+----+---+----+------------+------------+

    * Multiplexer: 
    +--------------------------+----+-----------+-----+-----------+
    |           Name           | LUT| Input Size| Bits| Total Bits|
    +--------------------------+----+-----------+-----+-----------+
    |ap_NS_fsm                 |  59|         11|    1|         11|
    |ap_done                   |   9|          2|    1|          2|
    |axi_data_2_lcssa_reg_159  |   9|          2|   16|         32|
    |axi_data_V_2_fu_86        |   9|          2|   16|         32|
    |axi_last_2_lcssa_reg_148  |   9|          2|    1|          2|
    |axi_last_V_2_reg_138      |   9|          2|    1|          2|
    |i_fu_82                   |   9|          2|   11|         22|
    |imgInput1_cols_c_blk_n    |   9|          2|    1|          2|
    |imgInput1_data238_write   |   9|          2|    1|          2|
    |imgInput1_rows_c_blk_n    |   9|          2|    1|          2|
    |last_0_lcssa_reg_169      |   9|          2|    1|          2|
    |real_start                |   9|          2|    1|          2|
    |s_axis_video_TREADY       |  20|          4|    1|          4|
    +--------------------------+----+-----------+-----+-----------+
    |Total                     | 178|         37|   53|        117|
    +--------------------------+----+-----------+-----+-----------+

    * Register: 
    +------------------------------------------------------------------------------------+----+----+-----+-----------+
    |                                        Name                                        | FF | LUT| Bits| Const Bits|
    +------------------------------------------------------------------------------------+----+----+-----+-----------+
    |ap_CS_fsm                                                                           |  10|   0|   10|          0|
    |ap_done_reg                                                                         |   1|   0|    1|          0|
    |axi_data_2_lcssa_reg_159                                                            |  16|   0|   16|          0|
    |axi_data_V_2_fu_86                                                                  |  16|   0|   16|          0|
    |axi_last_2_lcssa_reg_148                                                            |   1|   0|    1|          0|
    |axi_last_V_2_reg_138                                                                |   1|   0|    1|          0|
    |axi_last_V_4_loc_fu_94                                                              |   1|   0|    1|          0|
    |cmp41_reg_371                                                                       |   1|   0|    1|          0|
    |grp_AXIVideo2BayerMat_13_1080_1920_1_Pipeline_loop_col_zxi2mat_fu_201_ap_start_reg  |   1|   0|    1|          0|
    |grp_AXIVideo2BayerMat_13_1080_1920_1_Pipeline_loop_last_hunt_fu_228_ap_start_reg    |   1|   0|    1|          0|
    |grp_AXIVideo2BayerMat_13_1080_1920_1_Pipeline_loop_start_hunt_fu_181_ap_start_reg   |   1|   0|    1|          0|
    |i_8_reg_381                                                                         |  11|   0|   11|          0|
    |i_fu_82                                                                             |  11|   0|   11|          0|
    |last_0_lcssa_reg_169                                                                |   1|   0|    1|          0|
    |start_fu_90                                                                         |   1|   0|    1|          0|
    |start_once_reg                                                                      |   1|   0|    1|          0|
    +------------------------------------------------------------------------------------+----+----+-----+-----------+
    |Total                                                                               |  75|   0|   75|          0|
    +------------------------------------------------------------------------------------+----+----+-----+-----------+



================================================================
== Interface
================================================================
* Summary: 
+----------------------------------+-----+-----+------------+--------------------------------------+--------------+
|             RTL Ports            | Dir | Bits|  Protocol  |             Source Object            |    C Type    |
+----------------------------------+-----+-----+------------+--------------------------------------+--------------+
|ap_clk                            |   in|    1|  ap_ctrl_hs|  AXIVideo2BayerMat<13, 1080, 1920, 1>|  return value|
|ap_rst                            |   in|    1|  ap_ctrl_hs|  AXIVideo2BayerMat<13, 1080, 1920, 1>|  return value|
|ap_start                          |   in|    1|  ap_ctrl_hs|  AXIVideo2BayerMat<13, 1080, 1920, 1>|  return value|
|start_full_n                      |   in|    1|  ap_ctrl_hs|  AXIVideo2BayerMat<13, 1080, 1920, 1>|  return value|
|ap_done                           |  out|    1|  ap_ctrl_hs|  AXIVideo2BayerMat<13, 1080, 1920, 1>|  return value|
|ap_continue                       |   in|    1|  ap_ctrl_hs|  AXIVideo2BayerMat<13, 1080, 1920, 1>|  return value|
|ap_idle                           |  out|    1|  ap_ctrl_hs|  AXIVideo2BayerMat<13, 1080, 1920, 1>|  return value|
|ap_ready                          |  out|    1|  ap_ctrl_hs|  AXIVideo2BayerMat<13, 1080, 1920, 1>|  return value|
|start_out                         |  out|    1|  ap_ctrl_hs|  AXIVideo2BayerMat<13, 1080, 1920, 1>|  return value|
|start_write                       |  out|    1|  ap_ctrl_hs|  AXIVideo2BayerMat<13, 1080, 1920, 1>|  return value|
|s_axis_video_TDATA                |   in|   16|        axis|                 s_axis_video_V_data_V|       pointer|
|s_axis_video_TVALID               |   in|    1|        axis|                 s_axis_video_V_dest_V|       pointer|
|s_axis_video_TREADY               |  out|    1|        axis|                 s_axis_video_V_dest_V|       pointer|
|s_axis_video_TDEST                |   in|    1|        axis|                 s_axis_video_V_dest_V|       pointer|
|s_axis_video_TKEEP                |   in|    2|        axis|                 s_axis_video_V_keep_V|       pointer|
|s_axis_video_TSTRB                |   in|    2|        axis|                 s_axis_video_V_strb_V|       pointer|
|s_axis_video_TUSER                |   in|    1|        axis|                 s_axis_video_V_user_V|       pointer|
|s_axis_video_TLAST                |   in|    1|        axis|                 s_axis_video_V_last_V|       pointer|
|s_axis_video_TID                  |   in|    1|        axis|                   s_axis_video_V_id_V|       pointer|
|p_read                            |   in|   11|     ap_none|                                p_read|        scalar|
|p_read1                           |   in|   11|     ap_none|                               p_read1|        scalar|
|imgInput1_data238_din             |  out|   10|     ap_fifo|                     imgInput1_data238|       pointer|
|imgInput1_data238_num_data_valid  |   in|    2|     ap_fifo|                     imgInput1_data238|       pointer|
|imgInput1_data238_fifo_cap        |   in|    2|     ap_fifo|                     imgInput1_data238|       pointer|
|imgInput1_data238_full_n          |   in|    1|     ap_fifo|                     imgInput1_data238|       pointer|
|imgInput1_data238_write           |  out|    1|     ap_fifo|                     imgInput1_data238|       pointer|
|imgInput1_rows_c_din              |  out|   11|     ap_fifo|                      imgInput1_rows_c|       pointer|
|imgInput1_rows_c_num_data_valid   |   in|    2|     ap_fifo|                      imgInput1_rows_c|       pointer|
|imgInput1_rows_c_fifo_cap         |   in|    2|     ap_fifo|                      imgInput1_rows_c|       pointer|
|imgInput1_rows_c_full_n           |   in|    1|     ap_fifo|                      imgInput1_rows_c|       pointer|
|imgInput1_rows_c_write            |  out|    1|     ap_fifo|                      imgInput1_rows_c|       pointer|
|imgInput1_cols_c_din              |  out|   11|     ap_fifo|                      imgInput1_cols_c|       pointer|
|imgInput1_cols_c_num_data_valid   |   in|    2|     ap_fifo|                      imgInput1_cols_c|       pointer|
|imgInput1_cols_c_fifo_cap         |   in|    2|     ap_fifo|                      imgInput1_cols_c|       pointer|
|imgInput1_cols_c_full_n           |   in|    1|     ap_fifo|                      imgInput1_cols_c|       pointer|
|imgInput1_cols_c_write            |  out|    1|     ap_fifo|                      imgInput1_cols_c|       pointer|
+----------------------------------+-----+-----+------------+--------------------------------------+--------------+

============================================================
+ Verbose Summary: Synthesis Manager
============================================================
InlineROM: 1
ExposeGlobal: 0
============================================================
+ Verbose Summary: CDFG Model
============================================================
IsTopModel: 0
ResetActiveHigh: 1
IsCombinational: 2
IsDatapathOnly: 0
HasWiredReturn: 1
HasMFsm: 0
HasVarLatency: 1
IsPipeline: 0
IsRtlPipelined: 0
IsInstanceOverlapped: 0
IsDontTouch: 0
HasImplIP: 0
IsGatedGlobalClock: 0


============================================================
+ Verbose Summary: Schedule
============================================================
* Number of FSM states : 10
* Pipeline : 0
* Dataflow Pipeline: 0

* FSM state transitions: 
1 --> 2 
2 --> 3 
3 --> 4 
4 --> 5 
5 --> 6 7 
6 --> 7 
7 --> 8 
8 --> 9 
9 --> 10 
10 --> 5 

* FSM state operations: 

State 1 <SV = 0> <Delay = 2.40>
ST_1 : Operation 11 [1/1] (0.00ns)   --->   "%i = alloca i32 1"   --->   Operation 11 'alloca' 'i' <Predicate = true> <Delay = 0.00>
ST_1 : Operation 12 [1/1] (0.00ns)   --->   "%axi_data_V_2 = alloca i32 1"   --->   Operation 12 'alloca' 'axi_data_V_2' <Predicate = true> <Delay = 0.00>
ST_1 : Operation 13 [1/1] (0.00ns)   --->   "%start = alloca i32 1"   --->   Operation 13 'alloca' 'start' <Predicate = true> <Delay = 0.00>
ST_1 : Operation 14 [1/1] (1.20ns)   --->   "%p_read14 = read i11 @_ssdm_op_Read.ap_auto.i11, i11 %p_read1"   --->   Operation 14 'read' 'p_read14' <Predicate = true> <Delay = 1.20> <CoreInst = "FIFO_SRL">   --->   Core 81 'FIFO_SRL' <Latency = 0> <II = 1> <Delay = 1.83> <Storage> <Opcode : 'read' 'write' 'nbread' 'nbwrite'> <Ports = 0> <Width = -1> <Depth = -1> <FIFO>
ST_1 : Operation 15 [1/1] (1.20ns)   --->   "%p_read_29 = read i11 @_ssdm_op_Read.ap_auto.i11, i11 %p_read"   --->   Operation 15 'read' 'p_read_29' <Predicate = true> <Delay = 1.20> <CoreInst = "FIFO_SRL">   --->   Core 81 'FIFO_SRL' <Latency = 0> <II = 1> <Delay = 1.83> <Storage> <Opcode : 'read' 'write' 'nbread' 'nbwrite'> <Ports = 0> <Width = -1> <Depth = -1> <FIFO>
ST_1 : Operation 16 [1/1] (0.00ns)   --->   "%axi_last_V_4_loc = alloca i64 1"   --->   Operation 16 'alloca' 'axi_last_V_4_loc' <Predicate = true> <Delay = 0.00>
ST_1 : Operation 17 [1/1] (0.00ns)   --->   "%axi_data_V_3_loc = alloca i64 1"   --->   Operation 17 'alloca' 'axi_data_V_3_loc' <Predicate = true> <Delay = 0.00>
ST_1 : Operation 18 [1/1] (0.00ns)   --->   "%last_loc = alloca i64 1"   --->   Operation 18 'alloca' 'last_loc' <Predicate = true> <Delay = 0.00>
ST_1 : Operation 19 [1/1] (0.00ns)   --->   "%axi_last_V_loc = alloca i64 1"   --->   Operation 19 'alloca' 'axi_last_V_loc' <Predicate = true> <Delay = 0.00>
ST_1 : Operation 20 [1/1] (1.20ns)   --->   "%write_ln0 = write void @_ssdm_op_Write.ap_fifo.i11P0A, i11 %imgInput1_cols_c, i11 %p_read14"   --->   Operation 20 'write' 'write_ln0' <Predicate = true> <Delay = 1.20> <CoreInst = "FIFO_SRL">   --->   Core 81 'FIFO_SRL' <Latency = 0> <II = 1> <Delay = 1.83> <Storage> <Opcode : 'read' 'write' 'nbread' 'nbwrite'> <Ports = 0> <Width = 11> <Depth = 2> <FIFO>
ST_1 : Operation 21 [1/1] (1.20ns)   --->   "%write_ln0 = write void @_ssdm_op_Write.ap_fifo.i11P0A, i11 %imgInput1_rows_c, i11 %p_read_29"   --->   Operation 21 'write' 'write_ln0' <Predicate = true> <Delay = 1.20> <CoreInst = "FIFO_SRL">   --->   Core 81 'FIFO_SRL' <Latency = 0> <II = 1> <Delay = 1.83> <Storage> <Opcode : 'read' 'write' 'nbread' 'nbwrite'> <Ports = 0> <Width = 11> <Depth = 2> <FIFO>
ST_1 : Operation 22 [1/1] (0.42ns)   --->   "%store_ln61 = store i1 1, i1 %start" [../../../../../overlays/Vitis_Libraries/vision//L1/examples/isppipeline/xf_isp_accel.cpp:61]   --->   Operation 22 'store' 'store_ln61' <Predicate = true> <Delay = 0.42>
ST_1 : Operation 23 [1/1] (0.42ns)   --->   "%store_ln61 = store i11 0, i11 %i" [../../../../../overlays/Vitis_Libraries/vision//L1/examples/isppipeline/xf_isp_accel.cpp:61]   --->   Operation 23 'store' 'store_ln61' <Predicate = true> <Delay = 0.42>

State 2 <SV = 1> <Delay = 0.42>
ST_2 : Operation 24 [1/1] (0.00ns)   --->   "%empty = wait i32 @_ssdm_op_Wait"   --->   Operation 24 'wait' 'empty' <Predicate = true> <Delay = 0.00>
ST_2 : Operation 25 [2/2] (0.42ns)   --->   "%call_ln0 = call void @AXIVideo2BayerMat<13, 1080, 1920, 1>_Pipeline_loop_start_hunt, i16 %s_axis_video_V_data_V, i2 %s_axis_video_V_keep_V, i2 %s_axis_video_V_strb_V, i1 %s_axis_video_V_user_V, i1 %s_axis_video_V_last_V, i1 %s_axis_video_V_id_V, i1 %s_axis_video_V_dest_V, i1 %axi_last_V_loc, i16 %axi_data_V_2"   --->   Operation 25 'call' 'call_ln0' <Predicate = true> <Delay = 0.42> <CoreType = "Generic">   --->   Core 0 '' <Latency = 0> <II = 1> <Delay = 1.00> <Generic> <Opcode : >

State 3 <SV = 2> <Delay = 0.00>
ST_3 : Operation 26 [1/2] (0.00ns)   --->   "%call_ln0 = call void @AXIVideo2BayerMat<13, 1080, 1920, 1>_Pipeline_loop_start_hunt, i16 %s_axis_video_V_data_V, i2 %s_axis_video_V_keep_V, i2 %s_axis_video_V_strb_V, i1 %s_axis_video_V_user_V, i1 %s_axis_video_V_last_V, i1 %s_axis_video_V_id_V, i1 %s_axis_video_V_dest_V, i1 %axi_last_V_loc, i16 %axi_data_V_2"   --->   Operation 26 'call' 'call_ln0' <Predicate = true> <Delay = 0.00> <CoreType = "Generic">   --->   Core 0 '' <Latency = 0> <II = 1> <Delay = 1.00> <Generic> <Opcode : >

State 4 <SV = 3> <Delay = 0.94>
ST_4 : Operation 27 [1/1] (0.00ns)   --->   "%specinterface_ln0 = specinterface void @_ssdm_op_SpecInterface, i11 %imgInput1_cols_c, void @ap_fifo_str, i32 0, i32 0, void @p_str, i32 0, i32 0, void @p_str, void @p_str, void @p_str, i32 2, i32 2, i32 16, i32 16, void @p_str, void @ScalarProp_str, i32 4294967295, i32 0"   --->   Operation 27 'specinterface' 'specinterface_ln0' <Predicate = true> <Delay = 0.00>
ST_4 : Operation 28 [1/1] (0.00ns)   --->   "%specinterface_ln0 = specinterface void @_ssdm_op_SpecInterface, i11 %imgInput1_rows_c, void @ap_fifo_str, i32 0, i32 0, void @p_str, i32 0, i32 0, void @p_str, void @p_str, void @p_str, i32 2, i32 2, i32 16, i32 16, void @p_str, void @ScalarProp_str, i32 4294967295, i32 0"   --->   Operation 28 'specinterface' 'specinterface_ln0' <Predicate = true> <Delay = 0.00>
ST_4 : Operation 29 [1/1] (0.00ns)   --->   "%specinterface_ln0 = specinterface void @_ssdm_op_SpecInterface, i10 %imgInput1_data238, void @empty_36, i32 0, i32 0, void @empty_18, i32 0, i32 0, void @empty_18, void @empty_18, void @empty_18, i32 0, i32 0, i32 0, i32 0, void @empty_18, void @empty_18, i32 4294967295, i32 0"   --->   Operation 29 'specinterface' 'specinterface_ln0' <Predicate = true> <Delay = 0.00>
ST_4 : Operation 30 [1/1] (0.00ns)   --->   "%specinterface_ln0 = specinterface void @_ssdm_op_SpecInterface, i16 %s_axis_video_V_data_V, i2 %s_axis_video_V_keep_V, i2 %s_axis_video_V_strb_V, i1 %s_axis_video_V_user_V, i1 %s_axis_video_V_last_V, i1 %s_axis_video_V_id_V, i1 %s_axis_video_V_dest_V, void @empty_3, i32 0, i32 0, void @empty_10, i32 0, i32 0, void @empty_18, void @empty_18, void @empty_18, i32 0, i32 0, i32 0, i32 0, void @empty_18, void @empty_18, i32 4294967295, i32 0"   --->   Operation 30 'specinterface' 'specinterface_ln0' <Predicate = true> <Delay = 0.00>
ST_4 : Operation 31 [1/1] (0.00ns)   --->   "%axi_last_V_loc_load = load i1 %axi_last_V_loc"   --->   Operation 31 'load' 'axi_last_V_loc_load' <Predicate = true> <Delay = 0.00>
ST_4 : Operation 32 [1/1] (0.00ns)   --->   "%empty_274 = wait i32 @_ssdm_op_Wait"   --->   Operation 32 'wait' 'empty_274' <Predicate = true> <Delay = 0.00>
ST_4 : Operation 33 [1/1] (0.94ns)   --->   "%cmp41 = icmp_eq  i11 %p_read14, i11 0"   --->   Operation 33 'icmp' 'cmp41' <Predicate = true> <Delay = 0.94> <CoreInst = "Cmp">   --->   Core 9 'Cmp' <Latency = 0> <II = 1> <Delay = 0.94> <FuncUnit> <Opcode : 'icmp'> <InPorts = 2> <OutPorts = 1>
ST_4 : Operation 34 [1/1] (0.42ns)   --->   "%br_ln61 = br void %loop_col_zxi2mat" [../../../../../overlays/Vitis_Libraries/vision//L1/examples/isppipeline/xf_isp_accel.cpp:61]   --->   Operation 34 'br' 'br_ln61' <Predicate = true> <Delay = 0.42>

State 5 <SV = 4> <Delay = 2.31>
ST_5 : Operation 35 [1/1] (0.00ns)   --->   "%axi_last_V_2 = phi i1 %axi_last_V_loc_load, void %entry, i1 %axi_last_V_4_loc_load, void %loop_last_hunt"   --->   Operation 35 'phi' 'axi_last_V_2' <Predicate = true> <Delay = 0.00>
ST_5 : Operation 36 [1/1] (0.00ns)   --->   "%i_7 = load i11 %i" [../../../../../overlays/Vitis_Libraries/vision//L1/examples/isppipeline/xf_isp_accel.cpp:61]   --->   Operation 36 'load' 'i_7' <Predicate = true> <Delay = 0.00>
ST_5 : Operation 37 [1/1] (0.00ns)   --->   "%axi_data_V = load i16 %axi_data_V_2"   --->   Operation 37 'load' 'axi_data_V' <Predicate = true> <Delay = 0.00>
ST_5 : Operation 38 [1/1] (0.94ns)   --->   "%icmp_ln61 = icmp_eq  i11 %i_7, i11 %p_read_29" [../../../../../overlays/Vitis_Libraries/vision//L1/examples/isppipeline/xf_isp_accel.cpp:61]   --->   Operation 38 'icmp' 'icmp_ln61' <Predicate = true> <Delay = 0.94> <CoreInst = "Cmp">   --->   Core 9 'Cmp' <Latency = 0> <II = 1> <Delay = 0.94> <FuncUnit> <Opcode : 'icmp'> <InPorts = 2> <OutPorts = 1>
ST_5 : Operation 39 [1/1] (0.79ns)   --->   "%i_8 = add i11 %i_7, i11 1" [../../../../../overlays/Vitis_Libraries/vision//L1/examples/isppipeline/xf_isp_accel.cpp:61]   --->   Operation 39 'add' 'i_8' <Predicate = true> <Delay = 0.79> <CoreInst = "Adder">   --->   Core 1 'Adder' <Latency = 0> <II = 1> <Delay = 0.79> <FuncUnit> <Opcode : 'add' 'sub'> <InPorts = 2> <OutPorts = 1>
ST_5 : Operation 40 [1/1] (0.00ns)   --->   "%br_ln61 = br i1 %icmp_ln61, void %loop_col_zxi2mat.split, void %for.end18.loopexit" [../../../../../overlays/Vitis_Libraries/vision//L1/examples/isppipeline/xf_isp_accel.cpp:61]   --->   Operation 40 'br' 'br_ln61' <Predicate = true> <Delay = 0.00>
ST_5 : Operation 41 [1/1] (0.00ns)   --->   "%speclooptripcount_ln64 = speclooptripcount void @_ssdm_op_SpecLoopTripCount, i64 0, i64 1080, i64 1080" [../../../../../overlays/Vitis_Libraries/vision//L1/examples/isppipeline/xf_isp_accel.cpp:64]   --->   Operation 41 'speclooptripcount' 'speclooptripcount_ln64' <Predicate = (!icmp_ln61)> <Delay = 0.00>
ST_5 : Operation 42 [1/1] (0.00ns)   --->   "%specloopname_ln38 = specloopname void @_ssdm_op_SpecLoopName, void @empty_23" [../../../../../overlays/Vitis_Libraries/vision//L1/examples/isppipeline/xf_isp_accel.cpp:38]   --->   Operation 42 'specloopname' 'specloopname_ln38' <Predicate = (!icmp_ln61)> <Delay = 0.00>
ST_5 : Operation 43 [1/1] (0.42ns)   --->   "%br_ln67 = br i1 %cmp41, void %for.body6.preheader, void %loop_last_hunt" [../../../../../overlays/Vitis_Libraries/vision//L1/examples/isppipeline/xf_isp_accel.cpp:67]   --->   Operation 43 'br' 'br_ln67' <Predicate = (!icmp_ln61)> <Delay = 0.42>
ST_5 : Operation 44 [1/1] (0.00ns)   --->   "%start_load = load i1 %start"   --->   Operation 44 'load' 'start_load' <Predicate = (!icmp_ln61 & !cmp41)> <Delay = 0.00>
ST_5 : Operation 45 [1/1] (0.00ns)   --->   "%empty_275 = wait i32 @_ssdm_op_Wait"   --->   Operation 45 'wait' 'empty_275' <Predicate = (!icmp_ln61 & !cmp41)> <Delay = 0.00>
ST_5 : Operation 46 [2/2] (1.37ns)   --->   "%call_ln0 = call void @AXIVideo2BayerMat<13, 1080, 1920, 1>_Pipeline_loop_col_zxi2mat, i1 %start_load, i16 %axi_data_V, i1 %axi_last_V_2, i11 %p_read14, i10 %imgInput1_data238, i16 %s_axis_video_V_data_V, i2 %s_axis_video_V_keep_V, i2 %s_axis_video_V_strb_V, i1 %s_axis_video_V_user_V, i1 %s_axis_video_V_last_V, i1 %s_axis_video_V_id_V, i1 %s_axis_video_V_dest_V, i1 %last_loc, i16 %axi_data_V_3_loc"   --->   Operation 46 'call' 'call_ln0' <Predicate = (!icmp_ln61 & !cmp41)> <Delay = 1.37> <CoreType = "Generic">   --->   Core 0 '' <Latency = 0> <II = 1> <Delay = 1.00> <Generic> <Opcode : >
ST_5 : Operation 47 [1/1] (0.00ns)   --->   "%ret_ln98 = ret" [../../../../../overlays/Vitis_Libraries/vision//L1/examples/isppipeline/xf_isp_accel.cpp:98]   --->   Operation 47 'ret' 'ret_ln98' <Predicate = (icmp_ln61)> <Delay = 0.00>

State 6 <SV = 5> <Delay = 1.37>
ST_6 : Operation 48 [1/2] (1.37ns)   --->   "%call_ln0 = call void @AXIVideo2BayerMat<13, 1080, 1920, 1>_Pipeline_loop_col_zxi2mat, i1 %start_load, i16 %axi_data_V, i1 %axi_last_V_2, i11 %p_read14, i10 %imgInput1_data238, i16 %s_axis_video_V_data_V, i2 %s_axis_video_V_keep_V, i2 %s_axis_video_V_strb_V, i1 %s_axis_video_V_user_V, i1 %s_axis_video_V_last_V, i1 %s_axis_video_V_id_V, i1 %s_axis_video_V_dest_V, i1 %last_loc, i16 %axi_data_V_3_loc"   --->   Operation 48 'call' 'call_ln0' <Predicate = true> <Delay = 1.37> <CoreType = "Generic">   --->   Core 0 '' <Latency = 0> <II = 1> <Delay = 1.00> <Generic> <Opcode : >

State 7 <SV = 6> <Delay = 0.42>
ST_7 : Operation 49 [1/1] (0.00ns)   --->   "%last_loc_load = load i1 %last_loc"   --->   Operation 49 'load' 'last_loc_load' <Predicate = (!cmp41)> <Delay = 0.00>
ST_7 : Operation 50 [1/1] (0.00ns)   --->   "%axi_data_V_3_loc_load = load i16 %axi_data_V_3_loc"   --->   Operation 50 'load' 'axi_data_V_3_loc_load' <Predicate = (!cmp41)> <Delay = 0.00>
ST_7 : Operation 51 [1/1] (0.00ns)   --->   "%empty_276 = wait i32 @_ssdm_op_Wait"   --->   Operation 51 'wait' 'empty_276' <Predicate = (!cmp41)> <Delay = 0.00>
ST_7 : Operation 52 [1/1] (0.42ns)   --->   "%store_ln0 = store i1 0, i1 %start"   --->   Operation 52 'store' 'store_ln0' <Predicate = (!cmp41)> <Delay = 0.42>
ST_7 : Operation 53 [1/1] (0.42ns)   --->   "%br_ln0 = br void %loop_last_hunt"   --->   Operation 53 'br' 'br_ln0' <Predicate = (!cmp41)> <Delay = 0.42>
ST_7 : Operation 54 [1/1] (0.42ns)   --->   "%store_ln61 = store i11 %i_8, i11 %i" [../../../../../overlays/Vitis_Libraries/vision//L1/examples/isppipeline/xf_isp_accel.cpp:61]   --->   Operation 54 'store' 'store_ln61' <Predicate = true> <Delay = 0.42>

State 8 <SV = 7> <Delay = 0.85>
ST_8 : Operation 55 [1/1] (0.00ns)   --->   "%axi_last_2_lcssa = phi i1 %last_loc_load, void %for.body6.preheader, i1 %axi_last_V_2, void %loop_col_zxi2mat.split"   --->   Operation 55 'phi' 'axi_last_2_lcssa' <Predicate = true> <Delay = 0.00>
ST_8 : Operation 56 [1/1] (0.00ns)   --->   "%axi_data_2_lcssa = phi i16 %axi_data_V_3_loc_load, void %for.body6.preheader, i16 %axi_data_V, void %loop_col_zxi2mat.split"   --->   Operation 56 'phi' 'axi_data_2_lcssa' <Predicate = true> <Delay = 0.00>
ST_8 : Operation 57 [1/1] (0.00ns)   --->   "%last_0_lcssa = phi i1 %last_loc_load, void %for.body6.preheader, i1 0, void %loop_col_zxi2mat.split"   --->   Operation 57 'phi' 'last_0_lcssa' <Predicate = true> <Delay = 0.00>
ST_8 : Operation 58 [1/1] (0.00ns)   --->   "%empty_277 = wait i32 @_ssdm_op_Wait"   --->   Operation 58 'wait' 'empty_277' <Predicate = true> <Delay = 0.00>
ST_8 : Operation 59 [2/2] (0.85ns)   --->   "%call_ln0 = call void @AXIVideo2BayerMat<13, 1080, 1920, 1>_Pipeline_loop_last_hunt, i1 %axi_last_2_lcssa, i16 %axi_data_2_lcssa, i1 %last_0_lcssa, i16 %s_axis_video_V_data_V, i2 %s_axis_video_V_keep_V, i2 %s_axis_video_V_strb_V, i1 %s_axis_video_V_user_V, i1 %s_axis_video_V_last_V, i1 %s_axis_video_V_id_V, i1 %s_axis_video_V_dest_V, i1 %axi_last_V_4_loc, i16 %axi_data_V_2"   --->   Operation 59 'call' 'call_ln0' <Predicate = true> <Delay = 0.85> <CoreType = "Generic">   --->   Core 0 '' <Latency = 0> <II = 1> <Delay = 1.00> <Generic> <Opcode : >

State 9 <SV = 8> <Delay = 0.42>
ST_9 : Operation 60 [1/2] (0.42ns)   --->   "%call_ln0 = call void @AXIVideo2BayerMat<13, 1080, 1920, 1>_Pipeline_loop_last_hunt, i1 %axi_last_2_lcssa, i16 %axi_data_2_lcssa, i1 %last_0_lcssa, i16 %s_axis_video_V_data_V, i2 %s_axis_video_V_keep_V, i2 %s_axis_video_V_strb_V, i1 %s_axis_video_V_user_V, i1 %s_axis_video_V_last_V, i1 %s_axis_video_V_id_V, i1 %s_axis_video_V_dest_V, i1 %axi_last_V_4_loc, i16 %axi_data_V_2"   --->   Operation 60 'call' 'call_ln0' <Predicate = true> <Delay = 0.42> <CoreType = "Generic">   --->   Core 0 '' <Latency = 0> <II = 1> <Delay = 1.00> <Generic> <Opcode : >

State 10 <SV = 9> <Delay = 0.00>
ST_10 : Operation 61 [1/1] (0.00ns)   --->   "%axi_last_V_4_loc_load = load i1 %axi_last_V_4_loc"   --->   Operation 61 'load' 'axi_last_V_4_loc_load' <Predicate = true> <Delay = 0.00>
ST_10 : Operation 62 [1/1] (0.00ns)   --->   "%br_ln61 = br void %loop_col_zxi2mat" [../../../../../overlays/Vitis_Libraries/vision//L1/examples/isppipeline/xf_isp_accel.cpp:61]   --->   Operation 62 'br' 'br_ln61' <Predicate = true> <Delay = 0.00>


============================================================
+ Verbose Summary: Binding
============================================================
STG Binding: 
---------------- STG Properties BEGIN ----------------
- Is combinational: 0
- Is one-state seq: 0
- Is datapath-only: 0
- Is pipelined: 0
- Is top level: 0
Port [ Return ] is wired: 1; IO mode=ap_ctrl_hs:ce=0
Port [ s_axis_video_V_data_V]:  wired=1; compound=1; hidden=0; nouse=0; global=0; static=0; extern=0; dir=0; type=0; pingpong=0; private_global=0; IO mode=axis:ce=0
Port [ s_axis_video_V_keep_V]:  wired=1; compound=1; hidden=0; nouse=0; global=0; static=0; extern=0; dir=0; type=0; pingpong=0; private_global=0; IO mode=axis:ce=0
Port [ s_axis_video_V_strb_V]:  wired=1; compound=1; hidden=0; nouse=0; global=0; static=0; extern=0; dir=0; type=0; pingpong=0; private_global=0; IO mode=axis:ce=0
Port [ s_axis_video_V_user_V]:  wired=1; compound=1; hidden=0; nouse=0; global=0; static=0; extern=0; dir=0; type=0; pingpong=0; private_global=0; IO mode=axis:ce=0
Port [ s_axis_video_V_last_V]:  wired=1; compound=1; hidden=0; nouse=0; global=0; static=0; extern=0; dir=0; type=0; pingpong=0; private_global=0; IO mode=axis:ce=0
Port [ s_axis_video_V_id_V]:  wired=1; compound=1; hidden=0; nouse=0; global=0; static=0; extern=0; dir=0; type=0; pingpong=0; private_global=0; IO mode=axis:ce=0
Port [ s_axis_video_V_dest_V]:  wired=1; compound=1; hidden=0; nouse=0; global=0; static=0; extern=0; dir=0; type=0; pingpong=0; private_global=0; IO mode=axis:ce=0
Port [ p_read]:  wired=1; compound=0; hidden=0; nouse=0; global=0; static=0; extern=0; dir=0; type=0; pingpong=0; private_global=0; IO mode=ap_none:ce=0
Port [ p_read1]:  wired=1; compound=0; hidden=0; nouse=0; global=0; static=0; extern=0; dir=0; type=0; pingpong=0; private_global=0; IO mode=ap_none:ce=0
Port [ imgInput1_data238]:  wired=1; compound=1; hidden=0; nouse=0; global=0; static=0; extern=0; dir=1; type=3; pingpong=0; private_global=0; IO mode=ap_fifo:ce=0
Port [ imgInput1_rows_c]:  wired=1; compound=1; hidden=0; nouse=0; global=0; static=0; extern=0; dir=1; type=3; pingpong=0; private_global=0; IO mode=ap_fifo:ce=0
Port [ imgInput1_cols_c]:  wired=1; compound=1; hidden=0; nouse=0; global=0; static=0; extern=0; dir=1; type=3; pingpong=0; private_global=0; IO mode=ap_fifo:ce=0
---------------- STG Properties END ------------------

---------------- Datapath Model BEGIN ----------------

<LifeTime>
<method=bitvector/>
i                      (alloca           ) [ 01111111111]
axi_data_V_2           (alloca           ) [ 00111111111]
start                  (alloca           ) [ 01111111111]
p_read14               (read             ) [ 00111111111]
p_read_29              (read             ) [ 00111111111]
axi_last_V_4_loc       (alloca           ) [ 00111111111]
axi_data_V_3_loc       (alloca           ) [ 00111111111]
last_loc               (alloca           ) [ 00111111111]
axi_last_V_loc         (alloca           ) [ 00111000000]
write_ln0              (write            ) [ 00000000000]
write_ln0              (write            ) [ 00000000000]
store_ln61             (store            ) [ 00000000000]
store_ln61             (store            ) [ 00000000000]
empty                  (wait             ) [ 00000000000]
call_ln0               (call             ) [ 00000000000]
specinterface_ln0      (specinterface    ) [ 00000000000]
specinterface_ln0      (specinterface    ) [ 00000000000]
specinterface_ln0      (specinterface    ) [ 00000000000]
specinterface_ln0      (specinterface    ) [ 00000000000]
axi_last_V_loc_load    (load             ) [ 00001111111]
empty_274              (wait             ) [ 00000000000]
cmp41                  (icmp             ) [ 00000111111]
br_ln61                (br               ) [ 00001111111]
axi_last_V_2           (phi              ) [ 00000111100]
i_7                    (load             ) [ 00000000000]
axi_data_V             (load             ) [ 00000111111]
icmp_ln61              (icmp             ) [ 00000111111]
i_8                    (add              ) [ 00000011000]
br_ln61                (br               ) [ 00000000000]
speclooptripcount_ln64 (speclooptripcount) [ 00000000000]
specloopname_ln38      (specloopname     ) [ 00000000000]
br_ln67                (br               ) [ 00000111111]
start_load             (load             ) [ 00000010000]
empty_275              (wait             ) [ 00000000000]
ret_ln98               (ret              ) [ 00000000000]
call_ln0               (call             ) [ 00000000000]
last_loc_load          (load             ) [ 00000111111]
axi_data_V_3_loc_load  (load             ) [ 00000111111]
empty_276              (wait             ) [ 00000000000]
store_ln0              (store            ) [ 00000000000]
br_ln0                 (br               ) [ 00000111111]
store_ln61             (store            ) [ 00000000000]
axi_last_2_lcssa       (phi              ) [ 00000000110]
axi_data_2_lcssa       (phi              ) [ 00000000110]
last_0_lcssa           (phi              ) [ 00000000110]
empty_277              (wait             ) [ 00000000000]
call_ln0               (call             ) [ 00000000000]
axi_last_V_4_loc_load  (load             ) [ 00001111111]
br_ln61                (br               ) [ 00001111111]
</LifeTime>

<model>

<comp_list>
<comp id="0" class="1000" name="s_axis_video_V_data_V">
<pin_list>
<pin id="1" dir="1" index="0" bw="1" slack="0"/>
</pin_list>
<bind>
<StgValue><ssdm name="s_axis_video_V_data_V"/></StgValue>
</bind>
</comp>

<comp id="2" class="1000" name="s_axis_video_V_keep_V">
<pin_list>
<pin id="3" dir="1" index="0" bw="1" slack="0"/>
</pin_list>
<bind>
<StgValue><ssdm name="s_axis_video_V_keep_V"/></StgValue>
</bind>
</comp>

<comp id="4" class="1000" name="s_axis_video_V_strb_V">
<pin_list>
<pin id="5" dir="1" index="0" bw="1" slack="0"/>
</pin_list>
<bind>
<StgValue><ssdm name="s_axis_video_V_strb_V"/></StgValue>
</bind>
</comp>

<comp id="6" class="1000" name="s_axis_video_V_user_V">
<pin_list>
<pin id="7" dir="1" index="0" bw="1" slack="0"/>
</pin_list>
<bind>
<StgValue><ssdm name="s_axis_video_V_user_V"/></StgValue>
</bind>
</comp>

<comp id="8" class="1000" name="s_axis_video_V_last_V">
<pin_list>
<pin id="9" dir="1" index="0" bw="1" slack="0"/>
</pin_list>
<bind>
<StgValue><ssdm name="s_axis_video_V_last_V"/></StgValue>
</bind>
</comp>

<comp id="10" class="1000" name="s_axis_video_V_id_V">
<pin_list>
<pin id="11" dir="1" index="0" bw="1" slack="0"/>
</pin_list>
<bind>
<StgValue><ssdm name="s_axis_video_V_id_V"/></StgValue>
</bind>
</comp>

<comp id="12" class="1000" name="s_axis_video_V_dest_V">
<pin_list>
<pin id="13" dir="1" index="0" bw="1" slack="0"/>
</pin_list>
<bind>
<StgValue><ssdm name="s_axis_video_V_dest_V"/></StgValue>
</bind>
</comp>

<comp id="14" class="1000" name="p_read">
<pin_list>
<pin id="15" dir="1" index="0" bw="1" slack="0"/>
</pin_list>
<bind>
<StgValue><ssdm name="p_read"/></StgValue>
</bind>
</comp>

<comp id="16" class="1000" name="p_read1">
<pin_list>
<pin id="17" dir="1" index="0" bw="1" slack="0"/>
</pin_list>
<bind>
<StgValue><ssdm name="p_read1"/></StgValue>
</bind>
</comp>

<comp id="18" class="1000" name="imgInput1_data238">
<pin_list>
<pin id="19" dir="1" index="0" bw="1" slack="0"/>
</pin_list>
<bind>
<StgValue><ssdm name="imgInput1_data238"/></StgValue>
</bind>
</comp>

<comp id="20" class="1000" name="imgInput1_rows_c">
<pin_list>
<pin id="21" dir="1" index="0" bw="1" slack="0"/>
</pin_list>
<bind>
<StgValue><ssdm name="imgInput1_rows_c"/></StgValue>
</bind>
</comp>

<comp id="22" class="1000" name="imgInput1_cols_c">
<pin_list>
<pin id="23" dir="1" index="0" bw="1" slack="0"/>
</pin_list>
<bind>
<StgValue><ssdm name="imgInput1_cols_c"/></StgValue>
</bind>
</comp>

<comp id="24" class="1001" name="const_24">
<pin_list>
<pin id="25" dir="1" index="0" bw="1" slack="0"/>
</pin_list>
<bind>
<StgValue><ssdm name=""/></StgValue>
</bind>
</comp>

<comp id="26" class="1001" name="const_26">
<pin_list>
<pin id="27" dir="1" index="0" bw="1" slack="0"/>
</pin_list>
<bind>
<StgValue><ssdm name="_ssdm_op_Read.ap_auto.i11"/></StgValue>
</bind>
</comp>

<comp id="28" class="1001" name="const_28">
<pin_list>
<pin id="29" dir="1" index="0" bw="1" slack="0"/>
</pin_list>
<bind>
<StgValue><ssdm name=""/></StgValue>
</bind>
</comp>

<comp id="30" class="1001" name="const_30">
<pin_list>
<pin id="31" dir="1" index="0" bw="1" slack="0"/>
</pin_list>
<bind>
<StgValue><ssdm name="_ssdm_op_Write.ap_fifo.i11P0A"/></StgValue>
</bind>
</comp>

<comp id="32" class="1001" name="const_32">
<pin_list>
<pin id="33" dir="1" index="0" bw="1" slack="0"/>
</pin_list>
<bind>
<StgValue><ssdm name=""/></StgValue>
</bind>
</comp>

<comp id="34" class="1001" name="const_34">
<pin_list>
<pin id="35" dir="1" index="0" bw="1" slack="0"/>
</pin_list>
<bind>
<StgValue><ssdm name=""/></StgValue>
</bind>
</comp>

<comp id="36" class="1001" name="const_36">
<pin_list>
<pin id="37" dir="1" index="0" bw="1" slack="2147483647"/>
</pin_list>
<bind>
<StgValue><ssdm name="_ssdm_op_Wait"/></StgValue>
</bind>
</comp>

<comp id="38" class="1001" name="const_38">
<pin_list>
<pin id="39" dir="1" index="0" bw="1" slack="0"/>
</pin_list>
<bind>
<StgValue><ssdm name="AXIVideo2BayerMat<13, 1080, 1920, 1>_Pipeline_loop_start_hunt"/></StgValue>
</bind>
</comp>

<comp id="40" class="1001" name="const_40">
<pin_list>
<pin id="41" dir="1" index="0" bw="1" slack="2147483647"/>
</pin_list>
<bind>
<StgValue><ssdm name="_ssdm_op_SpecInterface"/></StgValue>
</bind>
</comp>

<comp id="42" class="1001" name="const_42">
<pin_list>
<pin id="43" dir="1" index="0" bw="1" slack="2147483647"/>
</pin_list>
<bind>
<StgValue><ssdm name="ap_fifo_str"/></StgValue>
</bind>
</comp>

<comp id="44" class="1001" name="const_44">
<pin_list>
<pin id="45" dir="1" index="0" bw="1" slack="2147483647"/>
</pin_list>
<bind>
<StgValue><ssdm name=""/></StgValue>
</bind>
</comp>

<comp id="46" class="1001" name="const_46">
<pin_list>
<pin id="47" dir="1" index="0" bw="1" slack="2147483647"/>
</pin_list>
<bind>
<StgValue><ssdm name="p_str"/></StgValue>
</bind>
</comp>

<comp id="48" class="1001" name="const_48">
<pin_list>
<pin id="49" dir="1" index="0" bw="1" slack="2147483647"/>
</pin_list>
<bind>
<StgValue><ssdm name=""/></StgValue>
</bind>
</comp>

<comp id="50" class="1001" name="const_50">
<pin_list>
<pin id="51" dir="1" index="0" bw="1" slack="2147483647"/>
</pin_list>
<bind>
<StgValue><ssdm name=""/></StgValue>
</bind>
</comp>

<comp id="52" class="1001" name="const_52">
<pin_list>
<pin id="53" dir="1" index="0" bw="1" slack="2147483647"/>
</pin_list>
<bind>
<StgValue><ssdm name="ScalarProp_str"/></StgValue>
</bind>
</comp>

<comp id="54" class="1001" name="const_54">
<pin_list>
<pin id="55" dir="1" index="0" bw="1" slack="2147483647"/>
</pin_list>
<bind>
<StgValue><ssdm name=""/></StgValue>
</bind>
</comp>

<comp id="56" class="1001" name="const_56">
<pin_list>
<pin id="57" dir="1" index="0" bw="1" slack="2147483647"/>
</pin_list>
<bind>
<StgValue><ssdm name="empty_36"/></StgValue>
</bind>
</comp>

<comp id="58" class="1001" name="const_58">
<pin_list>
<pin id="59" dir="1" index="0" bw="1" slack="2147483647"/>
</pin_list>
<bind>
<StgValue><ssdm name="empty_18"/></StgValue>
</bind>
</comp>

<comp id="60" class="1001" name="const_60">
<pin_list>
<pin id="61" dir="1" index="0" bw="1" slack="2147483647"/>
</pin_list>
<bind>
<StgValue><ssdm name="empty_3"/></StgValue>
</bind>
</comp>

<comp id="62" class="1001" name="const_62">
<pin_list>
<pin id="63" dir="1" index="0" bw="1" slack="2147483647"/>
</pin_list>
<bind>
<StgValue><ssdm name="empty_10"/></StgValue>
</bind>
</comp>

<comp id="64" class="1001" name="const_64">
<pin_list>
<pin id="65" dir="1" index="0" bw="1" slack="0"/>
</pin_list>
<bind>
<StgValue><ssdm name=""/></StgValue>
</bind>
</comp>

<comp id="66" class="1001" name="const_66">
<pin_list>
<pin id="67" dir="1" index="0" bw="1" slack="2147483647"/>
</pin_list>
<bind>
<StgValue><ssdm name="_ssdm_op_SpecLoopTripCount"/></StgValue>
</bind>
</comp>

<comp id="68" class="1001" name="const_68">
<pin_list>
<pin id="69" dir="1" index="0" bw="1" slack="2147483647"/>
</pin_list>
<bind>
<StgValue><ssdm name=""/></StgValue>
</bind>
</comp>

<comp id="70" class="1001" name="const_70">
<pin_list>
<pin id="71" dir="1" index="0" bw="1" slack="2147483647"/>
</pin_list>
<bind>
<StgValue><ssdm name=""/></StgValue>
</bind>
</comp>

<comp id="72" class="1001" name="const_72">
<pin_list>
<pin id="73" dir="1" index="0" bw="1" slack="2147483647"/>
</pin_list>
<bind>
<StgValue><ssdm name="_ssdm_op_SpecLoopName"/></StgValue>
</bind>
</comp>

<comp id="74" class="1001" name="const_74">
<pin_list>
<pin id="75" dir="1" index="0" bw="1" slack="2147483647"/>
</pin_list>
<bind>
<StgValue><ssdm name="empty_23"/></StgValue>
</bind>
</comp>

<comp id="76" class="1001" name="const_76">
<pin_list>
<pin id="77" dir="1" index="0" bw="1" slack="0"/>
</pin_list>
<bind>
<StgValue><ssdm name="AXIVideo2BayerMat<13, 1080, 1920, 1>_Pipeline_loop_col_zxi2mat"/></StgValue>
</bind>
</comp>

<comp id="78" class="1001" name="const_78">
<pin_list>
<pin id="79" dir="1" index="0" bw="1" slack="0"/>
</pin_list>
<bind>
<StgValue><ssdm name=""/></StgValue>
</bind>
</comp>

<comp id="80" class="1001" name="const_80">
<pin_list>
<pin id="81" dir="1" index="0" bw="1" slack="0"/>
</pin_list>
<bind>
<StgValue><ssdm name="AXIVideo2BayerMat<13, 1080, 1920, 1>_Pipeline_loop_last_hunt"/></StgValue>
</bind>
</comp>

<comp id="82" class="1004" name="i_fu_82">
<pin_list>
<pin id="83" dir="0" index="0" bw="1" slack="0"/>
<pin id="84" dir="1" index="1" bw="11" slack="0"/>
</pin_list>
<bind>
<opcode="alloca(26) " fcode="alloca"/>
<opset="i/1 "/>
</bind>
</comp>

<comp id="86" class="1004" name="axi_data_V_2_fu_86">
<pin_list>
<pin id="87" dir="0" index="0" bw="1" slack="0"/>
<pin id="88" dir="1" index="1" bw="16" slack="1"/>
</pin_list>
<bind>
<opcode="alloca(26) " fcode="alloca"/>
<opset="axi_data_V_2/1 "/>
</bind>
</comp>

<comp id="90" class="1004" name="start_fu_90">
<pin_list>
<pin id="91" dir="0" index="0" bw="1" slack="0"/>
<pin id="92" dir="1" index="1" bw="1" slack="0"/>
</pin_list>
<bind>
<opcode="alloca(26) " fcode="alloca"/>
<opset="start/1 "/>
</bind>
</comp>

<comp id="94" class="1004" name="axi_last_V_4_loc_fu_94">
<pin_list>
<pin id="95" dir="0" index="0" bw="1" slack="0"/>
<pin id="96" dir="1" index="1" bw="1" slack="7"/>
</pin_list>
<bind>
<opcode="alloca(26) " fcode="alloca"/>
<opset="axi_last_V_4_loc/1 "/>
</bind>
</comp>

<comp id="98" class="1004" name="axi_data_V_3_loc_fu_98">
<pin_list>
<pin id="99" dir="0" index="0" bw="1" slack="0"/>
<pin id="100" dir="1" index="1" bw="16" slack="4"/>
</pin_list>
<bind>
<opcode="alloca(26) " fcode="alloca"/>
<opset="axi_data_V_3_loc/1 "/>
</bind>
</comp>

<comp id="102" class="1004" name="last_loc_fu_102">
<pin_list>
<pin id="103" dir="0" index="0" bw="1" slack="0"/>
<pin id="104" dir="1" index="1" bw="1" slack="4"/>
</pin_list>
<bind>
<opcode="alloca(26) " fcode="alloca"/>
<opset="last_loc/1 "/>
</bind>
</comp>

<comp id="106" class="1004" name="axi_last_V_loc_fu_106">
<pin_list>
<pin id="107" dir="0" index="0" bw="1" slack="0"/>
<pin id="108" dir="1" index="1" bw="1" slack="1"/>
</pin_list>
<bind>
<opcode="alloca(26) " fcode="alloca"/>
<opset="axi_last_V_loc/1 "/>
</bind>
</comp>

<comp id="110" class="1004" name="p_read14_read_fu_110">
<pin_list>
<pin id="111" dir="0" index="0" bw="11" slack="0"/>
<pin id="112" dir="0" index="1" bw="11" slack="0"/>
<pin id="113" dir="1" index="2" bw="11" slack="0"/>
</pin_list>
<bind>
<opcode="read(1150) " fcode="read"/>
<opset="p_read14/1 "/>
</bind>
</comp>

<comp id="116" class="1004" name="p_read_29_read_fu_116">
<pin_list>
<pin id="117" dir="0" index="0" bw="11" slack="0"/>
<pin id="118" dir="0" index="1" bw="11" slack="0"/>
<pin id="119" dir="1" index="2" bw="11" slack="0"/>
</pin_list>
<bind>
<opcode="read(1150) " fcode="read"/>
<opset="p_read_29/1 "/>
</bind>
</comp>

<comp id="122" class="1004" name="write_ln0_write_fu_122">
<pin_list>
<pin id="123" dir="0" index="0" bw="0" slack="0"/>
<pin id="124" dir="0" index="1" bw="11" slack="0"/>
<pin id="125" dir="0" index="2" bw="11" slack="0"/>
<pin id="126" dir="1" index="3" bw="0" slack="2147483647"/>
</pin_list>
<bind>
<opcode="write(1151) " fcode="write"/>
<opset="write_ln0/1 "/>
</bind>
</comp>

<comp id="130" class="1004" name="write_ln0_write_fu_130">
<pin_list>
<pin id="131" dir="0" index="0" bw="0" slack="0"/>
<pin id="132" dir="0" index="1" bw="11" slack="0"/>
<pin id="133" dir="0" index="2" bw="11" slack="0"/>
<pin id="134" dir="1" index="3" bw="0" slack="2147483647"/>
</pin_list>
<bind>
<opcode="write(1151) " fcode="write"/>
<opset="write_ln0/1 "/>
</bind>
</comp>

<comp id="138" class="1005" name="axi_last_V_2_reg_138">
<pin_list>
<pin id="139" dir="0" index="0" bw="1" slack="1"/>
<pin id="140" dir="1" index="1" bw="1" slack="3"/>
</pin_list>
<bind>
<opset="axi_last_V_2 (phireg) "/>
</bind>
</comp>

<comp id="141" class="1004" name="axi_last_V_2_phi_fu_141">
<pin_list>
<pin id="142" dir="0" index="0" bw="1" slack="2147483647"/>
<pin id="143" dir="0" index="1" bw="0" slack="2147483647"/>
<pin id="144" dir="0" index="2" bw="1" slack="2147483647"/>
<pin id="145" dir="0" index="3" bw="0" slack="2147483647"/>
<pin id="146" dir="1" index="4" bw="1" slack="0"/>
</pin_list>
<bind>
<opcode="phi(47) " fcode="phi"/>
<opset="axi_last_V_2/5 "/>
</bind>
</comp>

<comp id="148" class="1005" name="axi_last_2_lcssa_reg_148">
<pin_list>
<pin id="149" dir="0" index="0" bw="1" slack="1"/>
<pin id="150" dir="1" index="1" bw="1" slack="2147483647"/>
</pin_list>
<bind>
<opset="axi_last_2_lcssa (phireg) "/>
</bind>
</comp>

<comp id="151" class="1004" name="axi_last_2_lcssa_phi_fu_151">
<pin_list>
<pin id="152" dir="0" index="0" bw="1" slack="2147483647"/>
<pin id="153" dir="0" index="1" bw="0" slack="2147483647"/>
<pin id="154" dir="0" index="2" bw="1" slack="3"/>
<pin id="155" dir="0" index="3" bw="0" slack="2147483647"/>
<pin id="156" dir="1" index="4" bw="1" slack="0"/>
</pin_list>
<bind>
<opcode="phi(47) " fcode="phi"/>
<opset="axi_last_2_lcssa/8 "/>
</bind>
</comp>

<comp id="159" class="1005" name="axi_data_2_lcssa_reg_159">
<pin_list>
<pin id="160" dir="0" index="0" bw="16" slack="1"/>
<pin id="161" dir="1" index="1" bw="16" slack="2147483647"/>
</pin_list>
<bind>
<opset="axi_data_2_lcssa (phireg) "/>
</bind>
</comp>

<comp id="162" class="1004" name="axi_data_2_lcssa_phi_fu_162">
<pin_list>
<pin id="163" dir="0" index="0" bw="16" slack="2147483647"/>
<pin id="164" dir="0" index="1" bw="0" slack="2147483647"/>
<pin id="165" dir="0" index="2" bw="16" slack="2147483647"/>
<pin id="166" dir="0" index="3" bw="0" slack="2147483647"/>
<pin id="167" dir="1" index="4" bw="16" slack="0"/>
</pin_list>
<bind>
<opcode="phi(47) " fcode="phi"/>
<opset="axi_data_2_lcssa/8 "/>
</bind>
</comp>

<comp id="169" class="1005" name="last_0_lcssa_reg_169">
<pin_list>
<pin id="170" dir="0" index="0" bw="1" slack="1"/>
<pin id="171" dir="1" index="1" bw="1" slack="3"/>
</pin_list>
<bind>
<opset="last_0_lcssa (phireg) "/>
</bind>
</comp>

<comp id="173" class="1004" name="last_0_lcssa_phi_fu_173">
<pin_list>
<pin id="174" dir="0" index="0" bw="1" slack="2147483647"/>
<pin id="175" dir="0" index="1" bw="0" slack="2147483647"/>
<pin id="176" dir="0" index="2" bw="1" slack="3"/>
<pin id="177" dir="0" index="3" bw="0" slack="2147483647"/>
<pin id="178" dir="1" index="4" bw="1" slack="0"/>
</pin_list>
<bind>
<opcode="phi(47) " fcode="phi"/>
<opset="last_0_lcssa/8 "/>
</bind>
</comp>

<comp id="181" class="1004" name="grp_AXIVideo2BayerMat_13_1080_1920_1_Pipeline_loop_start_hunt_fu_181">
<pin_list>
<pin id="182" dir="0" index="0" bw="0" slack="0"/>
<pin id="183" dir="0" index="1" bw="16" slack="0"/>
<pin id="184" dir="0" index="2" bw="2" slack="0"/>
<pin id="185" dir="0" index="3" bw="2" slack="0"/>
<pin id="186" dir="0" index="4" bw="1" slack="0"/>
<pin id="187" dir="0" index="5" bw="1" slack="0"/>
<pin id="188" dir="0" index="6" bw="1" slack="0"/>
<pin id="189" dir="0" index="7" bw="1" slack="0"/>
<pin id="190" dir="0" index="8" bw="1" slack="1"/>
<pin id="191" dir="0" index="9" bw="16" slack="1"/>
<pin id="192" dir="1" index="10" bw="0" slack="2147483647"/>
</pin_list>
<bind>
<opcode="call(48) " fcode="call"/>
<opset="call_ln0/2 "/>
</bind>
</comp>

<comp id="201" class="1004" name="grp_AXIVideo2BayerMat_13_1080_1920_1_Pipeline_loop_col_zxi2mat_fu_201">
<pin_list>
<pin id="202" dir="0" index="0" bw="0" slack="0"/>
<pin id="203" dir="0" index="1" bw="1" slack="0"/>
<pin id="204" dir="0" index="2" bw="16" slack="0"/>
<pin id="205" dir="0" index="3" bw="1" slack="0"/>
<pin id="206" dir="0" index="4" bw="11" slack="4"/>
<pin id="207" dir="0" index="5" bw="10" slack="0"/>
<pin id="208" dir="0" index="6" bw="16" slack="0"/>
<pin id="209" dir="0" index="7" bw="2" slack="0"/>
<pin id="210" dir="0" index="8" bw="2" slack="0"/>
<pin id="211" dir="0" index="9" bw="1" slack="0"/>
<pin id="212" dir="0" index="10" bw="1" slack="0"/>
<pin id="213" dir="0" index="11" bw="1" slack="0"/>
<pin id="214" dir="0" index="12" bw="1" slack="0"/>
<pin id="215" dir="0" index="13" bw="1" slack="4"/>
<pin id="216" dir="0" index="14" bw="16" slack="4"/>
<pin id="217" dir="1" index="15" bw="0" slack="2147483647"/>
</pin_list>
<bind>
<opcode="call(48) " fcode="call"/>
<opset="call_ln0/5 "/>
</bind>
</comp>

<comp id="228" class="1004" name="grp_AXIVideo2BayerMat_13_1080_1920_1_Pipeline_loop_last_hunt_fu_228">
<pin_list>
<pin id="229" dir="0" index="0" bw="0" slack="0"/>
<pin id="230" dir="0" index="1" bw="1" slack="0"/>
<pin id="231" dir="0" index="2" bw="16" slack="0"/>
<pin id="232" dir="0" index="3" bw="1" slack="0"/>
<pin id="233" dir="0" index="4" bw="16" slack="0"/>
<pin id="234" dir="0" index="5" bw="2" slack="0"/>
<pin id="235" dir="0" index="6" bw="2" slack="0"/>
<pin id="236" dir="0" index="7" bw="1" slack="0"/>
<pin id="237" dir="0" index="8" bw="1" slack="0"/>
<pin id="238" dir="0" index="9" bw="1" slack="0"/>
<pin id="239" dir="0" index="10" bw="1" slack="0"/>
<pin id="240" dir="0" index="11" bw="1" slack="7"/>
<pin id="241" dir="0" index="12" bw="16" slack="7"/>
<pin id="242" dir="1" index="13" bw="0" slack="2147483647"/>
</pin_list>
<bind>
<opcode="call(48) " fcode="call"/>
<opset="call_ln0/8 "/>
</bind>
</comp>

<comp id="254" class="1004" name="store_ln61_store_fu_254">
<pin_list>
<pin id="255" dir="0" index="0" bw="1" slack="0"/>
<pin id="256" dir="0" index="1" bw="1" slack="0"/>
<pin id="257" dir="1" index="2" bw="0" slack="2147483647"/>
</pin_list>
<bind>
<opcode="store(28) " fcode="store"/>
<opset="store_ln61/1 "/>
</bind>
</comp>

<comp id="259" class="1004" name="store_ln61_store_fu_259">
<pin_list>
<pin id="260" dir="0" index="0" bw="1" slack="0"/>
<pin id="261" dir="0" index="1" bw="11" slack="0"/>
<pin id="262" dir="1" index="2" bw="0" slack="2147483647"/>
</pin_list>
<bind>
<opcode="store(28) " fcode="store"/>
<opset="store_ln61/1 "/>
</bind>
</comp>

<comp id="264" class="1004" name="axi_last_V_loc_load_load_fu_264">
<pin_list>
<pin id="265" dir="0" index="0" bw="1" slack="3"/>
<pin id="266" dir="1" index="1" bw="1" slack="2147483647"/>
</pin_list>
<bind>
<opcode="load(27) " fcode="load"/>
<opset="axi_last_V_loc_load/4 "/>
</bind>
</comp>

<comp id="267" class="1004" name="cmp41_fu_267">
<pin_list>
<pin id="268" dir="0" index="0" bw="11" slack="3"/>
<pin id="269" dir="0" index="1" bw="11" slack="0"/>
<pin id="270" dir="1" index="2" bw="1" slack="1"/>
</pin_list>
<bind>
<opcode="icmp(45) " fcode="icmp"/>
<opset="cmp41/4 "/>
</bind>
</comp>

<comp id="272" class="1004" name="i_7_load_fu_272">
<pin_list>
<pin id="273" dir="0" index="0" bw="11" slack="4"/>
<pin id="274" dir="1" index="1" bw="11" slack="0"/>
</pin_list>
<bind>
<opcode="load(27) " fcode="load"/>
<opset="i_7/5 "/>
</bind>
</comp>

<comp id="275" class="1004" name="axi_data_V_load_fu_275">
<pin_list>
<pin id="276" dir="0" index="0" bw="16" slack="4"/>
<pin id="277" dir="1" index="1" bw="16" slack="0"/>
</pin_list>
<bind>
<opcode="load(27) " fcode="load"/>
<opset="axi_data_V/5 "/>
</bind>
</comp>

<comp id="279" class="1004" name="icmp_ln61_fu_279">
<pin_list>
<pin id="280" dir="0" index="0" bw="11" slack="0"/>
<pin id="281" dir="0" index="1" bw="11" slack="4"/>
<pin id="282" dir="1" index="2" bw="1" slack="2147483647"/>
</pin_list>
<bind>
<opcode="icmp(45) " fcode="icmp"/>
<opset="icmp_ln61/5 "/>
</bind>
</comp>

<comp id="284" class="1004" name="i_8_fu_284">
<pin_list>
<pin id="285" dir="0" index="0" bw="11" slack="0"/>
<pin id="286" dir="0" index="1" bw="1" slack="0"/>
<pin id="287" dir="1" index="2" bw="11" slack="2"/>
</pin_list>
<bind>
<opcode="add(8) " fcode="add"/>
<opset="i_8/5 "/>
</bind>
</comp>

<comp id="290" class="1004" name="start_load_load_fu_290">
<pin_list>
<pin id="291" dir="0" index="0" bw="1" slack="4"/>
<pin id="292" dir="1" index="1" bw="1" slack="0"/>
</pin_list>
<bind>
<opcode="load(27) " fcode="load"/>
<opset="start_load/5 "/>
</bind>
</comp>

<comp id="294" class="1004" name="last_loc_load_load_fu_294">
<pin_list>
<pin id="295" dir="0" index="0" bw="1" slack="6"/>
<pin id="296" dir="1" index="1" bw="1" slack="2147483647"/>
</pin_list>
<bind>
<opcode="load(27) " fcode="load"/>
<opset="last_loc_load/7 "/>
</bind>
</comp>

<comp id="297" class="1004" name="axi_data_V_3_loc_load_load_fu_297">
<pin_list>
<pin id="298" dir="0" index="0" bw="16" slack="6"/>
<pin id="299" dir="1" index="1" bw="16" slack="2147483647"/>
</pin_list>
<bind>
<opcode="load(27) " fcode="load"/>
<opset="axi_data_V_3_loc_load/7 "/>
</bind>
</comp>

<comp id="300" class="1004" name="store_ln0_store_fu_300">
<pin_list>
<pin id="301" dir="0" index="0" bw="1" slack="0"/>
<pin id="302" dir="0" index="1" bw="1" slack="6"/>
<pin id="303" dir="1" index="2" bw="0" slack="2147483647"/>
</pin_list>
<bind>
<opcode="store(28) " fcode="store"/>
<opset="store_ln0/7 "/>
</bind>
</comp>

<comp id="305" class="1004" name="store_ln61_store_fu_305">
<pin_list>
<pin id="306" dir="0" index="0" bw="11" slack="2"/>
<pin id="307" dir="0" index="1" bw="11" slack="6"/>
<pin id="308" dir="1" index="2" bw="0" slack="2147483647"/>
</pin_list>
<bind>
<opcode="store(28) " fcode="store"/>
<opset="store_ln61/7 "/>
</bind>
</comp>

<comp id="309" class="1004" name="axi_last_V_4_loc_load_load_fu_309">
<pin_list>
<pin id="310" dir="0" index="0" bw="1" slack="9"/>
<pin id="311" dir="1" index="1" bw="1" slack="2147483647"/>
</pin_list>
<bind>
<opcode="load(27) " fcode="load"/>
<opset="axi_last_V_4_loc_load/10 "/>
</bind>
</comp>

<comp id="312" class="1005" name="i_reg_312">
<pin_list>
<pin id="313" dir="0" index="0" bw="11" slack="0"/>
<pin id="314" dir="1" index="1" bw="11" slack="0"/>
</pin_list>
<bind>
<opset="i "/>
</bind>
</comp>

<comp id="319" class="1005" name="axi_data_V_2_reg_319">
<pin_list>
<pin id="320" dir="0" index="0" bw="16" slack="1"/>
<pin id="321" dir="1" index="1" bw="16" slack="1"/>
</pin_list>
<bind>
<opset="axi_data_V_2 "/>
</bind>
</comp>

<comp id="326" class="1005" name="start_reg_326">
<pin_list>
<pin id="327" dir="0" index="0" bw="1" slack="0"/>
<pin id="328" dir="1" index="1" bw="1" slack="0"/>
</pin_list>
<bind>
<opset="start "/>
</bind>
</comp>

<comp id="333" class="1005" name="p_read14_reg_333">
<pin_list>
<pin id="334" dir="0" index="0" bw="11" slack="3"/>
<pin id="335" dir="1" index="1" bw="11" slack="3"/>
</pin_list>
<bind>
<opset="p_read14 "/>
</bind>
</comp>

<comp id="339" class="1005" name="p_read_29_reg_339">
<pin_list>
<pin id="340" dir="0" index="0" bw="11" slack="4"/>
<pin id="341" dir="1" index="1" bw="11" slack="4"/>
</pin_list>
<bind>
<opset="p_read_29 "/>
</bind>
</comp>

<comp id="344" class="1005" name="axi_last_V_4_loc_reg_344">
<pin_list>
<pin id="345" dir="0" index="0" bw="1" slack="7"/>
<pin id="346" dir="1" index="1" bw="1" slack="7"/>
</pin_list>
<bind>
<opset="axi_last_V_4_loc "/>
</bind>
</comp>

<comp id="350" class="1005" name="axi_data_V_3_loc_reg_350">
<pin_list>
<pin id="351" dir="0" index="0" bw="16" slack="4"/>
<pin id="352" dir="1" index="1" bw="16" slack="4"/>
</pin_list>
<bind>
<opset="axi_data_V_3_loc "/>
</bind>
</comp>

<comp id="356" class="1005" name="last_loc_reg_356">
<pin_list>
<pin id="357" dir="0" index="0" bw="1" slack="4"/>
<pin id="358" dir="1" index="1" bw="1" slack="4"/>
</pin_list>
<bind>
<opset="last_loc "/>
</bind>
</comp>

<comp id="362" class="1005" name="axi_last_V_loc_reg_362">
<pin_list>
<pin id="363" dir="0" index="0" bw="1" slack="1"/>
<pin id="364" dir="1" index="1" bw="1" slack="1"/>
</pin_list>
<bind>
<opset="axi_last_V_loc "/>
</bind>
</comp>

<comp id="371" class="1005" name="cmp41_reg_371">
<pin_list>
<pin id="372" dir="0" index="0" bw="1" slack="1"/>
<pin id="373" dir="1" index="1" bw="1" slack="2147483647"/>
</pin_list>
<bind>
<opset="cmp41 "/>
</bind>
</comp>

<comp id="381" class="1005" name="i_8_reg_381">
<pin_list>
<pin id="382" dir="0" index="0" bw="11" slack="2"/>
<pin id="383" dir="1" index="1" bw="11" slack="2"/>
</pin_list>
<bind>
<opset="i_8 "/>
</bind>
</comp>

</comp_list>

<net_list>
<net id="85"><net_src comp="24" pin="0"/><net_sink comp="82" pin=0"/></net>

<net id="89"><net_src comp="24" pin="0"/><net_sink comp="86" pin=0"/></net>

<net id="93"><net_src comp="24" pin="0"/><net_sink comp="90" pin=0"/></net>

<net id="97"><net_src comp="28" pin="0"/><net_sink comp="94" pin=0"/></net>

<net id="101"><net_src comp="28" pin="0"/><net_sink comp="98" pin=0"/></net>

<net id="105"><net_src comp="28" pin="0"/><net_sink comp="102" pin=0"/></net>

<net id="109"><net_src comp="28" pin="0"/><net_sink comp="106" pin=0"/></net>

<net id="114"><net_src comp="26" pin="0"/><net_sink comp="110" pin=0"/></net>

<net id="115"><net_src comp="16" pin="0"/><net_sink comp="110" pin=1"/></net>

<net id="120"><net_src comp="26" pin="0"/><net_sink comp="116" pin=0"/></net>

<net id="121"><net_src comp="14" pin="0"/><net_sink comp="116" pin=1"/></net>

<net id="127"><net_src comp="30" pin="0"/><net_sink comp="122" pin=0"/></net>

<net id="128"><net_src comp="22" pin="0"/><net_sink comp="122" pin=1"/></net>

<net id="129"><net_src comp="110" pin="2"/><net_sink comp="122" pin=2"/></net>

<net id="135"><net_src comp="30" pin="0"/><net_sink comp="130" pin=0"/></net>

<net id="136"><net_src comp="20" pin="0"/><net_sink comp="130" pin=1"/></net>

<net id="137"><net_src comp="116" pin="2"/><net_sink comp="130" pin=2"/></net>

<net id="147"><net_src comp="141" pin="4"/><net_sink comp="138" pin=0"/></net>

<net id="157"><net_src comp="138" pin="1"/><net_sink comp="151" pin=2"/></net>

<net id="158"><net_src comp="151" pin="4"/><net_sink comp="148" pin=0"/></net>

<net id="168"><net_src comp="162" pin="4"/><net_sink comp="159" pin=0"/></net>

<net id="172"><net_src comp="78" pin="0"/><net_sink comp="169" pin=0"/></net>

<net id="179"><net_src comp="169" pin="1"/><net_sink comp="173" pin=2"/></net>

<net id="180"><net_src comp="173" pin="4"/><net_sink comp="169" pin=0"/></net>

<net id="193"><net_src comp="38" pin="0"/><net_sink comp="181" pin=0"/></net>

<net id="194"><net_src comp="0" pin="0"/><net_sink comp="181" pin=1"/></net>

<net id="195"><net_src comp="2" pin="0"/><net_sink comp="181" pin=2"/></net>

<net id="196"><net_src comp="4" pin="0"/><net_sink comp="181" pin=3"/></net>

<net id="197"><net_src comp="6" pin="0"/><net_sink comp="181" pin=4"/></net>

<net id="198"><net_src comp="8" pin="0"/><net_sink comp="181" pin=5"/></net>

<net id="199"><net_src comp="10" pin="0"/><net_sink comp="181" pin=6"/></net>

<net id="200"><net_src comp="12" pin="0"/><net_sink comp="181" pin=7"/></net>

<net id="218"><net_src comp="76" pin="0"/><net_sink comp="201" pin=0"/></net>

<net id="219"><net_src comp="141" pin="4"/><net_sink comp="201" pin=3"/></net>

<net id="220"><net_src comp="18" pin="0"/><net_sink comp="201" pin=5"/></net>

<net id="221"><net_src comp="0" pin="0"/><net_sink comp="201" pin=6"/></net>

<net id="222"><net_src comp="2" pin="0"/><net_sink comp="201" pin=7"/></net>

<net id="223"><net_src comp="4" pin="0"/><net_sink comp="201" pin=8"/></net>

<net id="224"><net_src comp="6" pin="0"/><net_sink comp="201" pin=9"/></net>

<net id="225"><net_src comp="8" pin="0"/><net_sink comp="201" pin=10"/></net>

<net id="226"><net_src comp="10" pin="0"/><net_sink comp="201" pin=11"/></net>

<net id="227"><net_src comp="12" pin="0"/><net_sink comp="201" pin=12"/></net>

<net id="243"><net_src comp="80" pin="0"/><net_sink comp="228" pin=0"/></net>

<net id="244"><net_src comp="151" pin="4"/><net_sink comp="228" pin=1"/></net>

<net id="245"><net_src comp="162" pin="4"/><net_sink comp="228" pin=2"/></net>

<net id="246"><net_src comp="173" pin="4"/><net_sink comp="228" pin=3"/></net>

<net id="247"><net_src comp="0" pin="0"/><net_sink comp="228" pin=4"/></net>

<net id="248"><net_src comp="2" pin="0"/><net_sink comp="228" pin=5"/></net>

<net id="249"><net_src comp="4" pin="0"/><net_sink comp="228" pin=6"/></net>

<net id="250"><net_src comp="6" pin="0"/><net_sink comp="228" pin=7"/></net>

<net id="251"><net_src comp="8" pin="0"/><net_sink comp="228" pin=8"/></net>

<net id="252"><net_src comp="10" pin="0"/><net_sink comp="228" pin=9"/></net>

<net id="253"><net_src comp="12" pin="0"/><net_sink comp="228" pin=10"/></net>

<net id="258"><net_src comp="32" pin="0"/><net_sink comp="254" pin=0"/></net>

<net id="263"><net_src comp="34" pin="0"/><net_sink comp="259" pin=0"/></net>

<net id="271"><net_src comp="34" pin="0"/><net_sink comp="267" pin=1"/></net>

<net id="278"><net_src comp="275" pin="1"/><net_sink comp="201" pin=2"/></net>

<net id="283"><net_src comp="272" pin="1"/><net_sink comp="279" pin=0"/></net>

<net id="288"><net_src comp="272" pin="1"/><net_sink comp="284" pin=0"/></net>

<net id="289"><net_src comp="64" pin="0"/><net_sink comp="284" pin=1"/></net>

<net id="293"><net_src comp="290" pin="1"/><net_sink comp="201" pin=1"/></net>

<net id="304"><net_src comp="78" pin="0"/><net_sink comp="300" pin=0"/></net>

<net id="315"><net_src comp="82" pin="1"/><net_sink comp="312" pin=0"/></net>

<net id="316"><net_src comp="312" pin="1"/><net_sink comp="259" pin=1"/></net>

<net id="317"><net_src comp="312" pin="1"/><net_sink comp="272" pin=0"/></net>

<net id="318"><net_src comp="312" pin="1"/><net_sink comp="305" pin=1"/></net>

<net id="322"><net_src comp="86" pin="1"/><net_sink comp="319" pin=0"/></net>

<net id="323"><net_src comp="319" pin="1"/><net_sink comp="181" pin=9"/></net>

<net id="324"><net_src comp="319" pin="1"/><net_sink comp="275" pin=0"/></net>

<net id="325"><net_src comp="319" pin="1"/><net_sink comp="228" pin=12"/></net>

<net id="329"><net_src comp="90" pin="1"/><net_sink comp="326" pin=0"/></net>

<net id="330"><net_src comp="326" pin="1"/><net_sink comp="254" pin=1"/></net>

<net id="331"><net_src comp="326" pin="1"/><net_sink comp="290" pin=0"/></net>

<net id="332"><net_src comp="326" pin="1"/><net_sink comp="300" pin=1"/></net>

<net id="336"><net_src comp="110" pin="2"/><net_sink comp="333" pin=0"/></net>

<net id="337"><net_src comp="333" pin="1"/><net_sink comp="267" pin=0"/></net>

<net id="338"><net_src comp="333" pin="1"/><net_sink comp="201" pin=4"/></net>

<net id="342"><net_src comp="116" pin="2"/><net_sink comp="339" pin=0"/></net>

<net id="343"><net_src comp="339" pin="1"/><net_sink comp="279" pin=1"/></net>

<net id="347"><net_src comp="94" pin="1"/><net_sink comp="344" pin=0"/></net>

<net id="348"><net_src comp="344" pin="1"/><net_sink comp="228" pin=11"/></net>

<net id="349"><net_src comp="344" pin="1"/><net_sink comp="309" pin=0"/></net>

<net id="353"><net_src comp="98" pin="1"/><net_sink comp="350" pin=0"/></net>

<net id="354"><net_src comp="350" pin="1"/><net_sink comp="201" pin=14"/></net>

<net id="355"><net_src comp="350" pin="1"/><net_sink comp="297" pin=0"/></net>

<net id="359"><net_src comp="102" pin="1"/><net_sink comp="356" pin=0"/></net>

<net id="360"><net_src comp="356" pin="1"/><net_sink comp="201" pin=13"/></net>

<net id="361"><net_src comp="356" pin="1"/><net_sink comp="294" pin=0"/></net>

<net id="365"><net_src comp="106" pin="1"/><net_sink comp="362" pin=0"/></net>

<net id="366"><net_src comp="362" pin="1"/><net_sink comp="181" pin=8"/></net>

<net id="367"><net_src comp="362" pin="1"/><net_sink comp="264" pin=0"/></net>

<net id="374"><net_src comp="267" pin="2"/><net_sink comp="371" pin=0"/></net>

<net id="384"><net_src comp="284" pin="2"/><net_sink comp="381" pin=0"/></net>

<net id="385"><net_src comp="381" pin="1"/><net_sink comp="305" pin=0"/></net>

</net_list>

</model> 
---------------- Datapath Model END ------------------

* FSMD analyzer results:
  - Output states:
	Port: s_axis_video_V_data_V | {}
	Port: s_axis_video_V_keep_V | {}
	Port: s_axis_video_V_strb_V | {}
	Port: s_axis_video_V_user_V | {}
	Port: s_axis_video_V_last_V | {}
	Port: s_axis_video_V_id_V | {}
	Port: s_axis_video_V_dest_V | {}
	Port: imgInput1_data238 | {5 6 }
	Port: imgInput1_rows_c | {1 }
	Port: imgInput1_cols_c | {1 }
 - Input state : 
	Port: AXIVideo2BayerMat<13, 1080, 1920, 1> : s_axis_video_V_data_V | {2 3 5 6 8 9 }
	Port: AXIVideo2BayerMat<13, 1080, 1920, 1> : s_axis_video_V_keep_V | {2 3 5 6 8 9 }
	Port: AXIVideo2BayerMat<13, 1080, 1920, 1> : s_axis_video_V_strb_V | {2 3 5 6 8 9 }
	Port: AXIVideo2BayerMat<13, 1080, 1920, 1> : s_axis_video_V_user_V | {2 3 5 6 8 9 }
	Port: AXIVideo2BayerMat<13, 1080, 1920, 1> : s_axis_video_V_last_V | {2 3 5 6 8 9 }
	Port: AXIVideo2BayerMat<13, 1080, 1920, 1> : s_axis_video_V_id_V | {2 3 5 6 8 9 }
	Port: AXIVideo2BayerMat<13, 1080, 1920, 1> : s_axis_video_V_dest_V | {2 3 5 6 8 9 }
	Port: AXIVideo2BayerMat<13, 1080, 1920, 1> : p_read | {1 }
	Port: AXIVideo2BayerMat<13, 1080, 1920, 1> : p_read1 | {1 }
  - Chain level:
	State 1
		store_ln61 : 1
		store_ln61 : 1
	State 2
	State 3
	State 4
	State 5
		icmp_ln61 : 1
		i_8 : 1
		br_ln61 : 2
		call_ln0 : 1
	State 6
	State 7
	State 8
		call_ln0 : 1
	State 9
	State 10


============================================================
+ Verbose Summary: Datapath Resource usage 
============================================================

* Functional unit list:
|----------|-----------------------------------------------------------------------|---------|---------|
| Operation|                            Functional Unit                            |    FF   |   LUT   |
|----------|-----------------------------------------------------------------------|---------|---------|
|          |  grp_AXIVideo2BayerMat_13_1080_1920_1_Pipeline_loop_start_hunt_fu_181 |    1    |    0    |
|   call   | grp_AXIVideo2BayerMat_13_1080_1920_1_Pipeline_loop_col_zxi2mat_fu_201 |    32   |    31   |
|          |  grp_AXIVideo2BayerMat_13_1080_1920_1_Pipeline_loop_last_hunt_fu_228  |    3    |    0    |
|----------|-----------------------------------------------------------------------|---------|---------|
|   icmp   |                              cmp41_fu_267                             |    0    |    11   |
|          |                            icmp_ln61_fu_279                           |    0    |    11   |
|----------|-----------------------------------------------------------------------|---------|---------|
|    add   |                               i_8_fu_284                              |    0    |    18   |
|----------|-----------------------------------------------------------------------|---------|---------|
|   read   |                          p_read14_read_fu_110                         |    0    |    0    |
|          |                         p_read_29_read_fu_116                         |    0    |    0    |
|----------|-----------------------------------------------------------------------|---------|---------|
|   write  |                         write_ln0_write_fu_122                        |    0    |    0    |
|          |                         write_ln0_write_fu_130                        |    0    |    0    |
|----------|-----------------------------------------------------------------------|---------|---------|
|   Total  |                                                                       |    36   |    71   |
|----------|-----------------------------------------------------------------------|---------|---------|

Memories:
N/A

* Register list:
+------------------------+--------+
|                        |   FF   |
+------------------------+--------+
|axi_data_2_lcssa_reg_159|   16   |
|  axi_data_V_2_reg_319  |   16   |
|axi_data_V_3_loc_reg_350|   16   |
|axi_last_2_lcssa_reg_148|    1   |
|  axi_last_V_2_reg_138  |    1   |
|axi_last_V_4_loc_reg_344|    1   |
| axi_last_V_loc_reg_362 |    1   |
|      cmp41_reg_371     |    1   |
|       i_8_reg_381      |   11   |
|        i_reg_312       |   11   |
|  last_0_lcssa_reg_169  |    1   |
|    last_loc_reg_356    |    1   |
|    p_read14_reg_333    |   11   |
|    p_read_29_reg_339   |   11   |
|      start_reg_326     |    1   |
+------------------------+--------+
|          Total         |   100  |
+------------------------+--------+

* Multiplexer (MUX) list: 
|----------------------|------|------|------|--------||---------||---------|
|         Comp         |  Pin | Size |  BW  | S x BW ||  Delay  ||   LUT   |
|----------------------|------|------|------|--------||---------||---------|
| last_0_lcssa_reg_169 |  p0  |   2  |   1  |    2   ||    9    |
|----------------------|------|------|------|--------||---------||---------|
|         Total        |      |      |      |    2   ||  0.427  ||    9    |
|----------------------|------|------|------|--------||---------||---------|



* Summary:
+-----------+--------+--------+--------+
|           |  Delay |   FF   |   LUT  |
+-----------+--------+--------+--------+
|  Function |    -   |   36   |   71   |
|   Memory  |    -   |    -   |    -   |
|Multiplexer|    0   |    -   |    9   |
|  Register |    -   |   100  |    -   |
+-----------+--------+--------+--------+
|   Total   |    0   |   136  |   80   |
+-----------+--------+--------+--------+
