

================================================================
== Vitis HLS Report for 'g_kernel_ap_uint_10_5_s'
================================================================
* Date:           Wed Sep  4 19:39:03 2024

* Version:        2022.1 (Build 3526262 on Mon Apr 18 15:47:01 MDT 2022)
* Project:        isppipeline.prj
* Solution:       sol1 (Vivado IP Flow Target)
* Product family: zynquplus
* Target device:  xck26-sfvc784-2LV-c


================================================================
== Performance Estimates
================================================================
+ Timing: 
    * Summary: 
    +--------+---------+----------+------------+
    |  Clock |  Target | Estimated| Uncertainty|
    +--------+---------+----------+------------+
    |ap_clk  |  3.30 ns|  2.394 ns|     0.89 ns|
    +--------+---------+----------+------------+

+ Latency: 
    * Summary: 
    +---------+---------+----------+----------+-----+-----+---------+
    |  Latency (cycles) |  Latency (absolute) |  Interval | Pipeline|
    |   min   |   max   |    min   |    max   | min | max |   Type  |
    +---------+---------+----------+----------+-----+-----+---------+
    |        2|        2|  6.600 ns|  6.600 ns|    1|    1|      yes|
    +---------+---------+----------+----------+-----+-----+---------+

    + Detail: 
        * Instance: 
        N/A

        * Loop: 
        N/A

============================================================
+ Verbose Summary: Synthesis Manager
============================================================
InlineROM: 1
ExposeGlobal: 0
============================================================
+ Verbose Summary: CDFG Model
============================================================
IsTopModel: 0
ResetActiveHigh: 1
IsCombinational: 0
IsDatapathOnly: 0
HasWiredReturn: 1
HasMFsm: 2
HasVarLatency: 0
IsPipeline: 1
IsRtlPipelined: 1
IsInstanceOverlapped: 0
IsDontTouch: 0
HasImplIP: 0
IsGatedGlobalClock: 0

+ Individual pipeline summary: 
  * Pipeline-0: initiation interval (II) = 1, depth = 3


============================================================
+ Verbose Summary: Schedule
============================================================
* Number of FSM states : 3
* Pipeline : 1
  Pipeline-0 : II = 1, D = 3, States = { 1 2 3 }
* Dataflow Pipeline: 0

* FSM state transitions: 
1 --> 2 
2 --> 3 
3 --> 

* FSM state operations: 

State 1 <SV = 0> <Delay = 2.39>
ST_1 : Operation 4 [1/1] (0.00ns)   --->   "%p_read817 = read i10 @_ssdm_op_Read.ap_auto.i10, i10 %p_read8"   --->   Operation 4 'read' 'p_read817' <Predicate = true> <Delay = 0.00>
ST_1 : Operation 5 [1/1] (0.00ns)   --->   "%p_read716 = read i10 @_ssdm_op_Read.ap_auto.i10, i10 %p_read7"   --->   Operation 5 'read' 'p_read716' <Predicate = true> <Delay = 0.00>
ST_1 : Operation 6 [1/1] (0.00ns)   --->   "%p_read615 = read i10 @_ssdm_op_Read.ap_auto.i10, i10 %p_read6"   --->   Operation 6 'read' 'p_read615' <Predicate = true> <Delay = 0.00>
ST_1 : Operation 7 [1/1] (0.00ns)   --->   "%p_read514 = read i10 @_ssdm_op_Read.ap_auto.i10, i10 %p_read5"   --->   Operation 7 'read' 'p_read514' <Predicate = true> <Delay = 0.00>
ST_1 : Operation 8 [1/1] (0.00ns)   --->   "%p_read413 = read i10 @_ssdm_op_Read.ap_auto.i10, i10 %p_read4"   --->   Operation 8 'read' 'p_read413' <Predicate = true> <Delay = 0.00>
ST_1 : Operation 9 [1/1] (0.00ns)   --->   "%p_read312 = read i10 @_ssdm_op_Read.ap_auto.i10, i10 %p_read3"   --->   Operation 9 'read' 'p_read312' <Predicate = true> <Delay = 0.00>
ST_1 : Operation 10 [1/1] (0.00ns)   --->   "%p_read211 = read i10 @_ssdm_op_Read.ap_auto.i10, i10 %p_read2"   --->   Operation 10 'read' 'p_read211' <Predicate = true> <Delay = 0.00>
ST_1 : Operation 11 [1/1] (0.00ns)   --->   "%p_read110 = read i10 @_ssdm_op_Read.ap_auto.i10, i10 %p_read1"   --->   Operation 11 'read' 'p_read110' <Predicate = true> <Delay = 0.00>
ST_1 : Operation 12 [1/1] (0.00ns)   --->   "%p_read_21 = read i10 @_ssdm_op_Read.ap_auto.i10, i10 %p_read"   --->   Operation 12 'read' 'p_read_21' <Predicate = true> <Delay = 0.00>
ST_1 : Operation 13 [1/1] (0.00ns)   --->   "%zext_ln232 = zext i10 %p_read_21"   --->   Operation 13 'zext' 'zext_ln232' <Predicate = true> <Delay = 0.00>
ST_1 : Operation 14 [1/1] (0.00ns)   --->   "%zext_ln232_18 = zext i10 %p_read211"   --->   Operation 14 'zext' 'zext_ln232_18' <Predicate = true> <Delay = 0.00>
ST_1 : Operation 15 [1/1] (0.78ns)   --->   "%ret_V_43 = add i11 %zext_ln232_18, i11 %zext_ln232"   --->   Operation 15 'add' 'ret_V_43' <Predicate = true> <Delay = 0.78> <CoreInst = "Adder">   --->   Core 1 'Adder' <Latency = 0> <II = 1> <Delay = 0.78> <FuncUnit> <Opcode : 'add' 'sub'> <InPorts = 2> <OutPorts = 1>
ST_1 : Operation 16 [1/1] (0.00ns)   --->   "%zext_ln232_19 = zext i11 %ret_V_43"   --->   Operation 16 'zext' 'zext_ln232_19' <Predicate = true> <Delay = 0.00>
ST_1 : Operation 17 [1/1] (0.00ns)   --->   "%zext_ln1541 = zext i10 %p_read615"   --->   Operation 17 'zext' 'zext_ln1541' <Predicate = true> <Delay = 0.00>
ST_1 : Operation 18 [1/1] (0.00ns)   --->   "%zext_ln1541_22 = zext i10 %p_read817"   --->   Operation 18 'zext' 'zext_ln1541_22' <Predicate = true> <Delay = 0.00>
ST_1 : Operation 19 [1/1] (0.78ns)   --->   "%add_ln1541 = add i11 %zext_ln1541, i11 %zext_ln1541_22"   --->   Operation 19 'add' 'add_ln1541' <Predicate = true> <Delay = 0.78> <CoreInst = "Adder">   --->   Core 1 'Adder' <Latency = 0> <II = 1> <Delay = 0.78> <FuncUnit> <Opcode : 'add' 'sub'> <InPorts = 2> <OutPorts = 1>
ST_1 : Operation 20 [1/1] (0.00ns)   --->   "%zext_ln1541_23 = zext i11 %add_ln1541"   --->   Operation 20 'zext' 'zext_ln1541_23' <Predicate = true> <Delay = 0.00>
ST_1 : Operation 21 [1/1] (0.79ns)   --->   "%ret_V_44 = add i12 %zext_ln1541_23, i12 %zext_ln232_19"   --->   Operation 21 'add' 'ret_V_44' <Predicate = true> <Delay = 0.79> <CoreInst = "Adder">   --->   Core 1 'Adder' <Latency = 0> <II = 1> <Delay = 0.79> <FuncUnit> <Opcode : 'add' 'sub'> <InPorts = 2> <OutPorts = 1>
ST_1 : Operation 22 [1/1] (0.00ns)   --->   "%zext_ln1542 = zext i12 %ret_V_44"   --->   Operation 22 'zext' 'zext_ln1542' <Predicate = true> <Delay = 0.00>
ST_1 : Operation 23 [1/1] (0.00ns)   --->   "%zext_ln232_20 = zext i10 %p_read110"   --->   Operation 23 'zext' 'zext_ln232_20' <Predicate = true> <Delay = 0.00>
ST_1 : Operation 24 [1/1] (0.00ns)   --->   "%zext_ln232_21 = zext i10 %p_read312"   --->   Operation 24 'zext' 'zext_ln232_21' <Predicate = true> <Delay = 0.00>
ST_1 : Operation 25 [1/1] (0.78ns)   --->   "%ret_V_45 = add i11 %zext_ln232_21, i11 %zext_ln232_20"   --->   Operation 25 'add' 'ret_V_45' <Predicate = true> <Delay = 0.78> <CoreInst = "Adder">   --->   Core 1 'Adder' <Latency = 0> <II = 1> <Delay = 0.78> <FuncUnit> <Opcode : 'add' 'sub'> <InPorts = 2> <OutPorts = 1>
ST_1 : Operation 26 [1/1] (0.00ns)   --->   "%zext_ln232_22 = zext i11 %ret_V_45"   --->   Operation 26 'zext' 'zext_ln232_22' <Predicate = true> <Delay = 0.00>
ST_1 : Operation 27 [1/1] (0.00ns)   --->   "%zext_ln1541_24 = zext i10 %p_read514"   --->   Operation 27 'zext' 'zext_ln1541_24' <Predicate = true> <Delay = 0.00>
ST_1 : Operation 28 [1/1] (0.00ns)   --->   "%zext_ln1541_25 = zext i10 %p_read716"   --->   Operation 28 'zext' 'zext_ln1541_25' <Predicate = true> <Delay = 0.00>
ST_1 : Operation 29 [1/1] (0.78ns)   --->   "%add_ln1541_15 = add i11 %zext_ln1541_24, i11 %zext_ln1541_25"   --->   Operation 29 'add' 'add_ln1541_15' <Predicate = true> <Delay = 0.78> <CoreInst = "Adder">   --->   Core 1 'Adder' <Latency = 0> <II = 1> <Delay = 0.78> <FuncUnit> <Opcode : 'add' 'sub'> <InPorts = 2> <OutPorts = 1>
ST_1 : Operation 30 [1/1] (0.00ns)   --->   "%zext_ln1541_26 = zext i11 %add_ln1541_15"   --->   Operation 30 'zext' 'zext_ln1541_26' <Predicate = true> <Delay = 0.00>
ST_1 : Operation 31 [1/1] (0.79ns)   --->   "%ret_V = add i12 %zext_ln1541_26, i12 %zext_ln232_22"   --->   Operation 31 'add' 'ret_V' <Predicate = true> <Delay = 0.79> <CoreInst = "Adder">   --->   Core 1 'Adder' <Latency = 0> <II = 1> <Delay = 0.79> <FuncUnit> <Opcode : 'add' 'sub'> <InPorts = 2> <OutPorts = 1>
ST_1 : Operation 32 [1/1] (0.00ns)   --->   "%shl_ln61_1 = bitconcatenate i12 @_ssdm_op_BitConcatenate.i12.i10.i2, i10 %p_read413, i2 0" [../../../../../overlays/Vitis_Libraries/vision//L1/include/imgproc/xf_demosaicing.hpp:61]   --->   Operation 32 'bitconcatenate' 'shl_ln61_1' <Predicate = true> <Delay = 0.00>
ST_1 : Operation 33 [1/1] (0.00ns)   --->   "%zext_ln61_1 = zext i12 %shl_ln61_1" [../../../../../overlays/Vitis_Libraries/vision//L1/include/imgproc/xf_demosaicing.hpp:61]   --->   Operation 33 'zext' 'zext_ln61_1' <Predicate = true> <Delay = 0.00>
ST_1 : Operation 34 [1/1] (0.80ns)   --->   "%sub_ln61 = sub i13 %zext_ln61_1, i13 %zext_ln1542" [../../../../../overlays/Vitis_Libraries/vision//L1/include/imgproc/xf_demosaicing.hpp:61]   --->   Operation 34 'sub' 'sub_ln61' <Predicate = true> <Delay = 0.80> <CoreInst = "Adder">   --->   Core 1 'Adder' <Latency = 0> <II = 1> <Delay = 0.80> <FuncUnit> <Opcode : 'add' 'sub'> <InPorts = 2> <OutPorts = 1>

State 2 <SV = 1> <Delay = 1.66>
ST_2 : Operation 35 [1/1] (0.00ns)   --->   "%shl_ln = bitconcatenate i13 @_ssdm_op_BitConcatenate.i13.i12.i1, i12 %ret_V, i1 0" [../../../../../overlays/Vitis_Libraries/vision//L1/include/imgproc/xf_demosaicing.hpp:61]   --->   Operation 35 'bitconcatenate' 'shl_ln' <Predicate = true> <Delay = 0.00>
ST_2 : Operation 36 [1/1] (0.00ns)   --->   "%zext_ln61 = zext i13 %shl_ln" [../../../../../overlays/Vitis_Libraries/vision//L1/include/imgproc/xf_demosaicing.hpp:61]   --->   Operation 36 'zext' 'zext_ln61' <Predicate = true> <Delay = 0.00>
ST_2 : Operation 37 [1/1] (0.00ns)   --->   "%sext_ln64 = sext i13 %sub_ln61" [../../../../../overlays/Vitis_Libraries/vision//L1/include/imgproc/xf_demosaicing.hpp:64]   --->   Operation 37 'sext' 'sext_ln64' <Predicate = true> <Delay = 0.00>
ST_2 : Operation 38 [1/1] (0.82ns)   --->   "%add_ln64 = add i15 %sext_ln64, i15 %zext_ln61" [../../../../../overlays/Vitis_Libraries/vision//L1/include/imgproc/xf_demosaicing.hpp:64]   --->   Operation 38 'add' 'add_ln64' <Predicate = true> <Delay = 0.82> <CoreInst = "Adder">   --->   Core 1 'Adder' <Latency = 0> <II = 1> <Delay = 0.82> <FuncUnit> <Opcode : 'add' 'sub'> <InPorts = 2> <OutPorts = 1>
ST_2 : Operation 39 [1/1] (0.00ns)   --->   "%tmp = bitselect i1 @_ssdm_op_BitSelect.i1.i15.i32, i15 %add_ln64, i32 14" [../../../../../overlays/Vitis_Libraries/vision//L1/include/imgproc/xf_demosaicing.hpp:64]   --->   Operation 39 'bitselect' 'tmp' <Predicate = true> <Delay = 0.00>
ST_2 : Operation 40 [1/1] (0.84ns)   --->   "%sub_ln64 = sub i15 0, i15 %add_ln64" [../../../../../overlays/Vitis_Libraries/vision//L1/include/imgproc/xf_demosaicing.hpp:64]   --->   Operation 40 'sub' 'sub_ln64' <Predicate = true> <Delay = 0.84> <CoreInst = "Adder">   --->   Core 1 'Adder' <Latency = 0> <II = 1> <Delay = 0.84> <FuncUnit> <Opcode : 'add' 'sub'> <InPorts = 2> <OutPorts = 1>
ST_2 : Operation 41 [1/1] (0.00ns)   --->   "%trunc_ln64_1 = partselect i12 @_ssdm_op_PartSelect.i12.i15.i32.i32, i15 %sub_ln64, i32 3, i32 14" [../../../../../overlays/Vitis_Libraries/vision//L1/include/imgproc/xf_demosaicing.hpp:64]   --->   Operation 41 'partselect' 'trunc_ln64_1' <Predicate = true> <Delay = 0.00>
ST_2 : Operation 42 [1/1] (0.00ns)   --->   "%trunc_ln64_2 = partselect i12 @_ssdm_op_PartSelect.i12.i15.i32.i32, i15 %add_ln64, i32 3, i32 14" [../../../../../overlays/Vitis_Libraries/vision//L1/include/imgproc/xf_demosaicing.hpp:64]   --->   Operation 42 'partselect' 'trunc_ln64_2' <Predicate = true> <Delay = 0.00>

State 3 <SV = 2> <Delay = 1.35>
ST_3 : Operation 43 [1/1] (0.00ns)   --->   "%sext_ln64_1 = sext i12 %trunc_ln64_1" [../../../../../overlays/Vitis_Libraries/vision//L1/include/imgproc/xf_demosaicing.hpp:64]   --->   Operation 43 'sext' 'sext_ln64_1' <Predicate = (tmp)> <Delay = 0.00>
ST_3 : Operation 44 [1/1] (0.00ns)   --->   "%zext_ln64 = zext i13 %sext_ln64_1" [../../../../../overlays/Vitis_Libraries/vision//L1/include/imgproc/xf_demosaicing.hpp:64]   --->   Operation 44 'zext' 'zext_ln64' <Predicate = (tmp)> <Delay = 0.00>
ST_3 : Operation 45 [1/1] (0.82ns)   --->   "%sub_ln64_1 = sub i14 0, i14 %zext_ln64" [../../../../../overlays/Vitis_Libraries/vision//L1/include/imgproc/xf_demosaicing.hpp:64]   --->   Operation 45 'sub' 'sub_ln64_1' <Predicate = (tmp)> <Delay = 0.82> <CoreInst = "Adder">   --->   Core 1 'Adder' <Latency = 0> <II = 1> <Delay = 0.82> <FuncUnit> <Opcode : 'add' 'sub'> <InPorts = 2> <OutPorts = 1>
ST_3 : Operation 46 [1/1] (0.00ns)   --->   "%sext_ln64_2 = sext i12 %trunc_ln64_2" [../../../../../overlays/Vitis_Libraries/vision//L1/include/imgproc/xf_demosaicing.hpp:64]   --->   Operation 46 'sext' 'sext_ln64_2' <Predicate = (!tmp)> <Delay = 0.00>
ST_3 : Operation 47 [1/1] (0.00ns)   --->   "%zext_ln64_1 = zext i13 %sext_ln64_2" [../../../../../overlays/Vitis_Libraries/vision//L1/include/imgproc/xf_demosaicing.hpp:64]   --->   Operation 47 'zext' 'zext_ln64_1' <Predicate = (!tmp)> <Delay = 0.00>
ST_3 : Operation 48 [1/1] (0.23ns)   --->   "%res = select i1 %tmp, i14 %sub_ln64_1, i14 %zext_ln64_1" [../../../../../overlays/Vitis_Libraries/vision//L1/include/imgproc/xf_demosaicing.hpp:64]   --->   Operation 48 'select' 'res' <Predicate = true> <Delay = 0.23> <CoreInst = "Sel">   --->   Core 73 'Sel' <Latency = 0> <II = 1> <Delay = 0.23> <FuncUnit> <Opcode : 'select'> <InPorts = 3> <OutPorts = 1>
ST_3 : Operation 49 [1/1] (0.00ns)   --->   "%trunc_ln61 = trunc i14 %res" [../../../../../overlays/Vitis_Libraries/vision//L1/include/imgproc/xf_demosaicing.hpp:61]   --->   Operation 49 'trunc' 'trunc_ln61' <Predicate = true> <Delay = 0.00>
ST_3 : Operation 50 [1/1] (0.00ns)   --->   "%tmp_46 = bitselect i1 @_ssdm_op_BitSelect.i1.i14.i32, i14 %res, i32 13" [../../../../../overlays/Vitis_Libraries/vision//L1/include/imgproc/xf_demosaicing.hpp:65]   --->   Operation 50 'bitselect' 'tmp_46' <Predicate = true> <Delay = 0.00>
ST_3 : Operation 51 [1/1] (0.30ns)   --->   "%select_ln65 = select i1 %tmp_46, i13 0, i13 %trunc_ln61" [../../../../../overlays/Vitis_Libraries/vision//L1/include/imgproc/xf_demosaicing.hpp:65]   --->   Operation 51 'select' 'select_ln65' <Predicate = true> <Delay = 0.30> <CoreInst = "Sel">   --->   Core 73 'Sel' <Latency = 0> <II = 1> <Delay = 0.30> <FuncUnit> <Opcode : 'select'> <InPorts = 3> <OutPorts = 1>
ST_3 : Operation 52 [1/1] (0.00ns)   --->   "%ret_ln67 = ret i13 %select_ln65" [../../../../../overlays/Vitis_Libraries/vision//L1/include/imgproc/xf_demosaicing.hpp:67]   --->   Operation 52 'ret' 'ret_ln67' <Predicate = true> <Delay = 0.00>


============================================================
+ Verbose Summary: Timing violations
============================================================
Target clock period: 3.3ns, clock uncertainty: 0.891ns.

 <State 1>: 2.39ns
The critical path consists of the following:
	wire read operation ('p_read817') on port 'p_read8' [10]  (0 ns)
	'add' operation ('add_ln1541') [25]  (0.787 ns)
	'add' operation ('ret.V') [27]  (0.798 ns)
	'sub' operation ('sub_ln61', ../../../../../overlays/Vitis_Libraries/vision//L1/include/imgproc/xf_demosaicing.hpp:61) [42]  (0.809 ns)

 <State 2>: 1.66ns
The critical path consists of the following:
	'add' operation ('add_ln64', ../../../../../overlays/Vitis_Libraries/vision//L1/include/imgproc/xf_demosaicing.hpp:64) [44]  (0.82 ns)
	'sub' operation ('sub_ln64', ../../../../../overlays/Vitis_Libraries/vision//L1/include/imgproc/xf_demosaicing.hpp:64) [46]  (0.842 ns)

 <State 3>: 1.36ns
The critical path consists of the following:
	'sub' operation ('sub_ln64_1', ../../../../../overlays/Vitis_Libraries/vision//L1/include/imgproc/xf_demosaicing.hpp:64) [50]  (0.82 ns)
	'select' operation ('res', ../../../../../overlays/Vitis_Libraries/vision//L1/include/imgproc/xf_demosaicing.hpp:64) [54]  (0.232 ns)
	'select' operation ('select_ln65', ../../../../../overlays/Vitis_Libraries/vision//L1/include/imgproc/xf_demosaicing.hpp:65) [57]  (0.303 ns)


============================================================
+ Verbose Summary: Binding
============================================================
N/A
* FSMD analyzer results:
  - Output states:
 - Input state : 
  - Chain level:
	State 1
	State 2
	State 3


============================================================
+ Verbose Summary: Datapath Resource usage 
============================================================
N/A
