

================================================================
== Vitis HLS Report for 'gaincontrol_3_13_1080_1920_1_s'
================================================================
* Date:           Wed Sep  4 19:39:02 2024

* Version:        2022.1 (Build 3526262 on Mon Apr 18 15:47:01 MDT 2022)
* Project:        isppipeline.prj
* Solution:       sol1 (Vivado IP Flow Target)
* Product family: zynquplus
* Target device:  xck26-sfvc784-2LV-c


================================================================
== Performance Estimates
================================================================
+ Timing: 
    * Summary: 
    +--------+---------+----------+------------+
    |  Clock |  Target | Estimated| Uncertainty|
    +--------+---------+----------+------------+
    |ap_clk  |  3.30 ns|  2.315 ns|     0.89 ns|
    +--------+---------+----------+------------+

+ Latency: 
    * Summary: 
    +---------+---------+----------+----------+---------+---------+---------+
    |  Latency (cycles) |  Latency (absolute) |      Interval     | Pipeline|
    |   min   |   max   |    min   |    max   |   min   |   max   |   Type  |
    +---------+---------+----------+----------+---------+---------+---------+
    |  2082241|  2082241|  6.871 ms|  6.871 ms|  2082241|  2082241|       no|
    +---------+---------+----------+----------+---------+---------+---------+

    + Detail: 
        * Instance: 
        N/A

        * Loop: 
        +-----------+---------+---------+----------+-----------+-----------+------+----------+
        |           |  Latency (cycles) | Iteration|  Initiation Interval  | Trip |          |
        | Loop Name |   min   |   max   |  Latency |  achieved |   target  | Count| Pipelined|
        +-----------+---------+---------+----------+-----------+-----------+------+----------+
        |- RowLoop  |  2082240|  2082240|      1928|          -|          -|  1080|        no|
        +-----------+---------+---------+----------+-----------+-----------+------+----------+

============================================================
+ Verbose Summary: Synthesis Manager
============================================================
InlineROM: 1
ExposeGlobal: 0
============================================================
+ Verbose Summary: CDFG Model
============================================================
IsTopModel: 0
ResetActiveHigh: 1
IsCombinational: 2
IsDatapathOnly: 0
HasWiredReturn: 1
HasMFsm: 0
HasVarLatency: 1
IsPipeline: 0
IsRtlPipelined: 0
IsInstanceOverlapped: 0
IsDontTouch: 0
HasImplIP: 0
IsGatedGlobalClock: 0


============================================================
+ Verbose Summary: Schedule
============================================================
* Number of FSM states : 3
* Pipeline : 0
* Dataflow Pipeline: 0

* FSM state transitions: 
1 --> 2 
2 --> 3 
3 --> 2 

* FSM state operations: 

State 1 <SV = 0> <Delay = 1.20>
ST_1 : Operation 4 [1/1] (0.00ns)   --->   "%i_V = alloca i32 1"   --->   Operation 4 'alloca' 'i_V' <Predicate = true> <Delay = 0.00>
ST_1 : Operation 5 [1/1] (0.00ns)   --->   "%specinterface_ln0 = specinterface void @_ssdm_op_SpecInterface, i16 %bgain, void @ap_fifo_str, i32 0, i32 0, void @p_str, i32 0, i32 0, void @p_str, void @p_str, void @p_str, i32 2, i32 2, i32 16, i32 16, void @p_str, void @ScalarProp_str, i32 4294967295, i32 0"   --->   Operation 5 'specinterface' 'specinterface_ln0' <Predicate = true> <Delay = 0.00>
ST_1 : Operation 6 [1/1] (1.20ns)   --->   "%p_read13 = read i11 @_ssdm_op_Read.ap_auto.i11, i11 %p_read1"   --->   Operation 6 'read' 'p_read13' <Predicate = true> <Delay = 1.20> <CoreInst = "FIFO_SRL">   --->   Core 81 'FIFO_SRL' <Latency = 0> <II = 1> <Delay = 1.83> <Storage> <Opcode : 'read' 'write' 'nbread' 'nbwrite'> <Ports = 0> <Width = -1> <Depth = -1> <FIFO>
ST_1 : Operation 7 [1/1] (1.20ns)   --->   "%p_read_20 = read i11 @_ssdm_op_Read.ap_auto.i11, i11 %p_read"   --->   Operation 7 'read' 'p_read_20' <Predicate = true> <Delay = 1.20> <CoreInst = "FIFO_SRL">   --->   Core 81 'FIFO_SRL' <Latency = 0> <II = 1> <Delay = 1.83> <Storage> <Opcode : 'read' 'write' 'nbread' 'nbwrite'> <Ports = 0> <Width = -1> <Depth = -1> <FIFO>
ST_1 : Operation 8 [1/1] (1.20ns)   --->   "%bgain_read = read i16 @_ssdm_op_Read.ap_fifo.i16P0A, i16 %bgain"   --->   Operation 8 'read' 'bgain_read' <Predicate = true> <Delay = 1.20> <CoreInst = "FIFO_SRL">   --->   Core 81 'FIFO_SRL' <Latency = 0> <II = 1> <Delay = 1.86> <Storage> <Opcode : 'read' 'write' 'nbread' 'nbwrite'> <Ports = 0> <Width = 16> <Depth = 5> <FIFO>
ST_1 : Operation 9 [1/1] (0.00ns)   --->   "%specinterface_ln0 = specinterface void @_ssdm_op_SpecInterface, i16 %rgain, void @ap_fifo_str, i32 0, i32 0, void @p_str, i32 0, i32 0, void @p_str, void @p_str, void @p_str, i32 2, i32 2, i32 16, i32 16, void @p_str, void @ScalarProp_str, i32 4294967295, i32 0"   --->   Operation 9 'specinterface' 'specinterface_ln0' <Predicate = true> <Delay = 0.00>
ST_1 : Operation 10 [1/1] (1.20ns)   --->   "%rgain_read = read i16 @_ssdm_op_Read.ap_fifo.i16P0A, i16 %rgain"   --->   Operation 10 'read' 'rgain_read' <Predicate = true> <Delay = 1.20> <CoreInst = "FIFO_SRL">   --->   Core 81 'FIFO_SRL' <Latency = 0> <II = 1> <Delay = 1.86> <Storage> <Opcode : 'read' 'write' 'nbread' 'nbwrite'> <Ports = 0> <Width = 16> <Depth = 5> <FIFO>
ST_1 : Operation 11 [1/1] (0.00ns)   --->   "%specinterface_ln0 = specinterface void @_ssdm_op_SpecInterface, i10 %gain_out_data240, void @empty_36, i32 0, i32 0, void @empty_18, i32 0, i32 0, void @empty_18, void @empty_18, void @empty_18, i32 0, i32 0, i32 0, i32 0, void @empty_18, void @empty_18, i32 4294967295, i32 0"   --->   Operation 11 'specinterface' 'specinterface_ln0' <Predicate = true> <Delay = 0.00>
ST_1 : Operation 12 [1/1] (0.00ns)   --->   "%specinterface_ln0 = specinterface void @_ssdm_op_SpecInterface, i10 %imgInput2_data239, void @empty_36, i32 0, i32 0, void @empty_18, i32 0, i32 0, void @empty_18, void @empty_18, void @empty_18, i32 0, i32 0, i32 0, i32 0, void @empty_18, void @empty_18, i32 4294967295, i32 0"   --->   Operation 12 'specinterface' 'specinterface_ln0' <Predicate = true> <Delay = 0.00>
ST_1 : Operation 13 [1/1] (0.42ns)   --->   "%store_ln86 = store i11 0, i11 %i_V" [../../../../../overlays/Vitis_Libraries/vision//L1/include/imgproc/xf_gaincontrol.hpp:86]   --->   Operation 13 'store' 'store_ln86' <Predicate = true> <Delay = 0.42>
ST_1 : Operation 14 [1/1] (0.00ns)   --->   "%br_ln86 = br void %ColLoop.i" [../../../../../overlays/Vitis_Libraries/vision//L1/include/imgproc/xf_gaincontrol.hpp:86]   --->   Operation 14 'br' 'br_ln86' <Predicate = true> <Delay = 0.00>

State 2 <SV = 1> <Delay = 2.31>
ST_2 : Operation 15 [1/1] (0.00ns)   --->   "%i_V_5 = load i11 %i_V"   --->   Operation 15 'load' 'i_V_5' <Predicate = true> <Delay = 0.00>
ST_2 : Operation 16 [1/1] (0.00ns)   --->   "%trunc_ln1073 = trunc i11 %i_V_5"   --->   Operation 16 'trunc' 'trunc_ln1073' <Predicate = true> <Delay = 0.00>
ST_2 : Operation 17 [1/1] (0.94ns)   --->   "%icmp_ln86 = icmp_eq  i11 %i_V_5, i11 %p_read_20" [../../../../../overlays/Vitis_Libraries/vision//L1/include/imgproc/xf_gaincontrol.hpp:86]   --->   Operation 17 'icmp' 'icmp_ln86' <Predicate = true> <Delay = 0.94> <CoreInst = "Cmp">   --->   Core 9 'Cmp' <Latency = 0> <II = 1> <Delay = 0.94> <FuncUnit> <Opcode : 'icmp'> <InPorts = 2> <OutPorts = 1>
ST_2 : Operation 18 [1/1] (0.79ns)   --->   "%i_V_6 = add i11 %i_V_5, i11 1"   --->   Operation 18 'add' 'i_V_6' <Predicate = true> <Delay = 0.79> <CoreInst = "Adder">   --->   Core 1 'Adder' <Latency = 0> <II = 1> <Delay = 0.79> <FuncUnit> <Opcode : 'add' 'sub'> <InPorts = 2> <OutPorts = 1>
ST_2 : Operation 19 [1/1] (0.00ns)   --->   "%br_ln86 = br i1 %icmp_ln86, void %ColLoop.i.split, void %_ZN2xf2cv17gaincontrolkernelILi3ELi13ELi1080ELi1920ELi1ELi1ELi17ELi17ELi3ELi3ELi1920EEEvRNS0_3MatIXT0_EXT1_EXT2_EXT3_ELi2EEES4_tttt.exit.loopexit" [../../../../../overlays/Vitis_Libraries/vision//L1/include/imgproc/xf_gaincontrol.hpp:86]   --->   Operation 19 'br' 'br_ln86' <Predicate = true> <Delay = 0.00>
ST_2 : Operation 20 [1/1] (0.00ns)   --->   "%empty = wait i32 @_ssdm_op_Wait"   --->   Operation 20 'wait' 'empty' <Predicate = (!icmp_ln86)> <Delay = 0.00>
ST_2 : Operation 21 [2/2] (1.37ns)   --->   "%call_ln1073 = call void @gaincontrol<3, 13, 1080, 1920, 1>_Pipeline_ColLoop, i11 %p_read13, i10 %imgInput2_data239, i1 %trunc_ln1073, i16 %rgain_read, i16 %bgain_read, i10 %gain_out_data240"   --->   Operation 21 'call' 'call_ln1073' <Predicate = (!icmp_ln86)> <Delay = 1.37> <CoreType = "Generic">   --->   Core 0 '' <Latency = 0> <II = 1> <Delay = 1.00> <Generic> <Opcode : >
ST_2 : Operation 22 [1/1] (0.42ns)   --->   "%store_ln86 = store i11 %i_V_6, i11 %i_V" [../../../../../overlays/Vitis_Libraries/vision//L1/include/imgproc/xf_gaincontrol.hpp:86]   --->   Operation 22 'store' 'store_ln86' <Predicate = (!icmp_ln86)> <Delay = 0.42>
ST_2 : Operation 23 [1/1] (0.00ns)   --->   "%ret_ln187 = ret" [../../../../../overlays/Vitis_Libraries/vision//L1/include/imgproc/xf_gaincontrol.hpp:187]   --->   Operation 23 'ret' 'ret_ln187' <Predicate = (icmp_ln86)> <Delay = 0.00>

State 3 <SV = 2> <Delay = 0.00>
ST_3 : Operation 24 [1/1] (0.00ns)   --->   "%speclooptripcount_ln87 = speclooptripcount void @_ssdm_op_SpecLoopTripCount, i64 1080, i64 1080, i64 1080" [../../../../../overlays/Vitis_Libraries/vision//L1/include/imgproc/xf_gaincontrol.hpp:87]   --->   Operation 24 'speclooptripcount' 'speclooptripcount_ln87' <Predicate = true> <Delay = 0.00>
ST_3 : Operation 25 [1/1] (0.00ns)   --->   "%specloopname_ln79 = specloopname void @_ssdm_op_SpecLoopName, void @empty_29" [../../../../../overlays/Vitis_Libraries/vision//L1/include/imgproc/xf_gaincontrol.hpp:79]   --->   Operation 25 'specloopname' 'specloopname_ln79' <Predicate = true> <Delay = 0.00>
ST_3 : Operation 26 [1/2] (0.00ns)   --->   "%call_ln1073 = call void @gaincontrol<3, 13, 1080, 1920, 1>_Pipeline_ColLoop, i11 %p_read13, i10 %imgInput2_data239, i1 %trunc_ln1073, i16 %rgain_read, i16 %bgain_read, i10 %gain_out_data240"   --->   Operation 26 'call' 'call_ln1073' <Predicate = true> <Delay = 0.00> <CoreType = "Generic">   --->   Core 0 '' <Latency = 0> <II = 1> <Delay = 1.00> <Generic> <Opcode : >
ST_3 : Operation 27 [1/1] (0.00ns)   --->   "%br_ln86 = br void %ColLoop.i" [../../../../../overlays/Vitis_Libraries/vision//L1/include/imgproc/xf_gaincontrol.hpp:86]   --->   Operation 27 'br' 'br_ln86' <Predicate = true> <Delay = 0.00>


============================================================
+ Verbose Summary: Timing violations
============================================================
Target clock period: 3.3ns, clock uncertainty: 0.891ns.

 <State 1>: 1.2ns
The critical path consists of the following:
	wire read operation ('p_read13') on port 'p_read1' [9]  (1.2 ns)

 <State 2>: 2.31ns
The critical path consists of the following:
	'load' operation ('i.V') on local variable 'i.V' [19]  (0 ns)
	'call' operation ('call_ln1073') to 'gaincontrol<3, 13, 1080, 1920, 1>_Pipeline_ColLoop' [28]  (1.37 ns)
	blocking operation 0.944 ns on control path)

 <State 3>: 0ns
The critical path consists of the following:


============================================================
+ Verbose Summary: Binding
============================================================
N/A
* FSMD analyzer results:
  - Output states:
 - Input state : 
  - Chain level:
	State 1
	State 2
	State 3


============================================================
+ Verbose Summary: Datapath Resource usage 
============================================================
N/A
