

================================================================
== Vitis HLS Report for 'rgb_bgr_kernel_ap_uint_10_5_s'
================================================================
* Date:           Wed Sep  4 19:39:03 2024

* Version:        2022.1 (Build 3526262 on Mon Apr 18 15:47:01 MDT 2022)
* Project:        isppipeline.prj
* Solution:       sol1 (Vivado IP Flow Target)
* Product family: zynquplus
* Target device:  xck26-sfvc784-2LV-c


================================================================
== Performance Estimates
================================================================
+ Timing: 
    * Summary: 
    +--------+---------+----------+------------+
    |  Clock |  Target | Estimated| Uncertainty|
    +--------+---------+----------+------------+
    |ap_clk  |  3.30 ns|  2.394 ns|     0.89 ns|
    +--------+---------+----------+------------+

+ Latency: 
    * Summary: 
    +---------+---------+----------+----------+-----+-----+---------+
    |  Latency (cycles) |  Latency (absolute) |  Interval | Pipeline|
    |   min   |   max   |    min   |    max   | min | max |   Type  |
    +---------+---------+----------+----------+-----+-----+---------+
    |        2|        2|  6.600 ns|  6.600 ns|    1|    1|      yes|
    +---------+---------+----------+----------+-----+-----+---------+

    + Detail: 
        * Instance: 
        N/A

        * Loop: 
        N/A

============================================================
+ Verbose Summary: Synthesis Manager
============================================================
InlineROM: 1
ExposeGlobal: 0
============================================================
+ Verbose Summary: CDFG Model
============================================================
IsTopModel: 0
ResetActiveHigh: 1
IsCombinational: 0
IsDatapathOnly: 0
HasWiredReturn: 1
HasMFsm: 2
HasVarLatency: 0
IsPipeline: 1
IsRtlPipelined: 1
IsInstanceOverlapped: 0
IsDontTouch: 0
HasImplIP: 0
IsGatedGlobalClock: 0

+ Individual pipeline summary: 
  * Pipeline-0: initiation interval (II) = 1, depth = 3


============================================================
+ Verbose Summary: Schedule
============================================================
* Number of FSM states : 3
* Pipeline : 1
  Pipeline-0 : II = 1, D = 3, States = { 1 2 3 }
* Dataflow Pipeline: 0

* FSM state transitions: 
1 --> 2 
2 --> 3 
3 --> 

* FSM state operations: 

State 1 <SV = 0> <Delay = 2.39>
ST_1 : Operation 4 [1/1] (0.00ns)   --->   "%p_read_13 = read i10 @_ssdm_op_Read.ap_auto.i10, i10 %p_read10"   --->   Operation 4 'read' 'p_read_13' <Predicate = true> <Delay = 0.00>
ST_1 : Operation 5 [1/1] (0.00ns)   --->   "%p_read_14 = read i10 @_ssdm_op_Read.ap_auto.i10, i10 %p_read9"   --->   Operation 5 'read' 'p_read_14' <Predicate = true> <Delay = 0.00>
ST_1 : Operation 6 [1/1] (0.00ns)   --->   "%p_read_15 = read i10 @_ssdm_op_Read.ap_auto.i10, i10 %p_read8"   --->   Operation 6 'read' 'p_read_15' <Predicate = true> <Delay = 0.00>
ST_1 : Operation 7 [1/1] (0.00ns)   --->   "%p_read_16 = read i10 @_ssdm_op_Read.ap_auto.i10, i10 %p_read7"   --->   Operation 7 'read' 'p_read_16' <Predicate = true> <Delay = 0.00>
ST_1 : Operation 8 [1/1] (0.00ns)   --->   "%p_read_17 = read i10 @_ssdm_op_Read.ap_auto.i10, i10 %p_read6"   --->   Operation 8 'read' 'p_read_17' <Predicate = true> <Delay = 0.00>
ST_1 : Operation 9 [1/1] (0.00ns)   --->   "%p_read516 = read i10 @_ssdm_op_Read.ap_auto.i10, i10 %p_read5"   --->   Operation 9 'read' 'p_read516' <Predicate = true> <Delay = 0.00>
ST_1 : Operation 10 [1/1] (0.00ns)   --->   "%p_read415 = read i10 @_ssdm_op_Read.ap_auto.i10, i10 %p_read4"   --->   Operation 10 'read' 'p_read415' <Predicate = true> <Delay = 0.00>
ST_1 : Operation 11 [1/1] (0.00ns)   --->   "%p_read314 = read i10 @_ssdm_op_Read.ap_auto.i10, i10 %p_read3"   --->   Operation 11 'read' 'p_read314' <Predicate = true> <Delay = 0.00>
ST_1 : Operation 12 [1/1] (0.00ns)   --->   "%p_read213 = read i10 @_ssdm_op_Read.ap_auto.i10, i10 %p_read2"   --->   Operation 12 'read' 'p_read213' <Predicate = true> <Delay = 0.00>
ST_1 : Operation 13 [1/1] (0.00ns)   --->   "%p_read112 = read i10 @_ssdm_op_Read.ap_auto.i10, i10 %p_read1"   --->   Operation 13 'read' 'p_read112' <Predicate = true> <Delay = 0.00>
ST_1 : Operation 14 [1/1] (0.00ns)   --->   "%p_read11 = read i10 @_ssdm_op_Read.ap_auto.i10, i10 %p_read"   --->   Operation 14 'read' 'p_read11' <Predicate = true> <Delay = 0.00>
ST_1 : Operation 15 [1/1] (0.00ns)   --->   "%zext_ln232 = zext i10 %p_read415"   --->   Operation 15 'zext' 'zext_ln232' <Predicate = true> <Delay = 0.00>
ST_1 : Operation 16 [1/1] (0.00ns)   --->   "%zext_ln232_7 = zext i10 %p_read_17"   --->   Operation 16 'zext' 'zext_ln232_7' <Predicate = true> <Delay = 0.00>
ST_1 : Operation 17 [1/1] (0.78ns)   --->   "%ret_V = add i11 %zext_ln232_7, i11 %zext_ln232"   --->   Operation 17 'add' 'ret_V' <Predicate = true> <Delay = 0.78> <CoreInst = "Adder">   --->   Core 1 'Adder' <Latency = 0> <II = 1> <Delay = 0.78> <FuncUnit> <Opcode : 'add' 'sub'> <InPorts = 2> <OutPorts = 1>
ST_1 : Operation 18 [1/1] (0.00ns)   --->   "%lshr_ln = partselect i10 @_ssdm_op_PartSelect.i10.i11.i32.i32, i11 %ret_V, i32 1, i32 10" [../../../../../overlays/Vitis_Libraries/vision//L1/include/imgproc/xf_demosaicing.hpp:115]   --->   Operation 18 'partselect' 'lshr_ln' <Predicate = true> <Delay = 0.00>
ST_1 : Operation 19 [1/1] (0.00ns)   --->   "%zext_ln115 = zext i10 %lshr_ln" [../../../../../overlays/Vitis_Libraries/vision//L1/include/imgproc/xf_demosaicing.hpp:115]   --->   Operation 19 'zext' 'zext_ln115' <Predicate = true> <Delay = 0.00>
ST_1 : Operation 20 [1/1] (0.00ns)   --->   "%zext_ln232_8 = zext i10 %p_read11"   --->   Operation 20 'zext' 'zext_ln232_8' <Predicate = true> <Delay = 0.00>
ST_1 : Operation 21 [1/1] (0.00ns)   --->   "%zext_ln232_9 = zext i10 %p_read112"   --->   Operation 21 'zext' 'zext_ln232_9' <Predicate = true> <Delay = 0.00>
ST_1 : Operation 22 [1/1] (0.78ns)   --->   "%ret_V_31 = add i11 %zext_ln232_9, i11 %zext_ln232_8"   --->   Operation 22 'add' 'ret_V_31' <Predicate = true> <Delay = 0.78> <CoreInst = "Adder">   --->   Core 1 'Adder' <Latency = 0> <II = 1> <Delay = 0.78> <FuncUnit> <Opcode : 'add' 'sub'> <InPorts = 2> <OutPorts = 1>
ST_1 : Operation 23 [1/1] (0.00ns)   --->   "%zext_ln232_10 = zext i11 %ret_V_31"   --->   Operation 23 'zext' 'zext_ln232_10' <Predicate = true> <Delay = 0.00>
ST_1 : Operation 24 [1/1] (0.00ns)   --->   "%zext_ln1541 = zext i10 %p_read314"   --->   Operation 24 'zext' 'zext_ln1541' <Predicate = true> <Delay = 0.00>
ST_1 : Operation 25 [1/1] (0.00ns)   --->   "%zext_ln1541_12 = zext i10 %p_read_16"   --->   Operation 25 'zext' 'zext_ln1541_12' <Predicate = true> <Delay = 0.00>
ST_1 : Operation 26 [1/1] (0.78ns)   --->   "%add_ln1541 = add i11 %zext_ln1541, i11 %zext_ln1541_12"   --->   Operation 26 'add' 'add_ln1541' <Predicate = true> <Delay = 0.78> <CoreInst = "Adder">   --->   Core 1 'Adder' <Latency = 0> <II = 1> <Delay = 0.78> <FuncUnit> <Opcode : 'add' 'sub'> <InPorts = 2> <OutPorts = 1>
ST_1 : Operation 27 [1/1] (0.00ns)   --->   "%zext_ln1541_13 = zext i11 %add_ln1541"   --->   Operation 27 'zext' 'zext_ln1541_13' <Predicate = true> <Delay = 0.00>
ST_1 : Operation 28 [1/1] (0.79ns)   --->   "%ret_V_32 = add i12 %zext_ln1541_13, i12 %zext_ln232_10"   --->   Operation 28 'add' 'ret_V_32' <Predicate = true> <Delay = 0.79> <CoreInst = "Adder">   --->   Core 1 'Adder' <Latency = 0> <II = 1> <Delay = 0.79> <FuncUnit> <Opcode : 'add' 'sub'> <InPorts = 2> <OutPorts = 1>
ST_1 : Operation 29 [1/1] (0.00ns)   --->   "%zext_ln1541_9 = zext i12 %ret_V_32"   --->   Operation 29 'zext' 'zext_ln1541_9' <Predicate = true> <Delay = 0.00>
ST_1 : Operation 30 [1/1] (0.00ns)   --->   "%zext_ln1541_14 = zext i10 %p_read_14"   --->   Operation 30 'zext' 'zext_ln1541_14' <Predicate = true> <Delay = 0.00>
ST_1 : Operation 31 [1/1] (0.00ns)   --->   "%zext_ln1541_15 = zext i10 %p_read_13"   --->   Operation 31 'zext' 'zext_ln1541_15' <Predicate = true> <Delay = 0.00>
ST_1 : Operation 32 [1/1] (0.78ns)   --->   "%add_ln1541_6 = add i11 %zext_ln1541_14, i11 %zext_ln1541_15"   --->   Operation 32 'add' 'add_ln1541_6' <Predicate = true> <Delay = 0.78> <CoreInst = "Adder">   --->   Core 1 'Adder' <Latency = 0> <II = 1> <Delay = 0.78> <FuncUnit> <Opcode : 'add' 'sub'> <InPorts = 2> <OutPorts = 1>
ST_1 : Operation 33 [1/1] (0.00ns)   --->   "%zext_ln1541_16 = zext i11 %add_ln1541_6"   --->   Operation 33 'zext' 'zext_ln1541_16' <Predicate = true> <Delay = 0.00>
ST_1 : Operation 34 [1/1] (0.80ns)   --->   "%ret_V_29 = add i13 %zext_ln1541_16, i13 %zext_ln1541_9"   --->   Operation 34 'add' 'ret_V_29' <Predicate = true> <Delay = 0.80> <CoreInst = "Adder">   --->   Core 1 'Adder' <Latency = 0> <II = 1> <Delay = 0.80> <FuncUnit> <Opcode : 'add' 'sub'> <InPorts = 2> <OutPorts = 1>
ST_1 : Operation 35 [1/1] (0.00ns)   --->   "%zext_ln232_11 = zext i10 %p_read213"   --->   Operation 35 'zext' 'zext_ln232_11' <Predicate = true> <Delay = 0.00>
ST_1 : Operation 36 [1/1] (0.00ns)   --->   "%zext_ln232_12 = zext i10 %p_read_15"   --->   Operation 36 'zext' 'zext_ln232_12' <Predicate = true> <Delay = 0.00>
ST_1 : Operation 37 [1/1] (0.78ns)   --->   "%ret_V_30 = add i11 %zext_ln232_12, i11 %zext_ln232_11"   --->   Operation 37 'add' 'ret_V_30' <Predicate = true> <Delay = 0.78> <CoreInst = "Adder">   --->   Core 1 'Adder' <Latency = 0> <II = 1> <Delay = 0.78> <FuncUnit> <Opcode : 'add' 'sub'> <InPorts = 2> <OutPorts = 1>
ST_1 : Operation 38 [1/1] (0.00ns)   --->   "%zext_ln114_1 = zext i10 %p_read516" [../../../../../overlays/Vitis_Libraries/vision//L1/include/imgproc/xf_demosaicing.hpp:114]   --->   Operation 38 'zext' 'zext_ln114_1' <Predicate = true> <Delay = 0.00>
ST_1 : Operation 39 [1/1] (0.00ns)   --->   "%shl_ln2 = bitconcatenate i12 @_ssdm_op_BitConcatenate.i12.i10.i2, i10 %p_read516, i2 0" [../../../../../overlays/Vitis_Libraries/vision//L1/include/imgproc/xf_demosaicing.hpp:114]   --->   Operation 39 'bitconcatenate' 'shl_ln2' <Predicate = true> <Delay = 0.00>
ST_1 : Operation 40 [1/1] (0.00ns)   --->   "%zext_ln115_1 = zext i12 %shl_ln2" [../../../../../overlays/Vitis_Libraries/vision//L1/include/imgproc/xf_demosaicing.hpp:115]   --->   Operation 40 'zext' 'zext_ln115_1' <Predicate = true> <Delay = 0.00>
ST_1 : Operation 41 [1/1] (0.78ns)   --->   "%add_ln115 = add i11 %zext_ln115, i11 %zext_ln114_1" [../../../../../overlays/Vitis_Libraries/vision//L1/include/imgproc/xf_demosaicing.hpp:115]   --->   Operation 41 'add' 'add_ln115' <Predicate = true> <Delay = 0.78> <CoreInst = "Adder">   --->   Core 1 'Adder' <Latency = 0> <II = 1> <Delay = 0.78> <FuncUnit> <Opcode : 'add' 'sub'> <InPorts = 2> <OutPorts = 1>
ST_1 : Operation 42 [1/1] (0.00ns)   --->   "%zext_ln115_4 = zext i11 %add_ln115" [../../../../../overlays/Vitis_Libraries/vision//L1/include/imgproc/xf_demosaicing.hpp:115]   --->   Operation 42 'zext' 'zext_ln115_4' <Predicate = true> <Delay = 0.00>
ST_1 : Operation 43 [1/1] (0.80ns)   --->   "%add_ln115_1 = add i13 %zext_ln115_4, i13 %zext_ln115_1" [../../../../../overlays/Vitis_Libraries/vision//L1/include/imgproc/xf_demosaicing.hpp:115]   --->   Operation 43 'add' 'add_ln115_1' <Predicate = true> <Delay = 0.80> <CoreInst = "Adder">   --->   Core 1 'Adder' <Latency = 0> <II = 1> <Delay = 0.80> <FuncUnit> <Opcode : 'add' 'sub'> <InPorts = 2> <OutPorts = 1>

State 2 <SV = 1> <Delay = 1.65>
ST_2 : Operation 44 [1/1] (0.00ns)   --->   "%shl_ln = bitconcatenate i13 @_ssdm_op_BitConcatenate.i13.i11.i2, i11 %ret_V_30, i2 0" [../../../../../overlays/Vitis_Libraries/vision//L1/include/imgproc/xf_demosaicing.hpp:115]   --->   Operation 44 'bitconcatenate' 'shl_ln' <Predicate = true> <Delay = 0.00>
ST_2 : Operation 45 [1/1] (0.00ns)   --->   "%zext_ln114 = zext i13 %shl_ln" [../../../../../overlays/Vitis_Libraries/vision//L1/include/imgproc/xf_demosaicing.hpp:114]   --->   Operation 45 'zext' 'zext_ln114' <Predicate = true> <Delay = 0.00>
ST_2 : Operation 46 [1/1] (0.00ns)   --->   "%zext_ln115_2 = zext i13 %add_ln115_1" [../../../../../overlays/Vitis_Libraries/vision//L1/include/imgproc/xf_demosaicing.hpp:115]   --->   Operation 46 'zext' 'zext_ln115_2' <Predicate = true> <Delay = 0.00>
ST_2 : Operation 47 [1/1] (0.82ns)   --->   "%add_ln115_2 = add i14 %zext_ln115_2, i14 %zext_ln114" [../../../../../overlays/Vitis_Libraries/vision//L1/include/imgproc/xf_demosaicing.hpp:115]   --->   Operation 47 'add' 'add_ln115_2' <Predicate = true> <Delay = 0.82> <CoreInst = "Adder">   --->   Core 1 'Adder' <Latency = 0> <II = 1> <Delay = 0.82> <FuncUnit> <Opcode : 'add' 'sub'> <InPorts = 2> <OutPorts = 1>
ST_2 : Operation 48 [1/1] (0.00ns)   --->   "%zext_ln115_3 = zext i14 %add_ln115_2" [../../../../../overlays/Vitis_Libraries/vision//L1/include/imgproc/xf_demosaicing.hpp:115]   --->   Operation 48 'zext' 'zext_ln115_3' <Predicate = true> <Delay = 0.00>
ST_2 : Operation 49 [1/1] (0.00ns)   --->   "%zext_ln116 = zext i13 %ret_V_29" [../../../../../overlays/Vitis_Libraries/vision//L1/include/imgproc/xf_demosaicing.hpp:116]   --->   Operation 49 'zext' 'zext_ln116' <Predicate = true> <Delay = 0.00>
ST_2 : Operation 50 [1/1] (0.83ns)   --->   "%sub_ln116 = sub i15 %zext_ln115_3, i15 %zext_ln116" [../../../../../overlays/Vitis_Libraries/vision//L1/include/imgproc/xf_demosaicing.hpp:116]   --->   Operation 50 'sub' 'sub_ln116' <Predicate = true> <Delay = 0.83> <CoreInst = "Adder">   --->   Core 1 'Adder' <Latency = 0> <II = 1> <Delay = 0.83> <FuncUnit> <Opcode : 'add' 'sub'> <InPorts = 2> <OutPorts = 1>
ST_2 : Operation 51 [1/1] (0.00ns)   --->   "%tmp = bitselect i1 @_ssdm_op_BitSelect.i1.i15.i32, i15 %sub_ln116, i32 14" [../../../../../overlays/Vitis_Libraries/vision//L1/include/imgproc/xf_demosaicing.hpp:116]   --->   Operation 51 'bitselect' 'tmp' <Predicate = true> <Delay = 0.00>
ST_2 : Operation 52 [1/1] (0.00ns)   --->   "%trunc_ln116_2 = partselect i12 @_ssdm_op_PartSelect.i12.i15.i32.i32, i15 %sub_ln116, i32 3, i32 14" [../../../../../overlays/Vitis_Libraries/vision//L1/include/imgproc/xf_demosaicing.hpp:116]   --->   Operation 52 'partselect' 'trunc_ln116_2' <Predicate = true> <Delay = 0.00>

State 3 <SV = 2> <Delay = 2.19>
ST_3 : Operation 53 [1/1] (0.84ns)   --->   "%sub_ln116_1 = sub i15 0, i15 %sub_ln116" [../../../../../overlays/Vitis_Libraries/vision//L1/include/imgproc/xf_demosaicing.hpp:116]   --->   Operation 53 'sub' 'sub_ln116_1' <Predicate = (tmp)> <Delay = 0.84> <CoreInst = "Adder">   --->   Core 1 'Adder' <Latency = 0> <II = 1> <Delay = 0.84> <FuncUnit> <Opcode : 'add' 'sub'> <InPorts = 2> <OutPorts = 1>
ST_3 : Operation 54 [1/1] (0.00ns)   --->   "%trunc_ln116_1 = partselect i12 @_ssdm_op_PartSelect.i12.i15.i32.i32, i15 %sub_ln116_1, i32 3, i32 14" [../../../../../overlays/Vitis_Libraries/vision//L1/include/imgproc/xf_demosaicing.hpp:116]   --->   Operation 54 'partselect' 'trunc_ln116_1' <Predicate = (tmp)> <Delay = 0.00>
ST_3 : Operation 55 [1/1] (0.00ns)   --->   "%sext_ln116 = sext i12 %trunc_ln116_1" [../../../../../overlays/Vitis_Libraries/vision//L1/include/imgproc/xf_demosaicing.hpp:116]   --->   Operation 55 'sext' 'sext_ln116' <Predicate = (tmp)> <Delay = 0.00>
ST_3 : Operation 56 [1/1] (0.00ns)   --->   "%zext_ln116_1 = zext i13 %sext_ln116" [../../../../../overlays/Vitis_Libraries/vision//L1/include/imgproc/xf_demosaicing.hpp:116]   --->   Operation 56 'zext' 'zext_ln116_1' <Predicate = (tmp)> <Delay = 0.00>
ST_3 : Operation 57 [1/1] (0.82ns)   --->   "%sub_ln116_2 = sub i14 0, i14 %zext_ln116_1" [../../../../../overlays/Vitis_Libraries/vision//L1/include/imgproc/xf_demosaicing.hpp:116]   --->   Operation 57 'sub' 'sub_ln116_2' <Predicate = (tmp)> <Delay = 0.82> <CoreInst = "Adder">   --->   Core 1 'Adder' <Latency = 0> <II = 1> <Delay = 0.82> <FuncUnit> <Opcode : 'add' 'sub'> <InPorts = 2> <OutPorts = 1>
ST_3 : Operation 58 [1/1] (0.00ns)   --->   "%sext_ln116_1 = sext i12 %trunc_ln116_2" [../../../../../overlays/Vitis_Libraries/vision//L1/include/imgproc/xf_demosaicing.hpp:116]   --->   Operation 58 'sext' 'sext_ln116_1' <Predicate = (!tmp)> <Delay = 0.00>
ST_3 : Operation 59 [1/1] (0.00ns)   --->   "%zext_ln116_2 = zext i13 %sext_ln116_1" [../../../../../overlays/Vitis_Libraries/vision//L1/include/imgproc/xf_demosaicing.hpp:116]   --->   Operation 59 'zext' 'zext_ln116_2' <Predicate = (!tmp)> <Delay = 0.00>
ST_3 : Operation 60 [1/1] (0.23ns)   --->   "%res = select i1 %tmp, i14 %sub_ln116_2, i14 %zext_ln116_2" [../../../../../overlays/Vitis_Libraries/vision//L1/include/imgproc/xf_demosaicing.hpp:116]   --->   Operation 60 'select' 'res' <Predicate = true> <Delay = 0.23> <CoreInst = "Sel">   --->   Core 73 'Sel' <Latency = 0> <II = 1> <Delay = 0.23> <FuncUnit> <Opcode : 'select'> <InPorts = 3> <OutPorts = 1>
ST_3 : Operation 61 [1/1] (0.00ns)   --->   "%trunc_ln115 = trunc i14 %res" [../../../../../overlays/Vitis_Libraries/vision//L1/include/imgproc/xf_demosaicing.hpp:115]   --->   Operation 61 'trunc' 'trunc_ln115' <Predicate = true> <Delay = 0.00>
ST_3 : Operation 62 [1/1] (0.00ns)   --->   "%tmp_43 = bitselect i1 @_ssdm_op_BitSelect.i1.i14.i32, i14 %res, i32 13" [../../../../../overlays/Vitis_Libraries/vision//L1/include/imgproc/xf_demosaicing.hpp:117]   --->   Operation 62 'bitselect' 'tmp_43' <Predicate = true> <Delay = 0.00>
ST_3 : Operation 63 [1/1] (0.30ns)   --->   "%select_ln117 = select i1 %tmp_43, i13 0, i13 %trunc_ln115" [../../../../../overlays/Vitis_Libraries/vision//L1/include/imgproc/xf_demosaicing.hpp:117]   --->   Operation 63 'select' 'select_ln117' <Predicate = true> <Delay = 0.30> <CoreInst = "Sel">   --->   Core 73 'Sel' <Latency = 0> <II = 1> <Delay = 0.30> <FuncUnit> <Opcode : 'select'> <InPorts = 3> <OutPorts = 1>
ST_3 : Operation 64 [1/1] (0.00ns)   --->   "%ret_ln119 = ret i13 %select_ln117" [../../../../../overlays/Vitis_Libraries/vision//L1/include/imgproc/xf_demosaicing.hpp:119]   --->   Operation 64 'ret' 'ret_ln119' <Predicate = true> <Delay = 0.00>


============================================================
+ Verbose Summary: Timing violations
============================================================
Target clock period: 3.3ns, clock uncertainty: 0.891ns.

 <State 1>: 2.39ns
The critical path consists of the following:
	wire read operation ('p_read_16') on port 'p_read7' [15]  (0 ns)
	'add' operation ('add_ln1541') [34]  (0.787 ns)
	'add' operation ('ret.V') [36]  (0.798 ns)
	'add' operation ('ret.V') [42]  (0.809 ns)

 <State 2>: 1.65ns
The critical path consists of the following:
	'add' operation ('add_ln115_2', ../../../../../overlays/Vitis_Libraries/vision//L1/include/imgproc/xf_demosaicing.hpp:115) [55]  (0.82 ns)
	'sub' operation ('sub_ln116', ../../../../../overlays/Vitis_Libraries/vision//L1/include/imgproc/xf_demosaicing.hpp:116) [58]  (0.831 ns)

 <State 3>: 2.2ns
The critical path consists of the following:
	'sub' operation ('sub_ln116_1', ../../../../../overlays/Vitis_Libraries/vision//L1/include/imgproc/xf_demosaicing.hpp:116) [60]  (0.842 ns)
	'sub' operation ('sub_ln116_2', ../../../../../overlays/Vitis_Libraries/vision//L1/include/imgproc/xf_demosaicing.hpp:116) [64]  (0.82 ns)
	'select' operation ('res', ../../../../../overlays/Vitis_Libraries/vision//L1/include/imgproc/xf_demosaicing.hpp:116) [68]  (0.232 ns)
	'select' operation ('select_ln117', ../../../../../overlays/Vitis_Libraries/vision//L1/include/imgproc/xf_demosaicing.hpp:117) [71]  (0.303 ns)


============================================================
+ Verbose Summary: Binding
============================================================
N/A
* FSMD analyzer results:
  - Output states:
 - Input state : 
  - Chain level:
	State 1
	State 2
	State 3


============================================================
+ Verbose Summary: Datapath Resource usage 
============================================================
N/A
