

================================================================
== Vitis HLS Report for 'xfccmkernel_17_1080_1920_21_1_11_11_1920_2_s'
================================================================
* Date:           Wed Sep  4 19:39:11 2024

* Version:        2022.1 (Build 3526262 on Mon Apr 18 15:47:01 MDT 2022)
* Project:        isppipeline.prj
* Solution:       sol1 (Vivado IP Flow Target)
* Product family: zynquplus
* Target device:  xck26-sfvc784-2LV-c


================================================================
== Performance Estimates
================================================================
+ Timing: 
    * Summary: 
    +--------+---------+----------+------------+
    |  Clock |  Target | Estimated| Uncertainty|
    +--------+---------+----------+------------+
    |ap_clk  |  3.30 ns|  2.371 ns|     0.89 ns|
    +--------+---------+----------+------------+

+ Latency: 
    * Summary: 
    +---------+---------+----------+----------+---------+---------+---------+
    |  Latency (cycles) |  Latency (absolute) |      Interval     | Pipeline|
    |   min   |   max   |    min   |    max   |   min   |   max   |   Type  |
    +---------+---------+----------+----------+---------+---------+---------+
    |  2084401|  2084401|  6.879 ms|  6.879 ms|  2084401|  2084401|       no|
    +---------+---------+----------+----------+---------+---------+---------+

    + Detail: 
        * Instance: 
        N/A

        * Loop: 
        +-----------+---------+---------+----------+-----------+-----------+------+----------+
        |           |  Latency (cycles) | Iteration|  Initiation Interval  | Trip |          |
        | Loop Name |   min   |   max   |  Latency |  achieved |   target  | Count| Pipelined|
        +-----------+---------+---------+----------+-----------+-----------+------+----------+
        |- rowLoop  |  2084400|  2084400|      1930|          -|          -|  1080|        no|
        +-----------+---------+---------+----------+-----------+-----------+------+----------+

============================================================
+ Verbose Summary: Synthesis Manager
============================================================
InlineROM: 1
ExposeGlobal: 0
============================================================
+ Verbose Summary: CDFG Model
============================================================
IsTopModel: 0
ResetActiveHigh: 1
IsCombinational: 0
IsDatapathOnly: 0
HasWiredReturn: 1
HasMFsm: 0
HasVarLatency: 1
IsPipeline: 0
IsRtlPipelined: 0
IsInstanceOverlapped: 0
IsDontTouch: 0
HasImplIP: 0
IsGatedGlobalClock: 0


============================================================
+ Verbose Summary: Schedule
============================================================
* Number of FSM states : 3
* Pipeline : 0
* Dataflow Pipeline: 0

* FSM state transitions: 
1 --> 2 
2 --> 3 
3 --> 2 

* FSM state operations: 

State 1 <SV = 0> <Delay = 0.42>
ST_1 : Operation 4 [1/1] (0.00ns)   --->   "%i_V = alloca i32 1"   --->   Operation 4 'alloca' 'i_V' <Predicate = true> <Delay = 0.00>
ST_1 : Operation 5 [1/1] (0.00ns)   --->   "%specinterface_ln0 = specinterface void @_ssdm_op_SpecInterface, i30 %ltm_in_data242, void @empty_36, i32 0, i32 0, void @empty_18, i32 0, i32 0, void @empty_18, void @empty_18, void @empty_18, i32 0, i32 0, i32 0, i32 0, void @empty_18, void @empty_18, i32 4294967295, i32 0"   --->   Operation 5 'specinterface' 'specinterface_ln0' <Predicate = true> <Delay = 0.00>
ST_1 : Operation 6 [1/1] (0.00ns)   --->   "%specinterface_ln0 = specinterface void @_ssdm_op_SpecInterface, i30 %lsc_out_data243, void @empty_36, i32 0, i32 0, void @empty_18, i32 0, i32 0, void @empty_18, void @empty_18, void @empty_18, i32 0, i32 0, i32 0, i32 0, void @empty_18, void @empty_18, i32 4294967295, i32 0"   --->   Operation 6 'specinterface' 'specinterface_ln0' <Predicate = true> <Delay = 0.00>
ST_1 : Operation 7 [1/1] (0.00ns)   --->   "%width_read = read i11 @_ssdm_op_Read.ap_auto.i11, i11 %width" [../../../../../overlays/Vitis_Libraries/vision//L1/include/imgproc/xf_colorcorrectionmatrix.hpp:134]   --->   Operation 7 'read' 'width_read' <Predicate = true> <Delay = 0.00>
ST_1 : Operation 8 [1/1] (0.00ns)   --->   "%height_read = read i11 @_ssdm_op_Read.ap_auto.i11, i11 %height" [../../../../../overlays/Vitis_Libraries/vision//L1/include/imgproc/xf_colorcorrectionmatrix.hpp:134]   --->   Operation 8 'read' 'height_read' <Predicate = true> <Delay = 0.00>
ST_1 : Operation 9 [1/1] (0.42ns)   --->   "%store_ln238 = store i11 0, i11 %i_V" [../../../../../overlays/Vitis_Libraries/vision//L1/include/imgproc/xf_colorcorrectionmatrix.hpp:238]   --->   Operation 9 'store' 'store_ln238' <Predicate = true> <Delay = 0.42>
ST_1 : Operation 10 [1/1] (0.00ns)   --->   "%br_ln238 = br void %colLoop" [../../../../../overlays/Vitis_Libraries/vision//L1/include/imgproc/xf_colorcorrectionmatrix.hpp:238]   --->   Operation 10 'br' 'br_ln238' <Predicate = true> <Delay = 0.00>

State 2 <SV = 1> <Delay = 2.31>
ST_2 : Operation 11 [1/1] (0.00ns)   --->   "%i_V_1 = load i11 %i_V"   --->   Operation 11 'load' 'i_V_1' <Predicate = true> <Delay = 0.00>
ST_2 : Operation 12 [1/1] (0.94ns)   --->   "%icmp_ln238 = icmp_eq  i11 %i_V_1, i11 %height_read" [../../../../../overlays/Vitis_Libraries/vision//L1/include/imgproc/xf_colorcorrectionmatrix.hpp:238]   --->   Operation 12 'icmp' 'icmp_ln238' <Predicate = true> <Delay = 0.94> <CoreInst = "Cmp">   --->   Core 9 'Cmp' <Latency = 0> <II = 1> <Delay = 0.94> <FuncUnit> <Opcode : 'icmp'> <InPorts = 2> <OutPorts = 1>
ST_2 : Operation 13 [1/1] (0.79ns)   --->   "%i_V_2 = add i11 %i_V_1, i11 1"   --->   Operation 13 'add' 'i_V_2' <Predicate = true> <Delay = 0.79> <CoreInst = "Adder">   --->   Core 1 'Adder' <Latency = 0> <II = 1> <Delay = 0.79> <FuncUnit> <Opcode : 'add' 'sub'> <InPorts = 2> <OutPorts = 1>
ST_2 : Operation 14 [1/1] (0.00ns)   --->   "%br_ln238 = br i1 %icmp_ln238, void %colLoop.split, void %for.end404.loopexit" [../../../../../overlays/Vitis_Libraries/vision//L1/include/imgproc/xf_colorcorrectionmatrix.hpp:238]   --->   Operation 14 'br' 'br_ln238' <Predicate = true> <Delay = 0.00>
ST_2 : Operation 15 [1/1] (0.00ns)   --->   "%empty = wait i32 @_ssdm_op_Wait"   --->   Operation 15 'wait' 'empty' <Predicate = (!icmp_ln238)> <Delay = 0.00>
ST_2 : Operation 16 [2/2] (1.37ns)   --->   "%call_ln134 = call void @xfccmkernel<17, 1080, 1920, 21, 1, 11, 11, 1920, 2>_Pipeline_colLoop, i11 %width_read, i30 %ltm_in_data242, i30 %lsc_out_data243" [../../../../../overlays/Vitis_Libraries/vision//L1/include/imgproc/xf_colorcorrectionmatrix.hpp:134]   --->   Operation 16 'call' 'call_ln134' <Predicate = (!icmp_ln238)> <Delay = 1.37> <CoreType = "Generic">   --->   Core 0 '' <Latency = 0> <II = 1> <Delay = 1.00> <Generic> <Opcode : >
ST_2 : Operation 17 [1/1] (0.42ns)   --->   "%store_ln238 = store i11 %i_V_2, i11 %i_V" [../../../../../overlays/Vitis_Libraries/vision//L1/include/imgproc/xf_colorcorrectionmatrix.hpp:238]   --->   Operation 17 'store' 'store_ln238' <Predicate = (!icmp_ln238)> <Delay = 0.42>
ST_2 : Operation 18 [1/1] (0.00ns)   --->   "%ret_ln289 = ret" [../../../../../overlays/Vitis_Libraries/vision//L1/include/imgproc/xf_colorcorrectionmatrix.hpp:289]   --->   Operation 18 'ret' 'ret_ln289' <Predicate = (icmp_ln238)> <Delay = 0.00>

State 3 <SV = 2> <Delay = 0.00>
ST_3 : Operation 19 [1/1] (0.00ns)   --->   "%speclooptripcount_ln240 = speclooptripcount void @_ssdm_op_SpecLoopTripCount, i64 1080, i64 1080, i64 1080" [../../../../../overlays/Vitis_Libraries/vision//L1/include/imgproc/xf_colorcorrectionmatrix.hpp:240]   --->   Operation 19 'speclooptripcount' 'speclooptripcount_ln240' <Predicate = true> <Delay = 0.00>
ST_3 : Operation 20 [1/1] (0.00ns)   --->   "%specloopname_ln230 = specloopname void @_ssdm_op_SpecLoopName, void @empty_17" [../../../../../overlays/Vitis_Libraries/vision//L1/include/imgproc/xf_colorcorrectionmatrix.hpp:230]   --->   Operation 20 'specloopname' 'specloopname_ln230' <Predicate = true> <Delay = 0.00>
ST_3 : Operation 21 [1/2] (0.00ns)   --->   "%call_ln134 = call void @xfccmkernel<17, 1080, 1920, 21, 1, 11, 11, 1920, 2>_Pipeline_colLoop, i11 %width_read, i30 %ltm_in_data242, i30 %lsc_out_data243" [../../../../../overlays/Vitis_Libraries/vision//L1/include/imgproc/xf_colorcorrectionmatrix.hpp:134]   --->   Operation 21 'call' 'call_ln134' <Predicate = true> <Delay = 0.00> <CoreType = "Generic">   --->   Core 0 '' <Latency = 0> <II = 1> <Delay = 1.00> <Generic> <Opcode : >
ST_3 : Operation 22 [1/1] (0.00ns)   --->   "%br_ln238 = br void %colLoop" [../../../../../overlays/Vitis_Libraries/vision//L1/include/imgproc/xf_colorcorrectionmatrix.hpp:238]   --->   Operation 22 'br' 'br_ln238' <Predicate = true> <Delay = 0.00>


============================================================
+ Verbose Summary: Timing violations
============================================================
Target clock period: 3.3ns, clock uncertainty: 0.891ns.

 <State 1>: 0.427ns
The critical path consists of the following:
	'alloca' operation ('i.V') [5]  (0 ns)
	'store' operation ('store_ln238', ../../../../../overlays/Vitis_Libraries/vision//L1/include/imgproc/xf_colorcorrectionmatrix.hpp:238) of constant 0 on local variable 'i.V' [10]  (0.427 ns)

 <State 2>: 2.31ns
The critical path consists of the following:
	'call' operation ('call_ln134', ../../../../../overlays/Vitis_Libraries/vision//L1/include/imgproc/xf_colorcorrectionmatrix.hpp:134) to 'xfccmkernel<17, 1080, 1920, 21, 1, 11, 11, 1920, 2>_Pipeline_colLoop' [21]  (1.37 ns)
	blocking operation 0.944 ns on control path)

 <State 3>: 0ns
The critical path consists of the following:


============================================================
+ Verbose Summary: Binding
============================================================
N/A
* FSMD analyzer results:
  - Output states:
 - Input state : 
  - Chain level:
	State 1
	State 2
	State 3


============================================================
+ Verbose Summary: Datapath Resource usage 
============================================================
N/A
